2023-06-16 22:51:56.104 [info] Reading sessions from secret storage...
2023-06-16 22:51:56.104 [info] Got 0 stored sessions
2023-06-16 22:51:56.104 [info] Getting sessions for all scopes...
2023-06-16 22:51:56.104 [info] Got 0 sessions for all scopes...
2023-06-16 22:51:56.104 [info] Getting sessions for the following scopes: email offline_access openid profile
2023-06-16 22:51:56.104 [info] Got 0 sessions for scopes: email offline_access openid profile
2023-06-16 22:52:41.816 [info] Reading sessions from secret storage...
2023-06-16 22:52:41.816 [info] Got 0 stored sessions
2023-06-16 22:52:41.816 [info] Getting sessions for all scopes...
2023-06-16 22:52:41.816 [info] Got 0 sessions for all scopes...
2023-06-16 22:52:41.816 [info] Getting sessions for the following scopes: email offline_access openid profile
2023-06-16 22:52:41.816 [info] Got 0 sessions for scopes: email offline_access openid profile
2023-06-16 23:28:46.016 [info] Reading sessions from secret storage...
2023-06-16 23:28:46.016 [info] Got 0 stored sessions
2023-06-16 23:28:46.016 [info] Getting sessions for all scopes...
2023-06-16 23:28:46.016 [info] Got 0 sessions for all scopes...
2023-06-16 23:28:46.016 [info] Getting sessions for the following scopes: email offline_access openid profile
2023-06-16 23:28:46.016 [info] Got 0 sessions for scopes: email offline_access openid profile
2023-06-16 23:38:17.306 [info] Reading sessions from secret storage...
2023-06-16 23:38:17.306 [info] Got 0 stored sessions
2023-06-16 23:38:17.306 [info] Getting sessions for all scopes...
2023-06-16 23:38:17.306 [info] Got 0 sessions for all scopes...
2023-06-16 23:38:17.306 [info] Getting sessions for the following scopes: email offline_access openid profile
2023-06-16 23:38:17.306 [info] Got 0 sessions for scopes: email offline_access openid profile
