2023-06-16 22:51:56.102 [info] Reading sessions from keychain...
2023-06-16 22:51:56.102 [info] Getting sessions for all scopes...
2023-06-16 22:51:56.102 [info] Getting sessions for user:email...
2023-06-16 22:51:56.102 [info] Got 0 sessions for ...
2023-06-16 22:51:56.102 [info] Got 0 sessions for user:email...
2023-06-16 22:51:56.146 [info] Getting sessions for all scopes...
2023-06-16 22:51:56.146 [info] Got 0 sessions for ...
2023-06-16 22:52:41.678 [info] Reading sessions from keychain...
2023-06-16 22:52:41.678 [info] Getting sessions for all scopes...
2023-06-16 22:52:41.678 [info] Getting sessions for user:email...
2023-06-16 22:52:41.678 [info] Got 0 sessions for ...
2023-06-16 22:52:41.678 [info] Got 0 sessions for user:email...
2023-06-16 22:52:41.819 [info] Getting sessions for all scopes...
2023-06-16 22:52:41.819 [info] Got 0 sessions for ...
2023-06-16 23:28:45.997 [info] Reading sessions from keychain...
2023-06-16 23:28:45.997 [info] Getting sessions for all scopes...
2023-06-16 23:28:45.997 [info] Getting sessions for user:email...
2023-06-16 23:28:45.997 [info] Got 0 sessions for ...
2023-06-16 23:28:45.997 [info] Got 0 sessions for user:email...
2023-06-16 23:28:46.014 [info] Getting sessions for all scopes...
2023-06-16 23:28:46.014 [info] Got 0 sessions for ...
2023-06-16 23:28:46.023 [info] Getting sessions for all scopes...
2023-06-16 23:28:46.023 [info] Got 0 sessions for ...
2023-06-16 23:38:17.270 [info] Reading sessions from keychain...
2023-06-16 23:38:17.270 [info] Getting sessions for all scopes...
2023-06-16 23:38:17.270 [info] Got 0 sessions for ...
2023-06-16 23:38:17.271 [info] Getting sessions for user:email...
2023-06-16 23:38:17.271 [info] Got 0 sessions for user:email...
2023-06-16 23:38:17.287 [info] Getting sessions for all scopes...
2023-06-16 23:38:17.287 [info] Got 0 sessions for ...
2023-06-16 23:38:17.318 [info] Getting sessions for all scopes...
2023-06-16 23:38:17.318 [info] Got 0 sessions for ...
