2023-06-16 22:51:54.821 [info] Added views:workbench.panel.markers.view in workbench.panel.markers
2023-06-16 22:51:54.821 [info] Added views:workbench.panel.output in workbench.panel.output
2023-06-16 22:51:54.821 [info] Added views:terminal in terminal
2023-06-16 22:51:54.821 [info] Added views:outline in workbench.view.explorer
2023-06-16 22:51:54.821 [info] Added views:workbench.scm in workbench.view.scm
2023-06-16 22:51:54.821 [info] Added views:workbench.view.search in workbench.view.search
2023-06-16 22:51:54.821 [info] Added views:timeline in workbench.view.explorer
2023-06-16 22:51:54.821 [info] Added views:workbench.explorer.emptyView in workbench.view.explorer
2023-06-16 22:51:55.506 [info] Added views:workbench.debug.variablesView,workbench.debug.watchExpressionsView,workbench.debug.callStackView,workbench.debug.breakPointsView in workbench.view.debug
2023-06-16 22:51:55.523 [info] Added views:workbench.panel.repl.view in workbench.panel.repl
2023-06-16 22:51:55.524 [info] Removed views:workbench.debug.breakPointsView,workbench.debug.callStackView,workbench.debug.watchExpressionsView,workbench.debug.variablesView from workbench.view.debug
2023-06-16 22:51:55.525 [info] Added views:workbench.debug.welcome in workbench.view.debug
2023-06-16 22:52:41.060 [info] Added views:workbench.panel.markers.view in workbench.panel.markers
2023-06-16 22:52:41.060 [info] Added views:workbench.panel.output in workbench.panel.output
2023-06-16 22:52:41.060 [info] Added views:terminal in terminal
2023-06-16 22:52:41.060 [info] Added views:outline in workbench.view.explorer
2023-06-16 22:52:41.060 [info] Added views:workbench.scm in workbench.view.scm
2023-06-16 22:52:41.060 [info] Added views:workbench.view.search in workbench.view.search
2023-06-16 22:52:41.060 [info] Added views:timeline in workbench.view.explorer
2023-06-16 22:52:41.060 [info] Added views:workbench.explorer.fileView in workbench.view.explorer
2023-06-16 22:52:41.400 [info] Added views:workbench.debug.variablesView,workbench.debug.watchExpressionsView,workbench.debug.callStackView,workbench.debug.breakPointsView in workbench.view.debug
2023-06-16 22:52:41.603 [info] Added views:workbench.panel.repl.view in workbench.panel.repl
2023-06-16 22:52:41.605 [info] Removed views:workbench.debug.breakPointsView,workbench.debug.callStackView,workbench.debug.watchExpressionsView,workbench.debug.variablesView from workbench.view.debug
2023-06-16 22:52:41.606 [info] Added views:workbench.debug.welcome in workbench.view.debug
2023-06-16 23:28:45.137 [info] Added views:workbench.panel.markers.view in workbench.panel.markers
2023-06-16 23:28:45.137 [info] Added views:workbench.panel.output in workbench.panel.output
2023-06-16 23:28:45.137 [info] Added views:terminal in terminal
2023-06-16 23:28:45.137 [info] Added views:outline in workbench.view.explorer
2023-06-16 23:28:45.137 [info] Added views:workbench.scm in workbench.view.scm
2023-06-16 23:28:45.137 [info] Added views:workbench.view.search in workbench.view.search
2023-06-16 23:28:45.137 [info] Added views:timeline in workbench.view.explorer
2023-06-16 23:28:45.137 [info] Added views:workbench.explorer.fileView in workbench.view.explorer
2023-06-16 23:28:45.573 [info] Added views:workbench.debug.variablesView,workbench.debug.watchExpressionsView,workbench.debug.callStackView,workbench.debug.breakPointsView in workbench.view.debug
2023-06-16 23:28:45.640 [info] Added views:workbench.panel.repl.view in workbench.panel.repl
2023-06-16 23:28:45.644 [info] Removed views:workbench.debug.breakPointsView,workbench.debug.callStackView,workbench.debug.watchExpressionsView,workbench.debug.variablesView from workbench.view.debug
2023-06-16 23:28:45.645 [info] Added views:workbench.debug.welcome in workbench.view.debug
2023-06-16 23:38:15.773 [info] Added views:workbench.panel.markers.view in workbench.panel.markers
2023-06-16 23:38:15.773 [info] Added views:workbench.panel.output in workbench.panel.output
2023-06-16 23:38:15.773 [info] Added views:terminal in terminal
2023-06-16 23:38:15.773 [info] Added views:outline in workbench.view.explorer
2023-06-16 23:38:15.773 [info] Added views:workbench.scm in workbench.view.scm
2023-06-16 23:38:15.773 [info] Added views:workbench.view.search in workbench.view.search
2023-06-16 23:38:15.773 [info] Added views:timeline in workbench.view.explorer
2023-06-16 23:38:15.773 [info] Added views:workbench.explorer.fileView in workbench.view.explorer
2023-06-16 23:38:15.970 [info] Added views:workbench.debug.welcome in workbench.view.debug
2023-06-16 23:38:16.454 [info] Added views:workbench.panel.repl.view in workbench.panel.repl
2023-06-17 00:07:12.649 [info] Added views:workbench.views.extensions.installed,workbench.views.extensions.popular,extensions.recommendedList in workbench.view.extensions
2023-06-17 00:07:12.661 [info] Removed views:workbench.views.extensions.popular from workbench.view.extensions
2023-06-17 00:07:12.980 [info] Added views:workbench.views.extensions.popular in workbench.view.extensions
2023-06-17 00:07:20.990 [info] Removed views:extensions.recommendedList,workbench.views.extensions.popular,workbench.views.extensions.installed from workbench.view.extensions
2023-06-17 00:07:21.004 [info] Added views:workbench.views.extensions.marketplace in workbench.view.extensions
2023-06-17 00:08:07.286 [info] Removed views:workbench.views.extensions.marketplace from workbench.view.extensions
2023-06-17 00:08:07.323 [info] Added views:workbench.views.extensions.installed,workbench.views.extensions.popular,extensions.recommendedList in workbench.view.extensions
2023-06-17 00:08:10.457 [info] Removed views:extensions.recommendedList,workbench.views.extensions.popular,workbench.views.extensions.installed from workbench.view.extensions
2023-06-17 00:08:10.474 [info] Added views:workbench.views.extensions.marketplace in workbench.view.extensions
