2023-06-16 22:51:55.475 [info] Extension host with pid 13476 started
2023-06-16 22:51:55.526 [info] ExtensionService#_doActivateExtension vscode.git-base, startup: true, activationEvent: '*', root cause: vscode.git
2023-06-16 22:51:55.576 [info] ExtensionService#_doActivateExtension vscode.git, startup: true, activationEvent: '*'
2023-06-16 22:51:55.668 [info] ExtensionService#_doActivateExtension vscode.github, startup: true, activationEvent: '*'
2023-06-16 22:51:55.746 [info] Eager extensions activated
2023-06-16 22:51:55.747 [info] ExtensionService#_doActivateExtension vscode.github-authentication, startup: false, activationEvent: 'onAuthenticationRequest:github'
2023-06-16 22:51:55.806 [info] ExtensionService#_doActivateExtension vscode.debug-auto-launch, startup: false, activationEvent: 'onStartupFinished'
2023-06-16 22:51:55.810 [info] ExtensionService#_doActivateExtension vscode.merge-conflict, startup: false, activationEvent: 'onStartupFinished'
2023-06-16 22:51:56.040 [info] ExtensionService#_doActivateExtension vscode.microsoft-authentication, startup: false, activationEvent: 'onAuthenticationRequest:microsoft'
2023-06-16 22:51:58.059 [info] ExtensionService#_doActivateExtension vscode.json-language-features, startup: false, activationEvent: 'onLanguage:jsonc'
2023-06-16 22:51:58.138 [info] ExtensionService#_doActivateExtension vscode.typescript-language-features, startup: false, activationEvent: 'onLanguage:jsonc'
2023-06-16 22:51:58.194 [info] ExtensionService#_doActivateExtension vscode.emmet, startup: false, activationEvent: 'onLanguage'
2023-06-16 22:52:40.525 [info] Extension host terminating: renderer closed the MessagePort
2023-06-16 22:52:40.543 [info] Extension host with pid 13476 exiting with code 0
2023-06-16 22:52:41.559 [info] Extension host with pid 13702 started
2023-06-16 22:52:41.559 [info] Skipping acquiring lock for /home/seb/.config/Code/User/workspaceStorage/4e81ddb0803f59bdf81b13609911e307.
2023-06-16 22:52:41.602 [info] ExtensionService#_doActivateExtension vscode.github-authentication, startup: false, activationEvent: 'onAuthenticationRequest:github'
2023-06-16 22:52:41.647 [info] ExtensionService#_doActivateExtension vscode.git-base, startup: true, activationEvent: '*'
2023-06-16 22:52:41.652 [info] ExtensionService#_doActivateExtension vscode.github, startup: true, activationEvent: '*'
2023-06-16 22:52:41.663 [info] ExtensionService#_doActivateExtension vscode.microsoft-authentication, startup: false, activationEvent: 'onAuthenticationRequest:microsoft'
2023-06-16 22:52:41.678 [info] Eager extensions activated
2023-06-16 22:52:41.737 [info] ExtensionService#_doActivateExtension vscode.debug-auto-launch, startup: false, activationEvent: 'onStartupFinished'
2023-06-16 22:52:41.739 [info] ExtensionService#_doActivateExtension vscode.merge-conflict, startup: false, activationEvent: 'onStartupFinished'
2023-06-16 22:52:43.917 [info] ExtensionService#_doActivateExtension vscode.git, startup: false, activationEvent: 'api', root cause: vscode.github
2023-06-16 22:52:46.038 [info] ExtensionService#_doActivateExtension vscode.emmet, startup: false, activationEvent: 'onLanguage'
2023-06-16 22:52:47.825 [info] ExtensionService#_doActivateExtension vscode.extension-editing, startup: false, activationEvent: 'onLanguage:markdown'
2023-06-16 22:52:47.844 [info] ExtensionService#_doActivateExtension vscode.markdown-language-features, startup: false, activationEvent: 'onLanguage:markdown'
2023-06-16 22:52:48.294 [info] ExtensionService#_doActivateExtension vscode.markdown-math, startup: false, activationEvent: 'api', root cause: vscode.markdown-language-features
2023-06-16 22:53:52.618 [info] ExtensionService#_doActivateExtension vscode.npm, startup: false, activationEvent: 'onTerminalQuickFixRequest:ms-vscode.npm-command'
2023-06-16 23:28:44.444 [info] Extension host terminating: renderer closed the MessagePort
2023-06-16 23:28:44.463 [error] Canceled: Canceled
	at new l (/usr/share/code/resources/app/out/vs/workbench/api/node/extensionHostProcess.js:99:105905)
	at s.O (/usr/share/code/resources/app/out/vs/workbench/api/node/extensionHostProcess.js:111:11754)
	at $.<computed>.j.charCodeAt.$.<computed> (/usr/share/code/resources/app/out/vs/workbench/api/node/extensionHostProcess.js:111:9029)
	at e.ExtHostCommands.g (/usr/share/code/resources/app/out/vs/workbench/api/node/extensionHostProcess.js:99:130078)
	at e.ExtHostCommands.executeCommand (/usr/share/code/resources/app/out/vs/workbench/api/node/extensionHostProcess.js:99:129454)
	at k.registerCommand.description (/usr/share/code/resources/app/out/vs/workbench/api/node/extensionHostProcess.js:99:128747)
	at e.ExtHostCommands.h (/usr/share/code/resources/app/out/vs/workbench/api/node/extensionHostProcess.js:99:130664)
	at e.ExtHostCommands.g (/usr/share/code/resources/app/out/vs/workbench/api/node/extensionHostProcess.js:99:129554)
	at e.ExtHostCommands.executeCommand (/usr/share/code/resources/app/out/vs/workbench/api/node/extensionHostProcess.js:99:129454)
	at Object.executeCommand (/usr/share/code/resources/app/out/vs/workbench/api/node/extensionHostProcess.js:117:24230)
	at D (/usr/share/code/resources/app/extensions/git/dist/main.js:2:1261288)
	at b.invoke (/usr/share/code/resources/app/out/vs/workbench/api/node/extensionHostProcess.js:63:145)
	at d.deliver (/usr/share/code/resources/app/out/vs/workbench/api/node/extensionHostProcess.js:63:2121)
	at n.fire (/usr/share/code/resources/app/out/vs/workbench/api/node/extensionHostProcess.js:63:1729)
	at Object.m [as dispose] (/usr/share/code/resources/app/extensions/git/dist/main.js:2:1276121)
	at /usr/share/code/resources/app/extensions/git/dist/main.js:2:1280622
	at Array.forEach (<anonymous>)
	at g.dispose (/usr/share/code/resources/app/extensions/git/dist/main.js:2:1280608)
	at r.<anonymous> (/usr/share/code/resources/app/out/vs/workbench/api/node/extensionHostProcess.js:97:12552)
	at r.dispose (/usr/share/code/resources/app/out/vs/workbench/api/node/extensionHostProcess.js:97:12687)
	at r.<anonymous> (/usr/share/code/resources/app/extensions/git/dist/main.js:2:1263418)
	at r.dispose (/usr/share/code/resources/app/out/vs/workbench/api/node/extensionHostProcess.js:97:12687)
	at I (/usr/share/code/resources/app/out/vs/workbench/api/node/extensionHostProcess.js:10:12083)
	at n.Z (/usr/share/code/resources/app/out/vs/workbench/api/node/extensionHostProcess.js:113:11285)
	at /usr/share/code/resources/app/out/vs/workbench/api/node/extensionHostProcess.js:113:9187
	at Array.map (<anonymous>)
	at n.S (/usr/share/code/resources/app/out/vs/workbench/api/node/extensionHostProcess.js:113:9175)
	at n.terminate (/usr/share/code/resources/app/out/vs/workbench/api/node/extensionHostProcess.js:113:9445)
	at h.terminate (/usr/share/code/resources/app/out/vs/workbench/api/node/extensionHostProcess.js:117:1544)
	at p (/usr/share/code/resources/app/out/vs/workbench/api/node/extensionHostProcess.js:127:34497)
	at MessagePortMain.<anonymous> (/usr/share/code/resources/app/out/vs/workbench/api/node/extensionHostProcess.js:127:30636)
	at MessagePortMain.emit (node:events:513:28)
	at MessagePortMain._internalPort.emit (node:electron/js2c/utility_init:2:367) setContext undefined
2023-06-16 23:28:44.463 [error] Canceled: Canceled
	at new l (/usr/share/code/resources/app/out/vs/workbench/api/node/extensionHostProcess.js:99:105905)
	at s.O (/usr/share/code/resources/app/out/vs/workbench/api/node/extensionHostProcess.js:111:11754)
	at $.<computed>.j.charCodeAt.$.<computed> (/usr/share/code/resources/app/out/vs/workbench/api/node/extensionHostProcess.js:111:9029)
	at e.ExtHostCommands.g (/usr/share/code/resources/app/out/vs/workbench/api/node/extensionHostProcess.js:99:130078)
	at e.ExtHostCommands.executeCommand (/usr/share/code/resources/app/out/vs/workbench/api/node/extensionHostProcess.js:99:129454)
	at k.registerCommand.description (/usr/share/code/resources/app/out/vs/workbench/api/node/extensionHostProcess.js:99:128747)
	at e.ExtHostCommands.h (/usr/share/code/resources/app/out/vs/workbench/api/node/extensionHostProcess.js:99:130664)
	at e.ExtHostCommands.g (/usr/share/code/resources/app/out/vs/workbench/api/node/extensionHostProcess.js:99:129554)
	at e.ExtHostCommands.executeCommand (/usr/share/code/resources/app/out/vs/workbench/api/node/extensionHostProcess.js:99:129454)
	at Object.executeCommand (/usr/share/code/resources/app/out/vs/workbench/api/node/extensionHostProcess.js:117:24230)
	at D (/usr/share/code/resources/app/extensions/git/dist/main.js:2:1261288)
	at b.invoke (/usr/share/code/resources/app/out/vs/workbench/api/node/extensionHostProcess.js:63:145)
	at d.deliver (/usr/share/code/resources/app/out/vs/workbench/api/node/extensionHostProcess.js:63:2121)
	at n.fire (/usr/share/code/resources/app/out/vs/workbench/api/node/extensionHostProcess.js:63:1729)
	at Object.m [as dispose] (/usr/share/code/resources/app/extensions/git/dist/main.js:2:1276121)
	at /usr/share/code/resources/app/extensions/git/dist/main.js:2:1280622
	at Array.forEach (<anonymous>)
	at g.dispose (/usr/share/code/resources/app/extensions/git/dist/main.js:2:1280608)
	at r.<anonymous> (/usr/share/code/resources/app/out/vs/workbench/api/node/extensionHostProcess.js:97:12552)
	at r.dispose (/usr/share/code/resources/app/out/vs/workbench/api/node/extensionHostProcess.js:97:12687)
	at r.<anonymous> (/usr/share/code/resources/app/extensions/git/dist/main.js:2:1263418)
	at r.dispose (/usr/share/code/resources/app/out/vs/workbench/api/node/extensionHostProcess.js:97:12687)
	at I (/usr/share/code/resources/app/out/vs/workbench/api/node/extensionHostProcess.js:10:12083)
	at n.Z (/usr/share/code/resources/app/out/vs/workbench/api/node/extensionHostProcess.js:113:11285)
	at /usr/share/code/resources/app/out/vs/workbench/api/node/extensionHostProcess.js:113:9187
	at Array.map (<anonymous>)
	at n.S (/usr/share/code/resources/app/out/vs/workbench/api/node/extensionHostProcess.js:113:9175)
	at n.terminate (/usr/share/code/resources/app/out/vs/workbench/api/node/extensionHostProcess.js:113:9445)
	at h.terminate (/usr/share/code/resources/app/out/vs/workbench/api/node/extensionHostProcess.js:117:1544)
	at p (/usr/share/code/resources/app/out/vs/workbench/api/node/extensionHostProcess.js:127:34497)
	at MessagePortMain.<anonymous> (/usr/share/code/resources/app/out/vs/workbench/api/node/extensionHostProcess.js:127:30636)
	at MessagePortMain.emit (node:events:513:28)
	at MessagePortMain._internalPort.emit (node:electron/js2c/utility_init:2:367) setContext undefined
2023-06-16 23:28:44.463 [error] Canceled: Canceled
	at new l (/usr/share/code/resources/app/out/vs/workbench/api/node/extensionHostProcess.js:99:105905)
	at s.O (/usr/share/code/resources/app/out/vs/workbench/api/node/extensionHostProcess.js:111:11754)
	at $.<computed>.j.charCodeAt.$.<computed> (/usr/share/code/resources/app/out/vs/workbench/api/node/extensionHostProcess.js:111:9029)
	at e.ExtHostCommands.g (/usr/share/code/resources/app/out/vs/workbench/api/node/extensionHostProcess.js:99:130078)
	at e.ExtHostCommands.executeCommand (/usr/share/code/resources/app/out/vs/workbench/api/node/extensionHostProcess.js:99:129454)
	at k.registerCommand.description (/usr/share/code/resources/app/out/vs/workbench/api/node/extensionHostProcess.js:99:128747)
	at e.ExtHostCommands.h (/usr/share/code/resources/app/out/vs/workbench/api/node/extensionHostProcess.js:99:130664)
	at e.ExtHostCommands.g (/usr/share/code/resources/app/out/vs/workbench/api/node/extensionHostProcess.js:99:129554)
	at e.ExtHostCommands.executeCommand (/usr/share/code/resources/app/out/vs/workbench/api/node/extensionHostProcess.js:99:129454)
	at Object.executeCommand (/usr/share/code/resources/app/out/vs/workbench/api/node/extensionHostProcess.js:117:24230)
	at D (/usr/share/code/resources/app/extensions/git/dist/main.js:2:1261288)
	at b.invoke (/usr/share/code/resources/app/out/vs/workbench/api/node/extensionHostProcess.js:63:145)
	at d.deliver (/usr/share/code/resources/app/out/vs/workbench/api/node/extensionHostProcess.js:63:2121)
	at n.fire (/usr/share/code/resources/app/out/vs/workbench/api/node/extensionHostProcess.js:63:1729)
	at Object.m [as dispose] (/usr/share/code/resources/app/extensions/git/dist/main.js:2:1276121)
	at /usr/share/code/resources/app/extensions/git/dist/main.js:2:1280622
	at Array.forEach (<anonymous>)
	at g.dispose (/usr/share/code/resources/app/extensions/git/dist/main.js:2:1280608)
	at r.<anonymous> (/usr/share/code/resources/app/out/vs/workbench/api/node/extensionHostProcess.js:97:12552)
	at r.dispose (/usr/share/code/resources/app/out/vs/workbench/api/node/extensionHostProcess.js:97:12687)
	at r.<anonymous> (/usr/share/code/resources/app/extensions/git/dist/main.js:2:1263418)
	at r.dispose (/usr/share/code/resources/app/out/vs/workbench/api/node/extensionHostProcess.js:97:12687)
	at I (/usr/share/code/resources/app/out/vs/workbench/api/node/extensionHostProcess.js:10:12083)
	at n.Z (/usr/share/code/resources/app/out/vs/workbench/api/node/extensionHostProcess.js:113:11285)
	at /usr/share/code/resources/app/out/vs/workbench/api/node/extensionHostProcess.js:113:9187
	at Array.map (<anonymous>)
	at n.S (/usr/share/code/resources/app/out/vs/workbench/api/node/extensionHostProcess.js:113:9175)
	at n.terminate (/usr/share/code/resources/app/out/vs/workbench/api/node/extensionHostProcess.js:113:9445)
	at h.terminate (/usr/share/code/resources/app/out/vs/workbench/api/node/extensionHostProcess.js:117:1544)
	at p (/usr/share/code/resources/app/out/vs/workbench/api/node/extensionHostProcess.js:127:34497)
	at MessagePortMain.<anonymous> (/usr/share/code/resources/app/out/vs/workbench/api/node/extensionHostProcess.js:127:30636)
	at MessagePortMain.emit (node:events:513:28)
	at MessagePortMain._internalPort.emit (node:electron/js2c/utility_init:2:367) setContext undefined
2023-06-16 23:28:44.464 [error] Canceled: Canceled
	at new l (/usr/share/code/resources/app/out/vs/workbench/api/node/extensionHostProcess.js:99:105905)
	at s.O (/usr/share/code/resources/app/out/vs/workbench/api/node/extensionHostProcess.js:111:11754)
	at $.<computed>.j.charCodeAt.$.<computed> (/usr/share/code/resources/app/out/vs/workbench/api/node/extensionHostProcess.js:111:9029)
	at e.ExtHostCommands.g (/usr/share/code/resources/app/out/vs/workbench/api/node/extensionHostProcess.js:99:130078)
	at e.ExtHostCommands.executeCommand (/usr/share/code/resources/app/out/vs/workbench/api/node/extensionHostProcess.js:99:129454)
	at k.registerCommand.description (/usr/share/code/resources/app/out/vs/workbench/api/node/extensionHostProcess.js:99:128747)
	at e.ExtHostCommands.h (/usr/share/code/resources/app/out/vs/workbench/api/node/extensionHostProcess.js:99:130664)
	at e.ExtHostCommands.g (/usr/share/code/resources/app/out/vs/workbench/api/node/extensionHostProcess.js:99:129554)
	at e.ExtHostCommands.executeCommand (/usr/share/code/resources/app/out/vs/workbench/api/node/extensionHostProcess.js:99:129454)
	at Object.executeCommand (/usr/share/code/resources/app/out/vs/workbench/api/node/extensionHostProcess.js:117:24230)
	at D (/usr/share/code/resources/app/extensions/git/dist/main.js:2:1261288)
	at b.invoke (/usr/share/code/resources/app/out/vs/workbench/api/node/extensionHostProcess.js:63:145)
	at d.deliver (/usr/share/code/resources/app/out/vs/workbench/api/node/extensionHostProcess.js:63:2121)
	at n.fire (/usr/share/code/resources/app/out/vs/workbench/api/node/extensionHostProcess.js:63:1729)
	at Object.m [as dispose] (/usr/share/code/resources/app/extensions/git/dist/main.js:2:1276121)
	at /usr/share/code/resources/app/extensions/git/dist/main.js:2:1280622
	at Array.forEach (<anonymous>)
	at g.dispose (/usr/share/code/resources/app/extensions/git/dist/main.js:2:1280608)
	at r.<anonymous> (/usr/share/code/resources/app/out/vs/workbench/api/node/extensionHostProcess.js:97:12552)
	at r.dispose (/usr/share/code/resources/app/out/vs/workbench/api/node/extensionHostProcess.js:97:12687)
	at r.<anonymous> (/usr/share/code/resources/app/extensions/git/dist/main.js:2:1263418)
	at r.dispose (/usr/share/code/resources/app/out/vs/workbench/api/node/extensionHostProcess.js:97:12687)
	at I (/usr/share/code/resources/app/out/vs/workbench/api/node/extensionHostProcess.js:10:12083)
	at n.Z (/usr/share/code/resources/app/out/vs/workbench/api/node/extensionHostProcess.js:113:11285)
	at /usr/share/code/resources/app/out/vs/workbench/api/node/extensionHostProcess.js:113:9187
	at Array.map (<anonymous>)
	at n.S (/usr/share/code/resources/app/out/vs/workbench/api/node/extensionHostProcess.js:113:9175)
	at n.terminate (/usr/share/code/resources/app/out/vs/workbench/api/node/extensionHostProcess.js:113:9445)
	at h.terminate (/usr/share/code/resources/app/out/vs/workbench/api/node/extensionHostProcess.js:117:1544)
	at p (/usr/share/code/resources/app/out/vs/workbench/api/node/extensionHostProcess.js:127:34497)
	at MessagePortMain.<anonymous> (/usr/share/code/resources/app/out/vs/workbench/api/node/extensionHostProcess.js:127:30636)
	at MessagePortMain.emit (node:events:513:28)
	at MessagePortMain._internalPort.emit (node:electron/js2c/utility_init:2:367) setContext undefined
2023-06-16 23:28:44.464 [error] Canceled: Canceled
	at new l (/usr/share/code/resources/app/out/vs/workbench/api/node/extensionHostProcess.js:99:105905)
	at s.O (/usr/share/code/resources/app/out/vs/workbench/api/node/extensionHostProcess.js:111:11754)
	at $.<computed>.j.charCodeAt.$.<computed> (/usr/share/code/resources/app/out/vs/workbench/api/node/extensionHostProcess.js:111:9029)
	at e.ExtHostCommands.g (/usr/share/code/resources/app/out/vs/workbench/api/node/extensionHostProcess.js:99:130078)
	at e.ExtHostCommands.executeCommand (/usr/share/code/resources/app/out/vs/workbench/api/node/extensionHostProcess.js:99:129454)
	at k.registerCommand.description (/usr/share/code/resources/app/out/vs/workbench/api/node/extensionHostProcess.js:99:128747)
	at e.ExtHostCommands.h (/usr/share/code/resources/app/out/vs/workbench/api/node/extensionHostProcess.js:99:130664)
	at e.ExtHostCommands.g (/usr/share/code/resources/app/out/vs/workbench/api/node/extensionHostProcess.js:99:129554)
	at e.ExtHostCommands.executeCommand (/usr/share/code/resources/app/out/vs/workbench/api/node/extensionHostProcess.js:99:129454)
	at Object.executeCommand (/usr/share/code/resources/app/out/vs/workbench/api/node/extensionHostProcess.js:117:24230)
	at D (/usr/share/code/resources/app/extensions/git/dist/main.js:2:1261288)
	at b.invoke (/usr/share/code/resources/app/out/vs/workbench/api/node/extensionHostProcess.js:63:145)
	at d.deliver (/usr/share/code/resources/app/out/vs/workbench/api/node/extensionHostProcess.js:63:2121)
	at n.fire (/usr/share/code/resources/app/out/vs/workbench/api/node/extensionHostProcess.js:63:1729)
	at Object.m [as dispose] (/usr/share/code/resources/app/extensions/git/dist/main.js:2:1276121)
	at /usr/share/code/resources/app/extensions/git/dist/main.js:2:1280622
	at Array.forEach (<anonymous>)
	at g.dispose (/usr/share/code/resources/app/extensions/git/dist/main.js:2:1280608)
	at r.<anonymous> (/usr/share/code/resources/app/out/vs/workbench/api/node/extensionHostProcess.js:97:12552)
	at r.dispose (/usr/share/code/resources/app/out/vs/workbench/api/node/extensionHostProcess.js:97:12687)
	at r.<anonymous> (/usr/share/code/resources/app/extensions/git/dist/main.js:2:1263418)
	at r.dispose (/usr/share/code/resources/app/out/vs/workbench/api/node/extensionHostProcess.js:97:12687)
	at I (/usr/share/code/resources/app/out/vs/workbench/api/node/extensionHostProcess.js:10:12083)
	at n.Z (/usr/share/code/resources/app/out/vs/workbench/api/node/extensionHostProcess.js:113:11285)
	at /usr/share/code/resources/app/out/vs/workbench/api/node/extensionHostProcess.js:113:9187
	at Array.map (<anonymous>)
	at n.S (/usr/share/code/resources/app/out/vs/workbench/api/node/extensionHostProcess.js:113:9175)
	at n.terminate (/usr/share/code/resources/app/out/vs/workbench/api/node/extensionHostProcess.js:113:9445)
	at h.terminate (/usr/share/code/resources/app/out/vs/workbench/api/node/extensionHostProcess.js:117:1544)
	at p (/usr/share/code/resources/app/out/vs/workbench/api/node/extensionHostProcess.js:127:34497)
	at MessagePortMain.<anonymous> (/usr/share/code/resources/app/out/vs/workbench/api/node/extensionHostProcess.js:127:30636)
	at MessagePortMain.emit (node:events:513:28)
	at MessagePortMain._internalPort.emit (node:electron/js2c/utility_init:2:367) setContext undefined
2023-06-16 23:28:44.465 [error] Canceled: Canceled
	at new l (/usr/share/code/resources/app/out/vs/workbench/api/node/extensionHostProcess.js:99:105905)
	at s.O (/usr/share/code/resources/app/out/vs/workbench/api/node/extensionHostProcess.js:111:11754)
	at $.<computed>.j.charCodeAt.$.<computed> (/usr/share/code/resources/app/out/vs/workbench/api/node/extensionHostProcess.js:111:9029)
	at e.ExtHostCommands.g (/usr/share/code/resources/app/out/vs/workbench/api/node/extensionHostProcess.js:99:130078)
	at e.ExtHostCommands.executeCommand (/usr/share/code/resources/app/out/vs/workbench/api/node/extensionHostProcess.js:99:129454)
	at k.registerCommand.description (/usr/share/code/resources/app/out/vs/workbench/api/node/extensionHostProcess.js:99:128747)
	at e.ExtHostCommands.h (/usr/share/code/resources/app/out/vs/workbench/api/node/extensionHostProcess.js:99:130664)
	at e.ExtHostCommands.g (/usr/share/code/resources/app/out/vs/workbench/api/node/extensionHostProcess.js:99:129554)
	at e.ExtHostCommands.executeCommand (/usr/share/code/resources/app/out/vs/workbench/api/node/extensionHostProcess.js:99:129454)
	at Object.executeCommand (/usr/share/code/resources/app/out/vs/workbench/api/node/extensionHostProcess.js:117:24230)
	at set b [as b] (/usr/share/code/resources/app/extensions/github/dist/extension.js:2:152873)
	at /usr/share/code/resources/app/extensions/github/dist/extension.js:2:153583
	at /usr/share/code/resources/app/extensions/git/dist/main.js:2:1348881
	at b.invoke (/usr/share/code/resources/app/out/vs/workbench/api/node/extensionHostProcess.js:63:145)
	at d.deliver (/usr/share/code/resources/app/out/vs/workbench/api/node/extensionHostProcess.js:63:2121)
	at n.fire (/usr/share/code/resources/app/out/vs/workbench/api/node/extensionHostProcess.js:63:1729)
	at Object.m [as dispose] (/usr/share/code/resources/app/extensions/git/dist/main.js:2:1276121)
	at /usr/share/code/resources/app/extensions/git/dist/main.js:2:1280622
	at Array.forEach (<anonymous>)
	at g.dispose (/usr/share/code/resources/app/extensions/git/dist/main.js:2:1280608)
	at r.<anonymous> (/usr/share/code/resources/app/out/vs/workbench/api/node/extensionHostProcess.js:97:12552)
	at r.dispose (/usr/share/code/resources/app/out/vs/workbench/api/node/extensionHostProcess.js:97:12687)
	at r.<anonymous> (/usr/share/code/resources/app/extensions/git/dist/main.js:2:1263418)
	at r.dispose (/usr/share/code/resources/app/out/vs/workbench/api/node/extensionHostProcess.js:97:12687)
	at I (/usr/share/code/resources/app/out/vs/workbench/api/node/extensionHostProcess.js:10:12083)
	at n.Z (/usr/share/code/resources/app/out/vs/workbench/api/node/extensionHostProcess.js:113:11285)
	at /usr/share/code/resources/app/out/vs/workbench/api/node/extensionHostProcess.js:113:9187
	at Array.map (<anonymous>)
	at n.S (/usr/share/code/resources/app/out/vs/workbench/api/node/extensionHostProcess.js:113:9175)
	at n.terminate (/usr/share/code/resources/app/out/vs/workbench/api/node/extensionHostProcess.js:113:9445)
	at h.terminate (/usr/share/code/resources/app/out/vs/workbench/api/node/extensionHostProcess.js:117:1544)
	at p (/usr/share/code/resources/app/out/vs/workbench/api/node/extensionHostProcess.js:127:34497)
	at MessagePortMain.<anonymous> (/usr/share/code/resources/app/out/vs/workbench/api/node/extensionHostProcess.js:127:30636)
	at MessagePortMain.emit (node:events:513:28)
	at MessagePortMain._internalPort.emit (node:electron/js2c/utility_init:2:367) setContext undefined
2023-06-16 23:28:44.466 [info] Extension host with pid 13702 exiting with code 0
2023-06-16 23:28:45.582 [info] Extension host with pid 20439 started
2023-06-16 23:28:45.582 [info] Skipping acquiring lock for /home/seb/.config/Code/User/workspaceStorage/f27798a2e80054f330a50e45e6e9b4d8.
2023-06-16 23:28:45.647 [info] ExtensionService#_doActivateExtension vscode.git-base, startup: true, activationEvent: '*', root cause: vscode.git
2023-06-16 23:28:45.689 [info] ExtensionService#_doActivateExtension vscode.git, startup: true, activationEvent: '*'
2023-06-16 23:28:45.721 [info] ExtensionService#_doActivateExtension vscode.github, startup: true, activationEvent: '*'
2023-06-16 23:28:45.766 [info] Eager extensions activated
2023-06-16 23:28:45.784 [info] ExtensionService#_doActivateExtension vscode.debug-auto-launch, startup: false, activationEvent: 'onStartupFinished'
2023-06-16 23:28:45.786 [info] ExtensionService#_doActivateExtension vscode.merge-conflict, startup: false, activationEvent: 'onStartupFinished'
2023-06-16 23:28:45.889 [info] ExtensionService#_doActivateExtension vscode.github-authentication, startup: false, activationEvent: 'onAuthenticationRequest:github'
2023-06-16 23:28:45.982 [info] ExtensionService#_doActivateExtension vscode.microsoft-authentication, startup: false, activationEvent: 'onAuthenticationRequest:microsoft'
2023-06-16 23:28:50.878 [info] ExtensionService#_doActivateExtension vscode.emmet, startup: false, activationEvent: 'onLanguage'
2023-06-16 23:31:31.102 [info] ExtensionService#_doActivateExtension vscode.npm, startup: false, activationEvent: 'onTerminalQuickFixRequest:ms-vscode.npm-command'
2023-06-16 23:34:37.752 [info] ExtensionService#_doActivateExtension vscode.extension-editing, startup: false, activationEvent: 'onLanguage:markdown'
2023-06-16 23:34:37.758 [info] ExtensionService#_doActivateExtension vscode.markdown-language-features, startup: false, activationEvent: 'onLanguage:markdown'
2023-06-16 23:34:38.193 [info] ExtensionService#_doActivateExtension vscode.markdown-math, startup: false, activationEvent: 'api', root cause: vscode.markdown-language-features
2023-06-16 23:38:15.117 [info] Extension host terminating: renderer closed the MessagePort
2023-06-16 23:38:15.140 [error] Canceled: Canceled
	at new l (/usr/share/code/resources/app/out/vs/workbench/api/node/extensionHostProcess.js:99:105905)
	at s.O (/usr/share/code/resources/app/out/vs/workbench/api/node/extensionHostProcess.js:111:11754)
	at $.<computed>.j.charCodeAt.$.<computed> (/usr/share/code/resources/app/out/vs/workbench/api/node/extensionHostProcess.js:111:9029)
	at e.ExtHostCommands.g (/usr/share/code/resources/app/out/vs/workbench/api/node/extensionHostProcess.js:99:130078)
	at e.ExtHostCommands.executeCommand (/usr/share/code/resources/app/out/vs/workbench/api/node/extensionHostProcess.js:99:129454)
	at k.registerCommand.description (/usr/share/code/resources/app/out/vs/workbench/api/node/extensionHostProcess.js:99:128747)
	at e.ExtHostCommands.h (/usr/share/code/resources/app/out/vs/workbench/api/node/extensionHostProcess.js:99:130664)
	at e.ExtHostCommands.g (/usr/share/code/resources/app/out/vs/workbench/api/node/extensionHostProcess.js:99:129554)
	at e.ExtHostCommands.executeCommand (/usr/share/code/resources/app/out/vs/workbench/api/node/extensionHostProcess.js:99:129454)
	at Object.executeCommand (/usr/share/code/resources/app/out/vs/workbench/api/node/extensionHostProcess.js:117:24230)
	at D (/usr/share/code/resources/app/extensions/git/dist/main.js:2:1261288)
	at b.invoke (/usr/share/code/resources/app/out/vs/workbench/api/node/extensionHostProcess.js:63:145)
	at d.deliver (/usr/share/code/resources/app/out/vs/workbench/api/node/extensionHostProcess.js:63:2121)
	at n.fire (/usr/share/code/resources/app/out/vs/workbench/api/node/extensionHostProcess.js:63:1729)
	at Object.m [as dispose] (/usr/share/code/resources/app/extensions/git/dist/main.js:2:1276121)
	at /usr/share/code/resources/app/extensions/git/dist/main.js:2:1280622
	at Array.forEach (<anonymous>)
	at g.dispose (/usr/share/code/resources/app/extensions/git/dist/main.js:2:1280608)
	at r.<anonymous> (/usr/share/code/resources/app/out/vs/workbench/api/node/extensionHostProcess.js:97:12552)
	at r.dispose (/usr/share/code/resources/app/out/vs/workbench/api/node/extensionHostProcess.js:97:12687)
	at r.<anonymous> (/usr/share/code/resources/app/extensions/git/dist/main.js:2:1263418)
	at r.dispose (/usr/share/code/resources/app/out/vs/workbench/api/node/extensionHostProcess.js:97:12687)
	at I (/usr/share/code/resources/app/out/vs/workbench/api/node/extensionHostProcess.js:10:12083)
	at n.Z (/usr/share/code/resources/app/out/vs/workbench/api/node/extensionHostProcess.js:113:11285)
	at /usr/share/code/resources/app/out/vs/workbench/api/node/extensionHostProcess.js:113:9187
	at Array.map (<anonymous>)
	at n.S (/usr/share/code/resources/app/out/vs/workbench/api/node/extensionHostProcess.js:113:9175)
	at n.terminate (/usr/share/code/resources/app/out/vs/workbench/api/node/extensionHostProcess.js:113:9445)
	at h.terminate (/usr/share/code/resources/app/out/vs/workbench/api/node/extensionHostProcess.js:117:1544)
	at p (/usr/share/code/resources/app/out/vs/workbench/api/node/extensionHostProcess.js:127:34497)
	at MessagePortMain.<anonymous> (/usr/share/code/resources/app/out/vs/workbench/api/node/extensionHostProcess.js:127:30636)
	at MessagePortMain.emit (node:events:513:28)
	at MessagePortMain._internalPort.emit (node:electron/js2c/utility_init:2:367) setContext undefined
2023-06-16 23:38:15.141 [error] Canceled: Canceled
	at new l (/usr/share/code/resources/app/out/vs/workbench/api/node/extensionHostProcess.js:99:105905)
	at s.O (/usr/share/code/resources/app/out/vs/workbench/api/node/extensionHostProcess.js:111:11754)
	at $.<computed>.j.charCodeAt.$.<computed> (/usr/share/code/resources/app/out/vs/workbench/api/node/extensionHostProcess.js:111:9029)
	at e.ExtHostCommands.g (/usr/share/code/resources/app/out/vs/workbench/api/node/extensionHostProcess.js:99:130078)
	at e.ExtHostCommands.executeCommand (/usr/share/code/resources/app/out/vs/workbench/api/node/extensionHostProcess.js:99:129454)
	at k.registerCommand.description (/usr/share/code/resources/app/out/vs/workbench/api/node/extensionHostProcess.js:99:128747)
	at e.ExtHostCommands.h (/usr/share/code/resources/app/out/vs/workbench/api/node/extensionHostProcess.js:99:130664)
	at e.ExtHostCommands.g (/usr/share/code/resources/app/out/vs/workbench/api/node/extensionHostProcess.js:99:129554)
	at e.ExtHostCommands.executeCommand (/usr/share/code/resources/app/out/vs/workbench/api/node/extensionHostProcess.js:99:129454)
	at Object.executeCommand (/usr/share/code/resources/app/out/vs/workbench/api/node/extensionHostProcess.js:117:24230)
	at set b [as b] (/usr/share/code/resources/app/extensions/github/dist/extension.js:2:152873)
	at /usr/share/code/resources/app/extensions/github/dist/extension.js:2:153583
	at /usr/share/code/resources/app/extensions/git/dist/main.js:2:1348881
	at b.invoke (/usr/share/code/resources/app/out/vs/workbench/api/node/extensionHostProcess.js:63:145)
	at d.deliver (/usr/share/code/resources/app/out/vs/workbench/api/node/extensionHostProcess.js:63:2121)
	at n.fire (/usr/share/code/resources/app/out/vs/workbench/api/node/extensionHostProcess.js:63:1729)
	at Object.m [as dispose] (/usr/share/code/resources/app/extensions/git/dist/main.js:2:1276121)
	at /usr/share/code/resources/app/extensions/git/dist/main.js:2:1280622
	at Array.forEach (<anonymous>)
	at g.dispose (/usr/share/code/resources/app/extensions/git/dist/main.js:2:1280608)
	at r.<anonymous> (/usr/share/code/resources/app/out/vs/workbench/api/node/extensionHostProcess.js:97:12552)
	at r.dispose (/usr/share/code/resources/app/out/vs/workbench/api/node/extensionHostProcess.js:97:12687)
	at r.<anonymous> (/usr/share/code/resources/app/extensions/git/dist/main.js:2:1263418)
	at r.dispose (/usr/share/code/resources/app/out/vs/workbench/api/node/extensionHostProcess.js:97:12687)
	at I (/usr/share/code/resources/app/out/vs/workbench/api/node/extensionHostProcess.js:10:12083)
	at n.Z (/usr/share/code/resources/app/out/vs/workbench/api/node/extensionHostProcess.js:113:11285)
	at /usr/share/code/resources/app/out/vs/workbench/api/node/extensionHostProcess.js:113:9187
	at Array.map (<anonymous>)
	at n.S (/usr/share/code/resources/app/out/vs/workbench/api/node/extensionHostProcess.js:113:9175)
	at n.terminate (/usr/share/code/resources/app/out/vs/workbench/api/node/extensionHostProcess.js:113:9445)
	at h.terminate (/usr/share/code/resources/app/out/vs/workbench/api/node/extensionHostProcess.js:117:1544)
	at p (/usr/share/code/resources/app/out/vs/workbench/api/node/extensionHostProcess.js:127:34497)
	at MessagePortMain.<anonymous> (/usr/share/code/resources/app/out/vs/workbench/api/node/extensionHostProcess.js:127:30636)
	at MessagePortMain.emit (node:events:513:28)
	at MessagePortMain._internalPort.emit (node:electron/js2c/utility_init:2:367) setContext undefined
2023-06-16 23:38:15.142 [info] Extension host with pid 20439 exiting with code 0
2023-06-16 23:38:16.289 [info] Extension host with pid 21956 started
2023-06-16 23:38:16.289 [info] Skipping acquiring lock for /home/seb/.config/Code/User/workspaceStorage/4e81ddb0803f59bdf81b13609911e307.
2023-06-16 23:38:16.447 [info] ExtensionService#_doActivateExtension vscode.emmet, startup: false, activationEvent: 'onLanguage'
2023-06-16 23:38:16.516 [info] ExtensionService#_doActivateExtension vscode.git-base, startup: true, activationEvent: '*', root cause: vscode.git
2023-06-16 23:38:16.591 [info] ExtensionService#_doActivateExtension vscode.git, startup: true, activationEvent: '*'
2023-06-16 23:38:16.613 [info] ExtensionService#_doActivateExtension vscode.github, startup: true, activationEvent: '*'
2023-06-16 23:38:16.699 [info] Eager extensions activated
2023-06-16 23:38:16.769 [info] ExtensionService#_doActivateExtension vscode.debug-auto-launch, startup: false, activationEvent: 'onStartupFinished'
2023-06-16 23:38:16.771 [info] ExtensionService#_doActivateExtension vscode.merge-conflict, startup: false, activationEvent: 'onStartupFinished'
2023-06-16 23:38:17.226 [info] ExtensionService#_doActivateExtension vscode.github-authentication, startup: false, activationEvent: 'onAuthenticationRequest:github'
2023-06-16 23:38:17.273 [info] ExtensionService#_doActivateExtension vscode.microsoft-authentication, startup: false, activationEvent: 'onAuthenticationRequest:microsoft'
2023-06-16 23:38:28.733 [info] ExtensionService#_doActivateExtension vscode.extension-editing, startup: false, activationEvent: 'onLanguage:markdown'
2023-06-16 23:38:28.738 [info] ExtensionService#_doActivateExtension vscode.markdown-language-features, startup: false, activationEvent: 'onLanguage:markdown'
2023-06-16 23:38:29.201 [info] ExtensionService#_doActivateExtension vscode.markdown-math, startup: false, activationEvent: 'api', root cause: vscode.markdown-language-features
2023-06-16 23:39:31.599 [info] ExtensionService#_doActivateExtension vscode.json-language-features, startup: false, activationEvent: 'onLanguage:jsonc'
2023-06-16 23:39:31.619 [info] ExtensionService#_doActivateExtension vscode.typescript-language-features, startup: false, activationEvent: 'onLanguage:jsonc'
2023-06-17 00:08:15.857 [info] ExtensionService#_doActivateExtension christian-kohler.path-intellisense, startup: false, activationEvent: '*'
2023-06-17 00:08:55.610 [info] ExtensionService#_doActivateExtension formulahendry.auto-rename-tag, startup: false, activationEvent: '*'
2023-06-17 00:08:56.749 [info] ExtensionService#_doActivateExtension formulahendry.auto-close-tag, startup: false, activationEvent: '*'
2023-06-17 00:09:45.097 [info] ExtensionService#_doActivateExtension timonwong.shellcheck, startup: false, activationEvent: 'onLanguage:shellscript'
2023-06-17 00:09:45.423 [info] ExtensionService#_doActivateExtension foxundermoon.shell-format, startup: false, activationEvent: 'onLanguage:shellscript'
2023-06-17 00:10:27.142 [info] Extension host terminating: renderer closed the MessagePort
2023-06-17 00:10:27.177 [error] Canceled: Canceled
    at new l (/usr/share/code/resources/app/out/vs/workbench/api/node/extensionHostProcess.js:99:105905)
    at s.O (/usr/share/code/resources/app/out/vs/workbench/api/node/extensionHostProcess.js:111:11754)
    at Proxy.$.<computed>.j.charCodeAt.$.<computed> (/usr/share/code/resources/app/out/vs/workbench/api/node/extensionHostProcess.js:111:9029)
    at e.ExtHostCommands.g (/usr/share/code/resources/app/out/vs/workbench/api/node/extensionHostProcess.js:99:130078)
    at e.ExtHostCommands.executeCommand (/usr/share/code/resources/app/out/vs/workbench/api/node/extensionHostProcess.js:99:129454)
    at k.registerCommand.description (/usr/share/code/resources/app/out/vs/workbench/api/node/extensionHostProcess.js:99:128747)
    at e.ExtHostCommands.h (/usr/share/code/resources/app/out/vs/workbench/api/node/extensionHostProcess.js:99:130664)
    at e.ExtHostCommands.g (/usr/share/code/resources/app/out/vs/workbench/api/node/extensionHostProcess.js:99:129554)
    at e.ExtHostCommands.executeCommand (/usr/share/code/resources/app/out/vs/workbench/api/node/extensionHostProcess.js:99:129454)
    at Object.executeCommand (/usr/share/code/resources/app/out/vs/workbench/api/node/extensionHostProcess.js:117:24230)
    at D (/usr/share/code/resources/app/extensions/git/dist/main.js:2:1261288)
    at b.invoke (/usr/share/code/resources/app/out/vs/workbench/api/node/extensionHostProcess.js:63:145)
    at deliver (/usr/share/code/resources/app/out/vs/workbench/api/node/extensionHostProcess.js:63:2121)
    at n.fire (/usr/share/code/resources/app/out/vs/workbench/api/node/extensionHostProcess.js:63:1729)
    at Object.m [as dispose] (/usr/share/code/resources/app/extensions/git/dist/main.js:2:1276121)
    at /usr/share/code/resources/app/extensions/git/dist/main.js:2:1280622
    at Array.forEach (<anonymous>)
    at g.dispose (/usr/share/code/resources/app/extensions/git/dist/main.js:2:1280608)
    at r.<anonymous> (/usr/share/code/resources/app/out/vs/workbench/api/node/extensionHostProcess.js:97:12552)
    at r.dispose (/usr/share/code/resources/app/out/vs/workbench/api/node/extensionHostProcess.js:97:12687)
    at r.<anonymous> (/usr/share/code/resources/app/extensions/git/dist/main.js:2:1263418)
    at r.dispose (/usr/share/code/resources/app/out/vs/workbench/api/node/extensionHostProcess.js:97:12687)
    at I (/usr/share/code/resources/app/out/vs/workbench/api/node/extensionHostProcess.js:10:12083)
    at n.Z (/usr/share/code/resources/app/out/vs/workbench/api/node/extensionHostProcess.js:113:11285)
    at /usr/share/code/resources/app/out/vs/workbench/api/node/extensionHostProcess.js:113:9187
    at Array.map (<anonymous>)
    at n.S (/usr/share/code/resources/app/out/vs/workbench/api/node/extensionHostProcess.js:113:9175)
    at n.terminate (/usr/share/code/resources/app/out/vs/workbench/api/node/extensionHostProcess.js:113:9445)
    at h.terminate (/usr/share/code/resources/app/out/vs/workbench/api/node/extensionHostProcess.js:117:1544)
    at p (/usr/share/code/resources/app/out/vs/workbench/api/node/extensionHostProcess.js:127:34497)
    at MessagePortMain.<anonymous> (/usr/share/code/resources/app/out/vs/workbench/api/node/extensionHostProcess.js:127:30636)
    at MessagePortMain.emit (node:events:513:28)
    at Object.MessagePortMain._internalPort.emit (node:electron/js2c/utility_init:2:367) setContext undefined
2023-06-17 00:10:27.178 [error] Canceled: Canceled
    at new l (/usr/share/code/resources/app/out/vs/workbench/api/node/extensionHostProcess.js:99:105905)
    at s.O (/usr/share/code/resources/app/out/vs/workbench/api/node/extensionHostProcess.js:111:11754)
    at Proxy.$.<computed>.j.charCodeAt.$.<computed> (/usr/share/code/resources/app/out/vs/workbench/api/node/extensionHostProcess.js:111:9029)
    at e.ExtHostCommands.g (/usr/share/code/resources/app/out/vs/workbench/api/node/extensionHostProcess.js:99:130078)
    at e.ExtHostCommands.executeCommand (/usr/share/code/resources/app/out/vs/workbench/api/node/extensionHostProcess.js:99:129454)
    at k.registerCommand.description (/usr/share/code/resources/app/out/vs/workbench/api/node/extensionHostProcess.js:99:128747)
    at e.ExtHostCommands.h (/usr/share/code/resources/app/out/vs/workbench/api/node/extensionHostProcess.js:99:130664)
    at e.ExtHostCommands.g (/usr/share/code/resources/app/out/vs/workbench/api/node/extensionHostProcess.js:99:129554)
    at e.ExtHostCommands.executeCommand (/usr/share/code/resources/app/out/vs/workbench/api/node/extensionHostProcess.js:99:129454)
    at Object.executeCommand (/usr/share/code/resources/app/out/vs/workbench/api/node/extensionHostProcess.js:117:24230)
    at D (/usr/share/code/resources/app/extensions/git/dist/main.js:2:1261288)
    at b.invoke (/usr/share/code/resources/app/out/vs/workbench/api/node/extensionHostProcess.js:63:145)
    at deliver (/usr/share/code/resources/app/out/vs/workbench/api/node/extensionHostProcess.js:63:2121)
    at n.fire (/usr/share/code/resources/app/out/vs/workbench/api/node/extensionHostProcess.js:63:1729)
    at Object.m [as dispose] (/usr/share/code/resources/app/extensions/git/dist/main.js:2:1276121)
    at /usr/share/code/resources/app/extensions/git/dist/main.js:2:1280622
    at Array.forEach (<anonymous>)
    at g.dispose (/usr/share/code/resources/app/extensions/git/dist/main.js:2:1280608)
    at r.<anonymous> (/usr/share/code/resources/app/out/vs/workbench/api/node/extensionHostProcess.js:97:12552)
    at r.dispose (/usr/share/code/resources/app/out/vs/workbench/api/node/extensionHostProcess.js:97:12687)
    at r.<anonymous> (/usr/share/code/resources/app/extensions/git/dist/main.js:2:1263418)
    at r.dispose (/usr/share/code/resources/app/out/vs/workbench/api/node/extensionHostProcess.js:97:12687)
    at I (/usr/share/code/resources/app/out/vs/workbench/api/node/extensionHostProcess.js:10:12083)
    at n.Z (/usr/share/code/resources/app/out/vs/workbench/api/node/extensionHostProcess.js:113:11285)
    at /usr/share/code/resources/app/out/vs/workbench/api/node/extensionHostProcess.js:113:9187
    at Array.map (<anonymous>)
    at n.S (/usr/share/code/resources/app/out/vs/workbench/api/node/extensionHostProcess.js:113:9175)
    at n.terminate (/usr/share/code/resources/app/out/vs/workbench/api/node/extensionHostProcess.js:113:9445)
    at h.terminate (/usr/share/code/resources/app/out/vs/workbench/api/node/extensionHostProcess.js:117:1544)
    at p (/usr/share/code/resources/app/out/vs/workbench/api/node/extensionHostProcess.js:127:34497)
    at MessagePortMain.<anonymous> (/usr/share/code/resources/app/out/vs/workbench/api/node/extensionHostProcess.js:127:30636)
    at MessagePortMain.emit (node:events:513:28)
    at Object.MessagePortMain._internalPort.emit (node:electron/js2c/utility_init:2:367) setContext undefined
2023-06-17 00:10:27.178 [error] Canceled: Canceled
    at new l (/usr/share/code/resources/app/out/vs/workbench/api/node/extensionHostProcess.js:99:105905)
    at s.O (/usr/share/code/resources/app/out/vs/workbench/api/node/extensionHostProcess.js:111:11754)
    at Proxy.$.<computed>.j.charCodeAt.$.<computed> (/usr/share/code/resources/app/out/vs/workbench/api/node/extensionHostProcess.js:111:9029)
    at e.ExtHostCommands.g (/usr/share/code/resources/app/out/vs/workbench/api/node/extensionHostProcess.js:99:130078)
    at e.ExtHostCommands.executeCommand (/usr/share/code/resources/app/out/vs/workbench/api/node/extensionHostProcess.js:99:129454)
    at k.registerCommand.description (/usr/share/code/resources/app/out/vs/workbench/api/node/extensionHostProcess.js:99:128747)
    at e.ExtHostCommands.h (/usr/share/code/resources/app/out/vs/workbench/api/node/extensionHostProcess.js:99:130664)
    at e.ExtHostCommands.g (/usr/share/code/resources/app/out/vs/workbench/api/node/extensionHostProcess.js:99:129554)
    at e.ExtHostCommands.executeCommand (/usr/share/code/resources/app/out/vs/workbench/api/node/extensionHostProcess.js:99:129454)
    at Object.executeCommand (/usr/share/code/resources/app/out/vs/workbench/api/node/extensionHostProcess.js:117:24230)
    at D (/usr/share/code/resources/app/extensions/git/dist/main.js:2:1261288)
    at b.invoke (/usr/share/code/resources/app/out/vs/workbench/api/node/extensionHostProcess.js:63:145)
    at deliver (/usr/share/code/resources/app/out/vs/workbench/api/node/extensionHostProcess.js:63:2121)
    at n.fire (/usr/share/code/resources/app/out/vs/workbench/api/node/extensionHostProcess.js:63:1729)
    at Object.m [as dispose] (/usr/share/code/resources/app/extensions/git/dist/main.js:2:1276121)
    at /usr/share/code/resources/app/extensions/git/dist/main.js:2:1280622
    at Array.forEach (<anonymous>)
    at g.dispose (/usr/share/code/resources/app/extensions/git/dist/main.js:2:1280608)
    at r.<anonymous> (/usr/share/code/resources/app/out/vs/workbench/api/node/extensionHostProcess.js:97:12552)
    at r.dispose (/usr/share/code/resources/app/out/vs/workbench/api/node/extensionHostProcess.js:97:12687)
    at r.<anonymous> (/usr/share/code/resources/app/extensions/git/dist/main.js:2:1263418)
    at r.dispose (/usr/share/code/resources/app/out/vs/workbench/api/node/extensionHostProcess.js:97:12687)
    at I (/usr/share/code/resources/app/out/vs/workbench/api/node/extensionHostProcess.js:10:12083)
    at n.Z (/usr/share/code/resources/app/out/vs/workbench/api/node/extensionHostProcess.js:113:11285)
    at /usr/share/code/resources/app/out/vs/workbench/api/node/extensionHostProcess.js:113:9187
    at Array.map (<anonymous>)
    at n.S (/usr/share/code/resources/app/out/vs/workbench/api/node/extensionHostProcess.js:113:9175)
    at n.terminate (/usr/share/code/resources/app/out/vs/workbench/api/node/extensionHostProcess.js:113:9445)
    at h.terminate (/usr/share/code/resources/app/out/vs/workbench/api/node/extensionHostProcess.js:117:1544)
    at p (/usr/share/code/resources/app/out/vs/workbench/api/node/extensionHostProcess.js:127:34497)
    at MessagePortMain.<anonymous> (/usr/share/code/resources/app/out/vs/workbench/api/node/extensionHostProcess.js:127:30636)
    at MessagePortMain.emit (node:events:513:28)
    at Object.MessagePortMain._internalPort.emit (node:electron/js2c/utility_init:2:367) setContext undefined
2023-06-17 00:10:27.179 [error] Canceled: Canceled
    at new l (/usr/share/code/resources/app/out/vs/workbench/api/node/extensionHostProcess.js:99:105905)
    at s.O (/usr/share/code/resources/app/out/vs/workbench/api/node/extensionHostProcess.js:111:11754)
    at Proxy.$.<computed>.j.charCodeAt.$.<computed> (/usr/share/code/resources/app/out/vs/workbench/api/node/extensionHostProcess.js:111:9029)
    at e.ExtHostCommands.g (/usr/share/code/resources/app/out/vs/workbench/api/node/extensionHostProcess.js:99:130078)
    at e.ExtHostCommands.executeCommand (/usr/share/code/resources/app/out/vs/workbench/api/node/extensionHostProcess.js:99:129454)
    at k.registerCommand.description (/usr/share/code/resources/app/out/vs/workbench/api/node/extensionHostProcess.js:99:128747)
    at e.ExtHostCommands.h (/usr/share/code/resources/app/out/vs/workbench/api/node/extensionHostProcess.js:99:130664)
    at e.ExtHostCommands.g (/usr/share/code/resources/app/out/vs/workbench/api/node/extensionHostProcess.js:99:129554)
    at e.ExtHostCommands.executeCommand (/usr/share/code/resources/app/out/vs/workbench/api/node/extensionHostProcess.js:99:129454)
    at Object.executeCommand (/usr/share/code/resources/app/out/vs/workbench/api/node/extensionHostProcess.js:117:24230)
    at D (/usr/share/code/resources/app/extensions/git/dist/main.js:2:1261288)
    at b.invoke (/usr/share/code/resources/app/out/vs/workbench/api/node/extensionHostProcess.js:63:145)
    at deliver (/usr/share/code/resources/app/out/vs/workbench/api/node/extensionHostProcess.js:63:2121)
    at n.fire (/usr/share/code/resources/app/out/vs/workbench/api/node/extensionHostProcess.js:63:1729)
    at Object.m [as dispose] (/usr/share/code/resources/app/extensions/git/dist/main.js:2:1276121)
    at /usr/share/code/resources/app/extensions/git/dist/main.js:2:1280622
    at Array.forEach (<anonymous>)
    at g.dispose (/usr/share/code/resources/app/extensions/git/dist/main.js:2:1280608)
    at r.<anonymous> (/usr/share/code/resources/app/out/vs/workbench/api/node/extensionHostProcess.js:97:12552)
    at r.dispose (/usr/share/code/resources/app/out/vs/workbench/api/node/extensionHostProcess.js:97:12687)
    at r.<anonymous> (/usr/share/code/resources/app/extensions/git/dist/main.js:2:1263418)
    at r.dispose (/usr/share/code/resources/app/out/vs/workbench/api/node/extensionHostProcess.js:97:12687)
    at I (/usr/share/code/resources/app/out/vs/workbench/api/node/extensionHostProcess.js:10:12083)
    at n.Z (/usr/share/code/resources/app/out/vs/workbench/api/node/extensionHostProcess.js:113:11285)
    at /usr/share/code/resources/app/out/vs/workbench/api/node/extensionHostProcess.js:113:9187
    at Array.map (<anonymous>)
    at n.S (/usr/share/code/resources/app/out/vs/workbench/api/node/extensionHostProcess.js:113:9175)
    at n.terminate (/usr/share/code/resources/app/out/vs/workbench/api/node/extensionHostProcess.js:113:9445)
    at h.terminate (/usr/share/code/resources/app/out/vs/workbench/api/node/extensionHostProcess.js:117:1544)
    at p (/usr/share/code/resources/app/out/vs/workbench/api/node/extensionHostProcess.js:127:34497)
    at MessagePortMain.<anonymous> (/usr/share/code/resources/app/out/vs/workbench/api/node/extensionHostProcess.js:127:30636)
    at MessagePortMain.emit (node:events:513:28)
    at Object.MessagePortMain._internalPort.emit (node:electron/js2c/utility_init:2:367) setContext undefined
2023-06-17 00:10:27.180 [error] Canceled: Canceled
    at new l (/usr/share/code/resources/app/out/vs/workbench/api/node/extensionHostProcess.js:99:105905)
    at s.O (/usr/share/code/resources/app/out/vs/workbench/api/node/extensionHostProcess.js:111:11754)
    at Proxy.$.<computed>.j.charCodeAt.$.<computed> (/usr/share/code/resources/app/out/vs/workbench/api/node/extensionHostProcess.js:111:9029)
    at e.ExtHostCommands.g (/usr/share/code/resources/app/out/vs/workbench/api/node/extensionHostProcess.js:99:130078)
    at e.ExtHostCommands.executeCommand (/usr/share/code/resources/app/out/vs/workbench/api/node/extensionHostProcess.js:99:129454)
    at k.registerCommand.description (/usr/share/code/resources/app/out/vs/workbench/api/node/extensionHostProcess.js:99:128747)
    at e.ExtHostCommands.h (/usr/share/code/resources/app/out/vs/workbench/api/node/extensionHostProcess.js:99:130664)
    at e.ExtHostCommands.g (/usr/share/code/resources/app/out/vs/workbench/api/node/extensionHostProcess.js:99:129554)
    at e.ExtHostCommands.executeCommand (/usr/share/code/resources/app/out/vs/workbench/api/node/extensionHostProcess.js:99:129454)
    at Object.executeCommand (/usr/share/code/resources/app/out/vs/workbench/api/node/extensionHostProcess.js:117:24230)
    at D (/usr/share/code/resources/app/extensions/git/dist/main.js:2:1261288)
    at b.invoke (/usr/share/code/resources/app/out/vs/workbench/api/node/extensionHostProcess.js:63:145)
    at deliver (/usr/share/code/resources/app/out/vs/workbench/api/node/extensionHostProcess.js:63:2121)
    at n.fire (/usr/share/code/resources/app/out/vs/workbench/api/node/extensionHostProcess.js:63:1729)
    at Object.m [as dispose] (/usr/share/code/resources/app/extensions/git/dist/main.js:2:1276121)
    at /usr/share/code/resources/app/extensions/git/dist/main.js:2:1280622
    at Array.forEach (<anonymous>)
    at g.dispose (/usr/share/code/resources/app/extensions/git/dist/main.js:2:1280608)
    at r.<anonymous> (/usr/share/code/resources/app/out/vs/workbench/api/node/extensionHostProcess.js:97:12552)
    at r.dispose (/usr/share/code/resources/app/out/vs/workbench/api/node/extensionHostProcess.js:97:12687)
    at r.<anonymous> (/usr/share/code/resources/app/extensions/git/dist/main.js:2:1263418)
    at r.dispose (/usr/share/code/resources/app/out/vs/workbench/api/node/extensionHostProcess.js:97:12687)
    at I (/usr/share/code/resources/app/out/vs/workbench/api/node/extensionHostProcess.js:10:12083)
    at n.Z (/usr/share/code/resources/app/out/vs/workbench/api/node/extensionHostProcess.js:113:11285)
    at /usr/share/code/resources/app/out/vs/workbench/api/node/extensionHostProcess.js:113:9187
    at Array.map (<anonymous>)
    at n.S (/usr/share/code/resources/app/out/vs/workbench/api/node/extensionHostProcess.js:113:9175)
    at n.terminate (/usr/share/code/resources/app/out/vs/workbench/api/node/extensionHostProcess.js:113:9445)
    at h.terminate (/usr/share/code/resources/app/out/vs/workbench/api/node/extensionHostProcess.js:117:1544)
    at p (/usr/share/code/resources/app/out/vs/workbench/api/node/extensionHostProcess.js:127:34497)
    at MessagePortMain.<anonymous> (/usr/share/code/resources/app/out/vs/workbench/api/node/extensionHostProcess.js:127:30636)
    at MessagePortMain.emit (node:events:513:28)
    at Object.MessagePortMain._internalPort.emit (node:electron/js2c/utility_init:2:367) setContext undefined
2023-06-17 00:10:27.185 [error] Canceled: Canceled
    at new l (/usr/share/code/resources/app/out/vs/workbench/api/node/extensionHostProcess.js:99:105905)
    at s.O (/usr/share/code/resources/app/out/vs/workbench/api/node/extensionHostProcess.js:111:11754)
    at Proxy.$.<computed>.j.charCodeAt.$.<computed> (/usr/share/code/resources/app/out/vs/workbench/api/node/extensionHostProcess.js:111:9029)
    at e.ExtHostCommands.g (/usr/share/code/resources/app/out/vs/workbench/api/node/extensionHostProcess.js:99:130078)
    at e.ExtHostCommands.executeCommand (/usr/share/code/resources/app/out/vs/workbench/api/node/extensionHostProcess.js:99:129454)
    at k.registerCommand.description (/usr/share/code/resources/app/out/vs/workbench/api/node/extensionHostProcess.js:99:128747)
    at e.ExtHostCommands.h (/usr/share/code/resources/app/out/vs/workbench/api/node/extensionHostProcess.js:99:130664)
    at e.ExtHostCommands.g (/usr/share/code/resources/app/out/vs/workbench/api/node/extensionHostProcess.js:99:129554)
    at e.ExtHostCommands.executeCommand (/usr/share/code/resources/app/out/vs/workbench/api/node/extensionHostProcess.js:99:129454)
    at Object.executeCommand (/usr/share/code/resources/app/out/vs/workbench/api/node/extensionHostProcess.js:117:24230)
    at p.VscodeDevShareProvider.set b [as b] (/usr/share/code/resources/app/extensions/github/dist/extension.js:2:152873)
    at /usr/share/code/resources/app/extensions/github/dist/extension.js:2:153583
    at /usr/share/code/resources/app/extensions/git/dist/main.js:2:1348881
    at b.invoke (/usr/share/code/resources/app/out/vs/workbench/api/node/extensionHostProcess.js:63:145)
    at deliver (/usr/share/code/resources/app/out/vs/workbench/api/node/extensionHostProcess.js:63:2121)
    at n.fire (/usr/share/code/resources/app/out/vs/workbench/api/node/extensionHostProcess.js:63:1729)
    at Object.m [as dispose] (/usr/share/code/resources/app/extensions/git/dist/main.js:2:1276121)
    at /usr/share/code/resources/app/extensions/git/dist/main.js:2:1280622
    at Array.forEach (<anonymous>)
    at g.dispose (/usr/share/code/resources/app/extensions/git/dist/main.js:2:1280608)
    at r.<anonymous> (/usr/share/code/resources/app/out/vs/workbench/api/node/extensionHostProcess.js:97:12552)
    at r.dispose (/usr/share/code/resources/app/out/vs/workbench/api/node/extensionHostProcess.js:97:12687)
    at r.<anonymous> (/usr/share/code/resources/app/extensions/git/dist/main.js:2:1263418)
    at r.dispose (/usr/share/code/resources/app/out/vs/workbench/api/node/extensionHostProcess.js:97:12687)
    at I (/usr/share/code/resources/app/out/vs/workbench/api/node/extensionHostProcess.js:10:12083)
    at n.Z (/usr/share/code/resources/app/out/vs/workbench/api/node/extensionHostProcess.js:113:11285)
    at /usr/share/code/resources/app/out/vs/workbench/api/node/extensionHostProcess.js:113:9187
    at Array.map (<anonymous>)
    at n.S (/usr/share/code/resources/app/out/vs/workbench/api/node/extensionHostProcess.js:113:9175)
    at n.terminate (/usr/share/code/resources/app/out/vs/workbench/api/node/extensionHostProcess.js:113:9445)
    at h.terminate (/usr/share/code/resources/app/out/vs/workbench/api/node/extensionHostProcess.js:117:1544)
    at p (/usr/share/code/resources/app/out/vs/workbench/api/node/extensionHostProcess.js:127:34497)
    at MessagePortMain.<anonymous> (/usr/share/code/resources/app/out/vs/workbench/api/node/extensionHostProcess.js:127:30636)
    at MessagePortMain.emit (node:events:513:28)
    at Object.MessagePortMain._internalPort.emit (node:electron/js2c/utility_init:2:367) setContext undefined
2023-06-17 00:10:27.199 [info] Extension host with pid 21956 exiting with code 0
