shfmt hasn't downloaded yet!Error: ENOENT: no such file or directory, stat '/home/seb/.vscode/extensions/foxundermoon.shell-format-7.2.5/bin/shfmt_v3.6.0_linux_amd64'
Shfmt will be downloaded automatically!
download url: https://github.com/mvdan/sh/releases/download/v3.6.0/shfmt_v3.6.0_linux_amd64
download to: /home/seb/.vscode/extensions/foxundermoon.shell-format-7.2.5/bin/shfmt_v3.6.0_linux_amd64
If the download fails, you can manually download it to the dest directory.
Or download to another directory, and then set the "shellformat.path" as the path
download shfmt page: https://github.com/mvdan/sh/releases
You can't use this plugin until the download is successful.
downloaded:[0.05%]
downloaded:[0.10%]
downloaded:[0.15%]
downloaded:[0.19%]
downloaded:[0.24%]
downloaded:[0.29%]
downloaded:[0.34%]
downloaded:[0.39%]
downloaded:[0.44%]
downloaded:[0.48%]
downloaded:[0.52%]
downloaded:[0.57%]
downloaded:[0.62%]
downloaded:[0.66%]
downloaded:[0.71%]
downloaded:[0.76%]
downloaded:[0.81%]
downloaded:[0.86%]
downloaded:[0.91%]
downloaded:[0.95%]
downloaded:[1.00%]
downloaded:[1.05%]
downloaded:[1.10%]
downloaded:[1.15%]
downloaded:[1.20%]
downloaded:[1.24%]
downloaded:[1.29%]
downloaded:[1.34%]
downloaded:[1.39%]
downloaded:[1.44%]
downloaded:[1.49%]
downloaded:[1.53%]
downloaded:[1.58%]
downloaded:[1.63%]
downloaded:[1.67%]
downloaded:[2.24%]
downloaded:[2.82%]
downloaded:[3.39%]
downloaded:[3.97%]
downloaded:[4.54%]
downloaded:[5.12%]
downloaded:[5.69%]
downloaded:[6.27%]
downloaded:[6.84%]
downloaded:[7.42%]
downloaded:[7.99%]
downloaded:[8.56%]
downloaded:[9.14%]
downloaded:[9.71%]
downloaded:[10.29%]
downloaded:[10.86%]
downloaded:[11.44%]
downloaded:[12.01%]
downloaded:[12.59%]
downloaded:[13.16%]
downloaded:[13.74%]
downloaded:[14.31%]
downloaded:[14.89%]
downloaded:[15.46%]
downloaded:[16.04%]
downloaded:[16.61%]
downloaded:[17.19%]
downloaded:[17.76%]
downloaded:[18.34%]
downloaded:[18.91%]
downloaded:[19.48%]
downloaded:[20.06%]
downloaded:[20.63%]
downloaded:[21.21%]
downloaded:[21.78%]
downloaded:[22.36%]
downloaded:[22.93%]
downloaded:[23.51%]
downloaded:[24.08%]
downloaded:[24.66%]
downloaded:[25.23%]
downloaded:[25.81%]
downloaded:[26.38%]
downloaded:[26.96%]
downloaded:[27.53%]
downloaded:[28.11%]
downloaded:[28.68%]
downloaded:[29.12%]
downloaded:[29.69%]
downloaded:[30.27%]
downloaded:[30.84%]
downloaded:[31.42%]
downloaded:[31.99%]
downloaded:[32.57%]
downloaded:[33.14%]
downloaded:[33.72%]
downloaded:[34.29%]
downloaded:[34.87%]
downloaded:[35.44%]
downloaded:[36.02%]
downloaded:[36.59%]
downloaded:[37.17%]
downloaded:[37.74%]
downloaded:[38.09%]
downloaded:[38.67%]
downloaded:[39.24%]
downloaded:[39.82%]
downloaded:[40.39%]
downloaded:[40.97%]
downloaded:[41.54%]
downloaded:[42.12%]
downloaded:[42.69%]
downloaded:[43.27%]
downloaded:[43.84%]
downloaded:[44.41%]
downloaded:[44.99%]
downloaded:[45.56%]
downloaded:[46.14%]
downloaded:[46.71%]
downloaded:[47.29%]
downloaded:[47.86%]
downloaded:[48.44%]
downloaded:[49.01%]
downloaded:[49.59%]
downloaded:[50.16%]
downloaded:[50.74%]
downloaded:[51.31%]
downloaded:[51.89%]
downloaded:[52.46%]
downloaded:[53.04%]
downloaded:[53.61%]
downloaded:[54.19%]
downloaded:[54.76%]
downloaded:[55.33%]
downloaded:[55.91%]
downloaded:[56.48%]
downloaded:[57.06%]
downloaded:[57.63%]
downloaded:[58.21%]
downloaded:[58.78%]
downloaded:[59.36%]
downloaded:[59.93%]
downloaded:[60.51%]
downloaded:[61.08%]
downloaded:[61.66%]
downloaded:[62.23%]
downloaded:[62.81%]
downloaded:[63.38%]
downloaded:[63.96%]
downloaded:[64.53%]
downloaded:[65.10%]
downloaded:[65.68%]
downloaded:[66.25%]
downloaded:[66.83%]
downloaded:[67.40%]
downloaded:[67.58%]
downloaded:[68.15%]
downloaded:[68.73%]
downloaded:[69.30%]
downloaded:[69.88%]
downloaded:[70.45%]
downloaded:[71.02%]
downloaded:[71.60%]
downloaded:[72.17%]
downloaded:[72.75%]
downloaded:[73.32%]
downloaded:[73.90%]
downloaded:[74.47%]
downloaded:[75.05%]
downloaded:[75.62%]
downloaded:[76.13%]
downloaded:[76.70%]
downloaded:[77.28%]
downloaded:[77.85%]
downloaded:[78.43%]
downloaded:[79.00%]
downloaded:[79.58%]
downloaded:[80.15%]
downloaded:[80.72%]
downloaded:[81.30%]
downloaded:[81.87%]
downloaded:[82.45%]
downloaded:[83.02%]
downloaded:[83.60%]
downloaded:[84.17%]
downloaded:[84.75%]
downloaded:[85.32%]
downloaded:[85.90%]
downloaded:[86.47%]
downloaded:[87.05%]
downloaded:[87.62%]
downloaded:[88.20%]
downloaded:[88.77%]
downloaded:[89.35%]
downloaded:[89.92%]
downloaded:[90.49%]
downloaded:[91.07%]
downloaded:[91.64%]
downloaded:[92.22%]
downloaded:[92.79%]
downloaded:[93.37%]
downloaded:[93.94%]
downloaded:[94.52%]
downloaded:[95.09%]
downloaded:[95.67%]
downloaded:[96.24%]
downloaded:[96.64%]
downloaded:[97.21%]
downloaded:[97.79%]
downloaded:[98.36%]
downloaded:[98.94%]
downloaded:[99.51%]
downloaded:[100.00%]
download success, You can use it successfully!
Start or issues can be submitted here https://git.io/shfmt
