2023-06-16 22:51:55.864 [info] Log level: Info
2023-06-16 22:51:55.865 [info] Validating found git in: "git"
2023-06-16 22:51:55.865 [info] Using git "2.40.1" from "git"
2023-06-16 22:52:43.993 [info] Log level: Info
2023-06-16 22:52:43.993 [info] Validating found git in: "git"
2023-06-16 22:52:43.993 [info] Using git "2.40.1" from "git"
2023-06-16 22:52:43.993 [info] > git rev-parse --show-toplevel [5ms]
2023-06-16 22:52:44.000 [info] > git rev-parse --git-dir --git-common-dir [2ms]
2023-06-16 22:52:44.009 [info] Open repository: /home/seb/Dev/dotfiles
2023-06-16 22:52:44.024 [info] > git config --get commit.template [3ms]
2023-06-16 22:52:44.025 [info] > git rev-parse --show-toplevel [10ms]
2023-06-16 22:52:44.038 [info] > git rev-parse --show-toplevel [8ms]
2023-06-16 22:52:44.042 [info] > git for-each-ref --format=%(refname)%00%(upstream:short)%00%(objectname)%00%(upstream:track)%00%(upstream:remotename)%00%(upstream:remoteref) refs/heads/main refs/remotes/main [6ms]
2023-06-16 22:52:44.050 [info] > git rev-parse --git-dir --git-common-dir [8ms]
2023-06-16 22:52:44.055 [info] Open repository: /home/seb/Dev/dotfiles/.scripts
2023-06-16 22:52:44.071 [info] > git config --get commit.template [4ms]
2023-06-16 22:52:44.071 [info] > git rev-parse --show-toplevel [11ms]
2023-06-16 22:52:44.076 [info] > git status -z -uall [27ms]
2023-06-16 22:52:44.095 [info] > git rev-parse --git-dir --git-common-dir [20ms]
2023-06-16 22:52:44.100 [info] Open repository: /home/seb/Dev/dotfiles/.slimzsh
2023-06-16 22:52:44.107 [info] > git config --get commit.template [13ms]
2023-06-16 22:52:44.108 [info] > git for-each-ref --format %(refname) %(objectname) %(*objectname) refs/tags [17ms]
2023-06-16 22:52:44.116 [info] > git status -z -uall [4ms]
2023-06-16 22:52:44.121 [info] > git config --get commit.template [14ms]
2023-06-16 22:52:44.140 [info] > git config --get commit.template [7ms]
2023-06-16 22:52:44.141 [info] > git for-each-ref --format=%(refname)%00%(upstream:short)%00%(objectname)%00%(upstream:track)%00%(upstream:remotename)%00%(upstream:remoteref) refs/heads/main refs/remotes/main [13ms]
2023-06-16 22:52:44.146 [info] > git for-each-ref --format %(refname) %(objectname) %(*objectname) refs/tags [7ms]
2023-06-16 22:52:44.164 [info] > git for-each-ref --format %(refname) %(objectname) %(*objectname) refs/tags [6ms]
2023-06-16 22:52:44.171 [info] > git status -z -uall [26ms]
2023-06-16 22:52:44.174 [info] > git status -z -uall [21ms]
2023-06-16 22:52:44.174 [info] > git status -z -uall [4ms]
2023-06-16 22:52:44.189 [info] > git config --get commit.template [6ms]
2023-06-16 22:52:44.191 [info] > git for-each-ref --format %(refname) %(objectname) %(*objectname) refs/tags [3ms]
2023-06-16 22:52:44.214 [info] > git status -z -uall [19ms]
2023-06-16 22:52:44.669 [info] > git check-ignore -v -z --stdin [33ms]
2023-06-16 22:52:44.671 [info] > git check-ignore -v -z --stdin [19ms]
2023-06-16 22:52:44.671 [info] > git check-ignore -v -z --stdin [7ms]
2023-06-16 22:52:44.732 [info] > git rev-parse --show-toplevel [4ms]
2023-06-16 22:52:44.746 [info] > git rev-parse --git-dir --git-common-dir [3ms]
2023-06-16 22:52:44.760 [info] Open repository: /home/seb/Dev/dotfiles/.slimzsh/pure
2023-06-16 22:52:44.777 [info] > git config --get commit.template [3ms]
2023-06-16 22:52:44.777 [info] > git rev-parse --show-toplevel [9ms]
2023-06-16 22:52:44.789 [info] > git rev-parse --git-dir --git-common-dir [6ms]
2023-06-16 22:52:44.794 [info] Open repository: /home/seb/Dev/dotfiles/.slimzsh/fast-syntax-highlighting
2023-06-16 22:52:44.802 [info] > git for-each-ref --format %(refname) %(objectname) %(*objectname) refs/tags [13ms]
2023-06-16 22:52:44.809 [info] > git config --get commit.template [7ms]
2023-06-16 22:52:44.815 [info] > git status -z -uall [7ms]
2023-06-16 22:52:44.823 [info] > git for-each-ref --format %(refname) %(objectname) %(*objectname) refs/tags [8ms]
2023-06-16 22:52:44.828 [info] > git config --get commit.template [6ms]
2023-06-16 22:52:44.834 [info] > git status -z -uall [7ms]
2023-06-16 22:52:44.842 [info] > git for-each-ref --format %(refname) %(objectname) %(*objectname) refs/tags [10ms]
2023-06-16 22:52:44.847 [info] > git config --get commit.template [6ms]
2023-06-16 22:52:44.852 [info] > git status -z -uall [6ms]
2023-06-16 22:52:44.854 [info] > git for-each-ref --format %(refname) %(objectname) %(*objectname) refs/tags [2ms]
2023-06-16 22:52:44.864 [info] > git status -z -uall [6ms]
2023-06-16 22:52:45.317 [info] > git check-ignore -v -z --stdin [27ms]
2023-06-16 22:52:45.318 [info] > git check-ignore -v -z --stdin [17ms]
2023-06-16 22:52:45.319 [info] > git check-ignore -v -z --stdin [5ms]
2023-06-16 22:52:46.192 [info] > git show --textconv :.zshrc [7ms]
2023-06-16 22:52:46.194 [info] > git ls-files --stage -- /home/seb/Dev/dotfiles/.zshrc [2ms]
2023-06-16 22:52:46.201 [info] > git cat-file -s 892a17090b21d80ccdcf322acec7c432a7e47bcc [1ms]
2023-06-16 22:52:48.194 [info] > git show --textconv :README.md [9ms]
2023-06-16 22:52:48.210 [info] > git ls-files --stage -- /home/seb/Dev/dotfiles/README.md [17ms]
2023-06-16 22:52:48.227 [info] > git cat-file -s 445962c79c8c9539acf6afcfa276ad1876e93ebe [13ms]
2023-06-16 22:52:48.565 [info] > git show --textconv :.gitmodules [17ms]
2023-06-16 22:52:48.569 [info] > git ls-files --stage -- /home/seb/Dev/dotfiles/.gitmodules [7ms]
2023-06-16 22:52:48.592 [info] > git cat-file -s dacfc249dd9dd0b394c7abf453e0cd8716458071 [5ms]
2023-06-16 22:52:49.676 [info] > git check-ignore -v -z --stdin [28ms]
2023-06-16 22:52:49.677 [info] > git check-ignore -v -z --stdin [17ms]
2023-06-16 22:52:49.678 [info] > git check-ignore -v -z --stdin [5ms]
2023-06-16 22:53:11.063 [info] > git config --get commit.template [5ms]
2023-06-16 22:53:11.064 [info] > git for-each-ref --format=%(refname)%00%(upstream:short)%00%(objectname)%00%(upstream:track)%00%(upstream:remotename)%00%(upstream:remoteref) refs/heads/main refs/remotes/main [2ms]
2023-06-16 22:53:11.087 [info] > git status -z -uall [19ms]
2023-06-16 22:53:28.410 [info] > git config --get commit.template [10ms]
2023-06-16 22:53:28.410 [info] > git config --get commit.template [14ms]
2023-06-16 22:53:28.410 [info] > git config --get commit.template [18ms]
2023-06-16 22:53:28.411 [info] > git config --get commit.template [2ms]
2023-06-16 22:53:28.411 [info] > git config --get commit.template [6ms]
2023-06-16 22:53:28.435 [info] > git for-each-ref --format %(refname) %(objectname) %(*objectname) refs/tags [6ms]
2023-06-16 22:53:28.439 [info] > git for-each-ref --format %(refname) %(objectname) %(*objectname) refs/tags [15ms]
2023-06-16 22:53:28.443 [info] > git for-each-ref --format %(refname) %(objectname) %(*objectname) refs/tags [23ms]
2023-06-16 22:53:28.448 [info] > git for-each-ref --format=%(refname)%00%(upstream:short)%00%(objectname)%00%(upstream:track)%00%(upstream:remotename)%00%(upstream:remoteref) refs/heads/main refs/remotes/main [31ms]
2023-06-16 22:53:28.453 [info] > git status -z -uall [15ms]
2023-06-16 22:53:28.453 [info] > git status -z -uall [10ms]
2023-06-16 22:53:28.453 [info] > git status -z -uall [6ms]
2023-06-16 22:53:28.456 [info] > git for-each-ref --format %(refname) %(objectname) %(*objectname) refs/tags [23ms]
2023-06-16 22:53:28.463 [info] > git status -z -uall [3ms]
2023-06-16 22:53:28.464 [info] > git status -z -uall [12ms]
2023-06-16 22:53:28.485 [info] > git ls-files --stage -- /home/seb/Dev/dotfiles/.gitmodules [1ms]
2023-06-16 22:53:28.491 [info] > git cat-file -s 39450a78719f8be68dc0807be134c9d0fc0a404f [2ms]
2023-06-16 22:53:28.499 [info] > git show --textconv :.gitmodules [2ms]
2023-06-16 22:53:53.663 [info] > git config --get commit.template [5ms]
2023-06-16 22:53:53.664 [info] > git for-each-ref --format=%(refname)%00%(upstream:short)%00%(objectname)%00%(upstream:track)%00%(upstream:remotename)%00%(upstream:remoteref) refs/heads/main refs/remotes/main [1ms]
2023-06-16 22:53:53.681 [info] > git status -z -uall [13ms]
2023-06-16 22:53:53.768 [info] > git ls-files --stage -- /home/seb/Dev/dotfiles/.gitmodules [2ms]
2023-06-16 22:53:53.773 [info] > git cat-file -s 39450a78719f8be68dc0807be134c9d0fc0a404f [1ms]
2023-06-16 22:53:53.780 [info] > git show --textconv :.gitmodules [2ms]
2023-06-16 22:54:36.392 [info] > git config --get commit.template [5ms]
2023-06-16 22:54:36.393 [info] > git for-each-ref --format=%(refname)%00%(upstream:short)%00%(objectname)%00%(upstream:track)%00%(upstream:remotename)%00%(upstream:remoteref) refs/heads/main refs/remotes/main [1ms]
2023-06-16 22:54:36.409 [info] > git status -z -uall [12ms]
2023-06-16 22:54:36.489 [info] > git ls-files --stage -- /home/seb/Dev/dotfiles/.gitmodules [1ms]
2023-06-16 22:54:36.494 [info] > git cat-file -s 39450a78719f8be68dc0807be134c9d0fc0a404f [1ms]
2023-06-16 22:54:36.501 [info] > git show --textconv :.gitmodules [1ms]
2023-06-16 22:54:46.693 [info] > git config --get commit.template [4ms]
2023-06-16 22:54:46.694 [info] > git for-each-ref --format=%(refname)%00%(upstream:short)%00%(objectname)%00%(upstream:track)%00%(upstream:remotename)%00%(upstream:remoteref) refs/heads/main refs/remotes/main [1ms]
2023-06-16 22:54:46.711 [info] > git status -z -uall [13ms]
2023-06-16 22:54:46.797 [info] > git ls-files --stage -- /home/seb/Dev/dotfiles/.gitmodules [1ms]
2023-06-16 22:54:46.802 [info] > git cat-file -s 39450a78719f8be68dc0807be134c9d0fc0a404f [1ms]
2023-06-16 22:54:46.808 [info] > git show --textconv :.gitmodules [1ms]
2023-06-16 22:58:24.675 [info] > git check-ignore -v -z --stdin [1ms]
2023-06-16 22:58:26.126 [info] > git check-ignore -v -z --stdin [3ms]
2023-06-16 23:06:17.530 [info] > git show --textconv :apt.sh [7ms]
2023-06-16 23:06:17.531 [info] > git ls-files --stage -- /home/seb/Dev/dotfiles/.scripts/apt.sh [2ms]
2023-06-16 23:06:17.540 [info] > git cat-file -s 7e189e58ccb0457ea818b50d988f2a1bc1501fd6 [2ms]
2023-06-16 23:24:50.557 [info] > git show --textconv :pnpm.sh [12ms]
2023-06-16 23:24:50.559 [info] > git ls-files --stage -- /home/seb/Dev/dotfiles/.scripts/pnpm.sh [2ms]
2023-06-16 23:24:50.566 [info] > git cat-file -s 357ab65bcddba601e8fdbe667d372a10ea8318c0 [2ms]
2023-06-16 23:25:33.744 [info] > git config --get commit.template [5ms]
2023-06-16 23:25:33.752 [info] > git config --get commit.template [10ms]
2023-06-16 23:25:33.752 [info] > git for-each-ref --format=%(refname)%00%(upstream:short)%00%(objectname)%00%(upstream:track)%00%(upstream:remotename)%00%(upstream:remoteref) refs/heads/main refs/remotes/main [5ms]
2023-06-16 23:25:33.756 [info] > git for-each-ref --format %(refname) %(objectname) %(*objectname) refs/tags [5ms]
2023-06-16 23:25:33.762 [info] > git status -z -uall [2ms]
2023-06-16 23:25:33.768 [info] > git status -z -uall [12ms]
2023-06-16 23:25:36.116 [info] > git ls-files --stage -- /home/seb/Dev/dotfiles/.gitmodules [5ms]
2023-06-16 23:25:36.120 [info] > git ls-files --stage -- /home/seb/Dev/dotfiles/.scripts/pnpm.sh [5ms]
2023-06-16 23:25:36.124 [info] > git cat-file -s 39450a78719f8be68dc0807be134c9d0fc0a404f [5ms]
2023-06-16 23:25:36.125 [info] > git cat-file -s 357ab65bcddba601e8fdbe667d372a10ea8318c0 [2ms]
2023-06-16 23:25:36.131 [info] > git show --textconv :.gitmodules [1ms]
2023-06-16 23:25:36.138 [info] > git show --textconv :pnpm.sh [2ms]
2023-06-16 23:25:37.797 [info] > git ls-files --stage -- /home/seb/Dev/dotfiles/.gitmodules [6ms]
2023-06-16 23:25:37.801 [info] > git ls-files --stage -- /home/seb/Dev/dotfiles/.scripts/pnpm.sh [5ms]
2023-06-16 23:25:37.805 [info] > git cat-file -s 39450a78719f8be68dc0807be134c9d0fc0a404f [5ms]
2023-06-16 23:25:37.806 [info] > git cat-file -s 357ab65bcddba601e8fdbe667d372a10ea8318c0 [2ms]
2023-06-16 23:25:37.816 [info] > git show --textconv :.gitmodules [6ms]
2023-06-16 23:25:37.817 [info] > git show --textconv :pnpm.sh [2ms]
2023-06-16 23:25:38.783 [info] > git config --get commit.template [4ms]
2023-06-16 23:25:38.784 [info] > git for-each-ref --format=%(refname)%00%(upstream:short)%00%(objectname)%00%(upstream:track)%00%(upstream:remotename)%00%(upstream:remoteref) refs/heads/main refs/remotes/main [1ms]
2023-06-16 23:25:38.799 [info] > git status -z -uall [10ms]
2023-06-16 23:25:49.003 [info] > git config --get commit.template [6ms]
2023-06-16 23:25:49.004 [info] > git for-each-ref --format=%(refname)%00%(upstream:short)%00%(objectname)%00%(upstream:track)%00%(upstream:remotename)%00%(upstream:remoteref) refs/heads/main refs/remotes/main [1ms]
2023-06-16 23:25:49.019 [info] > git status -z -uall [11ms]
2023-06-16 23:25:49.111 [info] > git ls-files --stage -- /home/seb/Dev/dotfiles/.gitmodules [14ms]
2023-06-16 23:25:49.132 [info] > git cat-file -s 39450a78719f8be68dc0807be134c9d0fc0a404f [10ms]
2023-06-16 23:25:49.134 [info] > git ls-files --stage -- /home/seb/Dev/dotfiles/.scripts/pnpm.sh [23ms]
2023-06-16 23:25:49.159 [info] > git cat-file -s 357ab65bcddba601e8fdbe667d372a10ea8318c0 [14ms]
2023-06-16 23:25:49.162 [info] > git show --textconv :.gitmodules [4ms]
2023-06-16 23:25:49.175 [info] > git show --textconv :pnpm.sh [3ms]
2023-06-16 23:25:50.741 [info] > git ls-files --stage -- /home/seb/Dev/dotfiles/.gitmodules [5ms]
2023-06-16 23:25:50.746 [info] > git ls-files --stage -- /home/seb/Dev/dotfiles/.scripts/pnpm.sh [5ms]
2023-06-16 23:25:50.750 [info] > git cat-file -s 39450a78719f8be68dc0807be134c9d0fc0a404f [5ms]
2023-06-16 23:25:50.751 [info] > git cat-file -s 357ab65bcddba601e8fdbe667d372a10ea8318c0 [1ms]
2023-06-16 23:25:50.764 [info] > git show --textconv :.gitmodules [7ms]
2023-06-16 23:25:50.765 [info] > git show --textconv :pnpm.sh [2ms]
2023-06-16 23:25:54.045 [info] > git config --get commit.template [7ms]
2023-06-16 23:25:54.058 [info] > git for-each-ref --format=%(refname)%00%(upstream:short)%00%(objectname)%00%(upstream:track)%00%(upstream:remotename)%00%(upstream:remoteref) refs/heads/main refs/remotes/main [3ms]
2023-06-16 23:25:54.097 [info] > git status -z -uall [29ms]
2023-06-16 23:26:26.316 [info] > git config --get commit.template [4ms]
2023-06-16 23:26:26.317 [info] > git for-each-ref --format=%(refname)%00%(upstream:short)%00%(objectname)%00%(upstream:track)%00%(upstream:remotename)%00%(upstream:remoteref) refs/heads/main refs/remotes/main [1ms]
2023-06-16 23:26:26.332 [info] > git status -z -uall [11ms]
2023-06-16 23:26:26.417 [info] > git ls-files --stage -- /home/seb/Dev/dotfiles/.gitmodules [7ms]
2023-06-16 23:26:26.421 [info] > git ls-files --stage -- /home/seb/Dev/dotfiles/.scripts/pnpm.sh [6ms]
2023-06-16 23:26:26.426 [info] > git cat-file -s 39450a78719f8be68dc0807be134c9d0fc0a404f [5ms]
2023-06-16 23:26:26.426 [info] > git cat-file -s 357ab65bcddba601e8fdbe667d372a10ea8318c0 [1ms]
2023-06-16 23:26:26.437 [info] > git show --textconv :.gitmodules [6ms]
2023-06-16 23:26:26.437 [info] > git show --textconv :pnpm.sh [1ms]
2023-06-16 23:26:27.846 [info] > git ls-files --stage -- /home/seb/Dev/dotfiles/.gitmodules [5ms]
2023-06-16 23:26:27.850 [info] > git ls-files --stage -- /home/seb/Dev/dotfiles/.scripts/pnpm.sh [4ms]
2023-06-16 23:26:27.855 [info] > git cat-file -s 39450a78719f8be68dc0807be134c9d0fc0a404f [4ms]
2023-06-16 23:26:27.855 [info] > git cat-file -s 357ab65bcddba601e8fdbe667d372a10ea8318c0 [1ms]
2023-06-16 23:26:27.866 [info] > git show --textconv :.gitmodules [6ms]
2023-06-16 23:26:27.867 [info] > git show --textconv :pnpm.sh [2ms]
2023-06-16 23:26:30.327 [info] > git ls-files --stage -- /home/seb/Dev/dotfiles/.gitmodules [13ms]
2023-06-16 23:26:30.338 [info] > git ls-files --stage -- /home/seb/Dev/dotfiles/.scripts/pnpm.sh [12ms]
2023-06-16 23:26:30.349 [info] > git cat-file -s 39450a78719f8be68dc0807be134c9d0fc0a404f [12ms]
2023-06-16 23:26:30.350 [info] > git cat-file -s 357ab65bcddba601e8fdbe667d372a10ea8318c0 [3ms]
2023-06-16 23:26:30.374 [info] > git show --textconv :.gitmodules [12ms]
2023-06-16 23:26:30.376 [info] > git show --textconv :pnpm.sh [4ms]
2023-06-16 23:26:31.346 [info] > git config --get commit.template [4ms]
2023-06-16 23:26:31.347 [info] > git for-each-ref --format=%(refname)%00%(upstream:short)%00%(objectname)%00%(upstream:track)%00%(upstream:remotename)%00%(upstream:remoteref) refs/heads/main refs/remotes/main [1ms]
2023-06-16 23:26:31.363 [info] > git status -z -uall [12ms]
2023-06-16 23:26:31.966 [info] > git ls-files --stage -- /home/seb/Dev/dotfiles/.gitmodules [5ms]
2023-06-16 23:26:31.970 [info] > git ls-files --stage -- /home/seb/Dev/dotfiles/.scripts/pnpm.sh [5ms]
2023-06-16 23:26:31.974 [info] > git cat-file -s 39450a78719f8be68dc0807be134c9d0fc0a404f [5ms]
2023-06-16 23:26:31.975 [info] > git cat-file -s 357ab65bcddba601e8fdbe667d372a10ea8318c0 [1ms]
2023-06-16 23:26:31.985 [info] > git show --textconv :.gitmodules [5ms]
2023-06-16 23:26:31.986 [info] > git show --textconv :pnpm.sh [2ms]
2023-06-16 23:26:36.381 [info] > git config --get commit.template [5ms]
2023-06-16 23:26:36.382 [info] > git for-each-ref --format=%(refname)%00%(upstream:short)%00%(objectname)%00%(upstream:track)%00%(upstream:remotename)%00%(upstream:remoteref) refs/heads/main refs/remotes/main [1ms]
2023-06-16 23:26:36.397 [info] > git status -z -uall [12ms]
2023-06-16 23:26:57.337 [info] > git config --get commit.template [11ms]
2023-06-16 23:26:57.339 [info] > git for-each-ref --format=%(refname)%00%(upstream:short)%00%(objectname)%00%(upstream:track)%00%(upstream:remotename)%00%(upstream:remoteref) refs/heads/main refs/remotes/main [2ms]
2023-06-16 23:26:57.374 [info] > git status -z -uall [27ms]
2023-06-16 23:26:57.442 [info] > git ls-files --stage -- /home/seb/Dev/dotfiles/.gitmodules [13ms]
2023-06-16 23:26:57.452 [info] > git ls-files --stage -- /home/seb/Dev/dotfiles/.scripts/pnpm.sh [11ms]
2023-06-16 23:26:57.457 [info] > git cat-file -s 39450a78719f8be68dc0807be134c9d0fc0a404f [6ms]
2023-06-16 23:26:57.458 [info] > git cat-file -s 357ab65bcddba601e8fdbe667d372a10ea8318c0 [1ms]
2023-06-16 23:26:57.469 [info] > git show --textconv :.gitmodules [6ms]
2023-06-16 23:26:57.469 [info] > git show --textconv :pnpm.sh [2ms]
2023-06-16 23:26:59.204 [info] > git ls-files --stage -- /home/seb/Dev/dotfiles/.gitmodules [5ms]
2023-06-16 23:26:59.208 [info] > git ls-files --stage -- /home/seb/Dev/dotfiles/.scripts/pnpm.sh [5ms]
2023-06-16 23:26:59.213 [info] > git cat-file -s 39450a78719f8be68dc0807be134c9d0fc0a404f [5ms]
2023-06-16 23:26:59.213 [info] > git cat-file -s 357ab65bcddba601e8fdbe667d372a10ea8318c0 [1ms]
2023-06-16 23:26:59.223 [info] > git show --textconv :.gitmodules [5ms]
2023-06-16 23:26:59.224 [info] > git show --textconv :pnpm.sh [1ms]
2023-06-16 23:27:02.406 [info] > git config --get commit.template [12ms]
2023-06-16 23:27:02.407 [info] > git for-each-ref --format=%(refname)%00%(upstream:short)%00%(objectname)%00%(upstream:track)%00%(upstream:remotename)%00%(upstream:remoteref) refs/heads/main refs/remotes/main [1ms]
2023-06-16 23:27:02.421 [info] > git status -z -uall [10ms]
2023-06-16 23:27:13.381 [info] > git config --get commit.template [5ms]
2023-06-16 23:27:13.381 [info] > git for-each-ref --format %(refname) %(objectname) %(*objectname) refs/tags [1ms]
2023-06-16 23:27:13.386 [info] > git status -z -uall [1ms]
2023-06-16 23:27:13.484 [info] > git ls-files --stage -- /home/seb/Dev/dotfiles/.scripts/pnpm.sh [1ms]
2023-06-16 23:27:13.489 [info] > git cat-file -s 357ab65bcddba601e8fdbe667d372a10ea8318c0 [1ms]
2023-06-16 23:27:13.499 [info] > git show --textconv :pnpm.sh [1ms]
2023-06-16 23:27:15.177 [info] > git ls-files --stage -- /home/seb/Dev/dotfiles/.scripts/pnpm.sh [4ms]
2023-06-16 23:27:15.192 [info] > git cat-file -s 357ab65bcddba601e8fdbe667d372a10ea8318c0 [5ms]
2023-06-16 23:27:15.211 [info] > git show --textconv :pnpm.sh [5ms]
2023-06-16 23:27:17.291 [info] > git config --get commit.template [13ms]
2023-06-16 23:27:17.293 [info] > git for-each-ref --format=%(refname)%00%(upstream:short)%00%(objectname)%00%(upstream:track)%00%(upstream:remotename)%00%(upstream:remoteref) refs/heads/main refs/remotes/main [4ms]
2023-06-16 23:27:17.333 [info] > git status -z -uall [30ms]
2023-06-16 23:27:18.398 [info] > git config --get commit.template [2ms]
2023-06-16 23:27:18.407 [info] > git for-each-ref --format %(refname) %(objectname) %(*objectname) refs/tags [2ms]
2023-06-16 23:27:18.417 [info] > git status -z -uall [3ms]
2023-06-16 23:27:20.491 [info] > git ls-files --stage -- /home/seb/Dev/dotfiles/.scripts/pnpm.sh [2ms]
2023-06-16 23:27:20.495 [info] > git cat-file -s 357ab65bcddba601e8fdbe667d372a10ea8318c0 [1ms]
2023-06-16 23:27:20.502 [info] > git show --textconv :pnpm.sh [2ms]
2023-06-16 23:27:22.120 [info] > git ls-files --stage -- /home/seb/Dev/dotfiles/.scripts/pnpm.sh [2ms]
2023-06-16 23:27:22.125 [info] > git cat-file -s 357ab65bcddba601e8fdbe667d372a10ea8318c0 [2ms]
2023-06-16 23:27:22.132 [info] > git show --textconv :pnpm.sh [2ms]
2023-06-16 23:27:23.433 [info] > git config --get commit.template [4ms]
2023-06-16 23:27:23.433 [info] > git for-each-ref --format %(refname) %(objectname) %(*objectname) refs/tags [1ms]
2023-06-16 23:27:23.439 [info] > git status -z -uall [2ms]
2023-06-16 23:27:27.702 [info] > git ls-files --stage -- /home/seb/Dev/dotfiles/.scripts/pnpm.sh [1ms]
2023-06-16 23:27:27.707 [info] > git cat-file -s a69adda74cfe92180cbdbba31272529ff18fdf7f [1ms]
2023-06-16 23:27:27.714 [info] > git show --textconv :pnpm.sh [1ms]
2023-06-16 23:27:28.469 [info] > git config --get commit.template [12ms]
2023-06-16 23:27:28.470 [info] > git for-each-ref --format %(refname) %(objectname) %(*objectname) refs/tags [3ms]
2023-06-16 23:27:28.484 [info] > git status -z -uall [4ms]
2023-06-16 23:27:29.388 [info] > git ls-files --stage -- /home/seb/Dev/dotfiles/.scripts/pnpm.sh [1ms]
2023-06-16 23:27:29.393 [info] > git cat-file -s a69adda74cfe92180cbdbba31272529ff18fdf7f [1ms]
2023-06-16 23:27:29.400 [info] > git show --textconv :pnpm.sh [2ms]
2023-06-16 23:27:30.933 [info] > git ls-files --stage -- /home/seb/Dev/dotfiles/.scripts/pnpm.sh [1ms]
2023-06-16 23:27:30.938 [info] > git cat-file -s a69adda74cfe92180cbdbba31272529ff18fdf7f [2ms]
2023-06-16 23:27:30.945 [info] > git show --textconv :pnpm.sh [1ms]
2023-06-16 23:27:33.509 [info] > git config --get commit.template [4ms]
2023-06-16 23:27:33.510 [info] > git for-each-ref --format %(refname) %(objectname) %(*objectname) refs/tags [1ms]
2023-06-16 23:27:33.515 [info] > git status -z -uall [1ms]
2023-06-16 23:28:45.796 [info] Log level: Info
2023-06-16 23:28:45.797 [info] Validating found git in: "git"
2023-06-16 23:28:45.797 [info] Using git "2.40.1" from "git"
2023-06-16 23:28:45.797 [info] > git rev-parse --show-toplevel [5ms]
2023-06-16 23:28:45.797 [info] > git rev-parse --git-dir --git-common-dir [15ms]
2023-06-16 23:28:45.812 [info] Open repository: /home/seb/Dev/scripts
2023-06-16 23:28:45.833 [info] > git config --get commit.template [12ms]
2023-06-16 23:28:45.845 [info] > git for-each-ref --format=%(refname)%00%(upstream:short)%00%(objectname)%00%(upstream:track)%00%(upstream:remotename)%00%(upstream:remoteref) refs/heads/main refs/remotes/main [2ms]
2023-06-16 23:28:45.858 [info] > git status -z -uall [6ms]
2023-06-16 23:28:45.875 [info] > git config --get commit.template [3ms]
2023-06-16 23:28:45.882 [info] > git for-each-ref --format=%(refname)%00%(upstream:short)%00%(objectname)%00%(upstream:track)%00%(upstream:remotename)%00%(upstream:remoteref) refs/heads/main refs/remotes/main [1ms]
2023-06-16 23:28:45.905 [info] > git status -z -uall [19ms]
2023-06-16 23:28:46.406 [info] > git check-ignore -v -z --stdin [7ms]
2023-06-16 23:28:51.075 [info] > git show --textconv :draw.sh [16ms]
2023-06-16 23:28:51.079 [info] > git ls-files --stage -- /home/seb/Dev/scripts/draw.sh [6ms]
2023-06-16 23:28:51.091 [info] > git cat-file -s b65e5b450cb7b101feef9bd9664be8723476b49b [3ms]
2023-06-16 23:28:51.876 [info] > git show --textconv :init.sh [14ms]
2023-06-16 23:28:51.879 [info] > git ls-files --stage -- /home/seb/Dev/scripts/init.sh [5ms]
2023-06-16 23:28:51.907 [info] > git cat-file -s 745aecc1a917f877397590fed196d463649ced3f [17ms]
2023-06-16 23:29:46.234 [info] > git show --textconv :pnpm.sh [14ms]
2023-06-16 23:29:46.237 [info] > git ls-files --stage -- /home/seb/Dev/scripts/pnpm.sh [4ms]
2023-06-16 23:29:46.253 [info] > git cat-file -s 357ab65bcddba601e8fdbe667d372a10ea8318c0 [4ms]
2023-06-16 23:29:57.816 [info] > git config --get commit.template [5ms]
2023-06-16 23:29:57.830 [info] > git for-each-ref --format=%(refname)%00%(upstream:short)%00%(objectname)%00%(upstream:track)%00%(upstream:remotename)%00%(upstream:remoteref) refs/heads/main refs/remotes/main [4ms]
2023-06-16 23:29:57.844 [info] > git status -z -uall [5ms]
2023-06-16 23:30:00.575 [info] > git ls-files --stage -- /home/seb/Dev/scripts/init.sh [13ms]
2023-06-16 23:30:00.587 [info] > git ls-files --stage -- /home/seb/Dev/scripts/pnpm.sh [14ms]
2023-06-16 23:30:00.602 [info] > git cat-file -s 745aecc1a917f877397590fed196d463649ced3f [17ms]
2023-06-16 23:30:00.604 [info] > git cat-file -s 357ab65bcddba601e8fdbe667d372a10ea8318c0 [8ms]
2023-06-16 23:30:00.620 [info] > git show --textconv :init.sh [7ms]
2023-06-16 23:30:00.621 [info] > git show --textconv :pnpm.sh [2ms]
2023-06-16 23:30:02.195 [info] > git ls-files --stage -- /home/seb/Dev/scripts/init.sh [5ms]
2023-06-16 23:30:02.200 [info] > git ls-files --stage -- /home/seb/Dev/scripts/pnpm.sh [6ms]
2023-06-16 23:30:02.205 [info] > git cat-file -s 745aecc1a917f877397590fed196d463649ced3f [5ms]
2023-06-16 23:30:02.206 [info] > git cat-file -s 357ab65bcddba601e8fdbe667d372a10ea8318c0 [2ms]
2023-06-16 23:30:02.216 [info] > git show --textconv :init.sh [6ms]
2023-06-16 23:30:02.216 [info] > git show --textconv :pnpm.sh [1ms]
2023-06-16 23:30:02.870 [info] > git config --get commit.template [5ms]
2023-06-16 23:30:02.870 [info] > git for-each-ref --format=%(refname)%00%(upstream:short)%00%(objectname)%00%(upstream:track)%00%(upstream:remotename)%00%(upstream:remoteref) refs/heads/main refs/remotes/main [1ms]
2023-06-16 23:30:02.876 [info] > git status -z -uall [2ms]
2023-06-16 23:30:06.455 [info] > git ls-files --stage -- /home/seb/Dev/scripts/init.sh [5ms]
2023-06-16 23:30:06.459 [info] > git ls-files --stage -- /home/seb/Dev/scripts/pnpm.sh [5ms]
2023-06-16 23:30:06.463 [info] > git cat-file -s 745aecc1a917f877397590fed196d463649ced3f [5ms]
2023-06-16 23:30:06.463 [info] > git cat-file -s a69adda74cfe92180cbdbba31272529ff18fdf7f [1ms]
2023-06-16 23:30:06.472 [info] > git show --textconv :init.sh [4ms]
2023-06-16 23:30:06.473 [info] > git show --textconv :pnpm.sh [1ms]
2023-06-16 23:30:07.891 [info] > git config --get commit.template [4ms]
2023-06-16 23:30:07.891 [info] > git for-each-ref --format=%(refname)%00%(upstream:short)%00%(objectname)%00%(upstream:track)%00%(upstream:remotename)%00%(upstream:remoteref) refs/heads/main refs/remotes/main [1ms]
2023-06-16 23:30:07.896 [info] > git status -z -uall [1ms]
2023-06-16 23:30:08.597 [info] > git ls-files --stage -- /home/seb/Dev/scripts/init.sh [4ms]
2023-06-16 23:30:08.601 [info] > git ls-files --stage -- /home/seb/Dev/scripts/pnpm.sh [4ms]
2023-06-16 23:30:08.605 [info] > git cat-file -s 745aecc1a917f877397590fed196d463649ced3f [4ms]
2023-06-16 23:30:08.607 [info] > git cat-file -s a69adda74cfe92180cbdbba31272529ff18fdf7f [1ms]
2023-06-16 23:30:08.617 [info] > git show --textconv :init.sh [6ms]
2023-06-16 23:30:08.618 [info] > git show --textconv :pnpm.sh [2ms]
2023-06-16 23:30:10.004 [info] > git ls-files --stage -- /home/seb/Dev/scripts/init.sh [5ms]
2023-06-16 23:30:10.008 [info] > git ls-files --stage -- /home/seb/Dev/scripts/pnpm.sh [5ms]
2023-06-16 23:30:10.012 [info] > git cat-file -s 745aecc1a917f877397590fed196d463649ced3f [5ms]
2023-06-16 23:30:10.013 [info] > git cat-file -s a69adda74cfe92180cbdbba31272529ff18fdf7f [2ms]
2023-06-16 23:30:10.022 [info] > git show --textconv :init.sh [5ms]
2023-06-16 23:30:10.023 [info] > git show --textconv :pnpm.sh [2ms]
2023-06-16 23:30:49.735 [info] > git config --get commit.template [8ms]
2023-06-16 23:30:49.737 [info] > git for-each-ref --format=%(refname)%00%(upstream:short)%00%(objectname)%00%(upstream:track)%00%(upstream:remotename)%00%(upstream:remoteref) refs/heads/main refs/remotes/main [2ms]
2023-06-16 23:30:49.745 [info] > git status -z -uall [3ms]
2023-06-16 23:31:18.965 [info] > git config --get commit.template [4ms]
2023-06-16 23:31:18.966 [info] > git for-each-ref --format=%(refname)%00%(upstream:short)%00%(objectname)%00%(upstream:track)%00%(upstream:remotename)%00%(upstream:remoteref) refs/heads/main refs/remotes/main [2ms]
2023-06-16 23:31:18.971 [info] > git status -z -uall [2ms]
2023-06-16 23:31:32.193 [info] > git config --get commit.template [5ms]
2023-06-16 23:31:32.194 [info] > git for-each-ref --format=%(refname)%00%(upstream:short)%00%(objectname)%00%(upstream:track)%00%(upstream:remotename)%00%(upstream:remoteref) refs/heads/main refs/remotes/main [2ms]
2023-06-16 23:31:32.199 [info] > git status -z -uall [2ms]
2023-06-16 23:31:32.301 [info] > git ls-files --stage -- /home/seb/Dev/scripts/pnpm.sh [1ms]
2023-06-16 23:31:32.305 [info] > git ls-files --stage -- /home/seb/Dev/scripts/init.sh [10ms]
2023-06-16 23:31:32.311 [info] > git cat-file -s a69adda74cfe92180cbdbba31272529ff18fdf7f [6ms]
2023-06-16 23:31:32.312 [info] > git cat-file -s 745aecc1a917f877397590fed196d463649ced3f [2ms]
2023-06-16 23:31:32.322 [info] > git show --textconv :pnpm.sh [5ms]
2023-06-16 23:31:32.323 [info] > git show --textconv :init.sh [2ms]
2023-06-16 23:31:34.753 [info] > git ls-files --stage -- /home/seb/Dev/scripts/init.sh [6ms]
2023-06-16 23:31:34.757 [info] > git ls-files --stage -- /home/seb/Dev/scripts/pnpm.sh [6ms]
2023-06-16 23:31:34.761 [info] > git cat-file -s 7d8731a2f95883faf96b0d6daf8ce6991caf00eb [5ms]
2023-06-16 23:31:34.762 [info] > git cat-file -s a69adda74cfe92180cbdbba31272529ff18fdf7f [1ms]
2023-06-16 23:31:34.771 [info] > git show --textconv :init.sh [5ms]
2023-06-16 23:31:34.772 [info] > git show --textconv :pnpm.sh [2ms]
2023-06-16 23:31:37.196 [info] > git ls-files --stage -- /home/seb/Dev/scripts/init.sh [9ms]
2023-06-16 23:31:37.212 [info] > git cat-file -s 7d8731a2f95883faf96b0d6daf8ce6991caf00eb [10ms]
2023-06-16 23:31:37.213 [info] > git ls-files --stage -- /home/seb/Dev/scripts/pnpm.sh [18ms]
2023-06-16 23:31:37.220 [info] > git config --get commit.template [7ms]
2023-06-16 23:31:37.228 [info] > git cat-file -s a69adda74cfe92180cbdbba31272529ff18fdf7f [9ms]
2023-06-16 23:31:37.235 [info] > git show --textconv :init.sh [9ms]
2023-06-16 23:31:37.236 [info] > git for-each-ref --format=%(refname)%00%(upstream:short)%00%(objectname)%00%(upstream:track)%00%(upstream:remotename)%00%(upstream:remoteref) refs/heads/main refs/remotes/main [3ms]
2023-06-16 23:31:37.248 [info] > git status -z -uall [7ms]
2023-06-16 23:31:37.253 [info] > git show --textconv :pnpm.sh [5ms]
2023-06-16 23:31:54.599 [info] > git ls-files --stage -- /home/seb/Dev/scripts/init.sh [6ms]
2023-06-16 23:31:54.604 [info] > git config --get commit.template [16ms]
2023-06-16 23:31:54.610 [info] > git ls-files --stage -- /home/seb/Dev/scripts/pnpm.sh [12ms]
2023-06-16 23:31:54.614 [info] > git for-each-ref --format=%(refname)%00%(upstream:short)%00%(objectname)%00%(upstream:track)%00%(upstream:remotename)%00%(upstream:remoteref) refs/heads/main refs/remotes/main [6ms]
2023-06-16 23:31:54.618 [info] > git cat-file -s 7d8731a2f95883faf96b0d6daf8ce6991caf00eb [15ms]
2023-06-16 23:31:54.619 [info] > git cat-file -s a69adda74cfe92180cbdbba31272529ff18fdf7f [5ms]
2023-06-16 23:31:54.620 [info] > git status -z -uall [2ms]
2023-06-16 23:31:54.633 [info] > git show --textconv :init.sh [5ms]
2023-06-16 23:31:54.633 [info] > git show --textconv :pnpm.sh [1ms]
2023-06-16 23:32:41.568 [info] > git check-ignore -v -z --stdin [1ms]
2023-06-16 23:32:42.131 [info] > git config --get commit.template [4ms]
2023-06-16 23:32:42.132 [info] > git for-each-ref --format=%(refname)%00%(upstream:short)%00%(objectname)%00%(upstream:track)%00%(upstream:remotename)%00%(upstream:remoteref) refs/heads/main refs/remotes/main [1ms]
2023-06-16 23:32:42.137 [info] > git status -z -uall [2ms]
2023-06-16 23:32:51.905 [info] > git show --textconv :setup/fedora.sh [14ms]
2023-06-16 23:32:51.909 [info] > git ls-files --stage -- /home/seb/Dev/scripts/setup/fedora.sh [5ms]
2023-06-16 23:32:52.172 [info] > git check-ignore -v -z --stdin [1ms]
2023-06-16 23:32:52.720 [info] > git config --get commit.template [11ms]
2023-06-16 23:32:52.722 [info] > git for-each-ref --format=%(refname)%00%(upstream:short)%00%(objectname)%00%(upstream:track)%00%(upstream:remotename)%00%(upstream:remoteref) refs/heads/main refs/remotes/main [3ms]
2023-06-16 23:32:52.735 [info] > git status -z -uall [3ms]
2023-06-16 23:32:58.801 [info] > git show --textconv :setup/arch.sh [5ms]
2023-06-16 23:32:58.802 [info] > git ls-files --stage -- /home/seb/Dev/scripts/setup/arch.sh [2ms]
2023-06-16 23:32:59.065 [info] > git check-ignore -v -z --stdin [1ms]
2023-06-16 23:32:59.621 [info] > git config --get commit.template [14ms]
2023-06-16 23:32:59.623 [info] > git for-each-ref --format=%(refname)%00%(upstream:short)%00%(objectname)%00%(upstream:track)%00%(upstream:remotename)%00%(upstream:remoteref) refs/heads/main refs/remotes/main [4ms]
2023-06-16 23:32:59.635 [info] > git status -z -uall [3ms]
2023-06-16 23:33:10.498 [info] > git show --textconv :apt.sh [14ms]
2023-06-16 23:33:10.501 [info] > git ls-files --stage -- /home/seb/Dev/scripts/apt.sh [4ms]
2023-06-16 23:33:10.515 [info] > git cat-file -s 7e189e58ccb0457ea818b50d988f2a1bc1501fd6 [4ms]
2023-06-16 23:33:15.431 [info] > git config --get commit.template [6ms]
2023-06-16 23:33:15.431 [info] > git for-each-ref --format=%(refname)%00%(upstream:short)%00%(objectname)%00%(upstream:track)%00%(upstream:remotename)%00%(upstream:remoteref) refs/heads/main refs/remotes/main [1ms]
2023-06-16 23:33:15.438 [info] > git status -z -uall [2ms]
2023-06-16 23:33:46.023 [info] > git config --get commit.template [12ms]
2023-06-16 23:33:46.025 [info] > git for-each-ref --format=%(refname)%00%(upstream:short)%00%(objectname)%00%(upstream:track)%00%(upstream:remotename)%00%(upstream:remoteref) refs/heads/main refs/remotes/main [4ms]
2023-06-16 23:33:46.038 [info] > git status -z -uall [4ms]
2023-06-16 23:34:01.407 [info] > git config --get commit.template [4ms]
2023-06-16 23:34:01.420 [info] > git for-each-ref --format=%(refname)%00%(upstream:short)%00%(objectname)%00%(upstream:track)%00%(upstream:remotename)%00%(upstream:remoteref) refs/heads/main refs/remotes/main [4ms]
2023-06-16 23:34:01.434 [info] > git status -z -uall [4ms]
2023-06-16 23:34:01.533 [info] > git ls-files --stage -- /home/seb/Dev/scripts/pnpm.sh [14ms]
2023-06-16 23:34:01.540 [info] > git ls-files --stage -- /home/seb/Dev/scripts/init.sh [35ms]
2023-06-16 23:34:01.553 [info] > git ls-files --stage -- /home/seb/Dev/scripts/apt.sh [2ms]
2023-06-16 23:34:01.557 [info] > git cat-file -s 7d8731a2f95883faf96b0d6daf8ce6991caf00eb [12ms]
2023-06-16 23:34:01.558 [info] > git cat-file -s a69adda74cfe92180cbdbba31272529ff18fdf7f [19ms]
2023-06-16 23:34:01.558 [info] > git ls-files --stage -- /home/seb/Dev/scripts/setup/fedora.sh [27ms]
2023-06-16 23:34:01.560 [info] > git cat-file -s 7e189e58ccb0457ea818b50d988f2a1bc1501fd6 [2ms]
2023-06-16 23:34:01.572 [info] > git show --textconv :init.sh [6ms]
2023-06-16 23:34:01.584 [info] > git show --textconv :pnpm.sh [13ms]
2023-06-16 23:34:01.584 [info] > git show --textconv :setup/fedora.sh [6ms]
2023-06-16 23:34:01.584 [info] > git show --textconv :apt.sh [1ms]
2023-06-16 23:34:02.648 [info] > git show --textconv :ls.sh [15ms]
2023-06-16 23:34:02.651 [info] > git ls-files --stage -- /home/seb/Dev/scripts/ls.sh [5ms]
2023-06-16 23:34:02.673 [info] > git cat-file -s c75f666ba4e764f7ffe418b1530bb0da3a81a7fa [11ms]
2023-06-16 23:34:03.257 [info] > git ls-files --stage -- /home/seb/Dev/scripts/setup/fedora.sh [10ms]
2023-06-16 23:34:03.258 [info] > git ls-files --stage -- /home/seb/Dev/scripts/pnpm.sh [21ms]
2023-06-16 23:34:03.264 [info] > git ls-files --stage -- /home/seb/Dev/scripts/init.sh [36ms]
2023-06-16 23:34:03.270 [info] > git cat-file -s a69adda74cfe92180cbdbba31272529ff18fdf7f [6ms]
2023-06-16 23:34:03.271 [info] > git ls-files --stage -- /home/seb/Dev/scripts/ls.sh [16ms]
2023-06-16 23:34:03.284 [info] > git show --textconv :setup/fedora.sh [1ms]
2023-06-16 23:34:03.284 [info] > git cat-file -s c75f666ba4e764f7ffe418b1530bb0da3a81a7fa [9ms]
2023-06-16 23:34:03.285 [info] > git cat-file -s 7d8731a2f95883faf96b0d6daf8ce6991caf00eb [16ms]
2023-06-16 23:34:03.299 [info] > git show --textconv :pnpm.sh [9ms]
2023-06-16 23:34:03.305 [info] > git show --textconv :ls.sh [7ms]
2023-06-16 23:34:03.306 [info] > git show --textconv :init.sh [2ms]
2023-06-16 23:34:06.451 [info] > git config --get commit.template [4ms]
2023-06-16 23:34:06.452 [info] > git for-each-ref --format=%(refname)%00%(upstream:short)%00%(objectname)%00%(upstream:track)%00%(upstream:remotename)%00%(upstream:remoteref) refs/heads/main refs/remotes/main [1ms]
2023-06-16 23:34:06.457 [info] > git status -z -uall [2ms]
2023-06-16 23:34:06.779 [info] > git show --textconv :install.sh [7ms]
2023-06-16 23:34:06.780 [info] > git ls-files --stage -- /home/seb/Dev/scripts/install.sh [3ms]
2023-06-16 23:34:06.785 [info] > git cat-file -s f2db6239a8b9f0ffd59ff1d774c07b555a467939 [1ms]
2023-06-16 23:34:37.958 [info] > git show --textconv :fedora_install.md [7ms]
2023-06-16 23:34:37.959 [info] > git ls-files --stage -- /home/seb/Dev/scripts/fedora_install.md [2ms]
2023-06-16 23:34:37.966 [info] > git cat-file -s d67bfd2d1937a55c8c7cdef8cdaac921a8c62ea1 [1ms]
2023-06-16 23:34:43.805 [info] > git show --textconv :setup/fedora_install.md [8ms]
2023-06-16 23:34:43.806 [info] > git ls-files --stage -- /home/seb/Dev/scripts/setup/fedora_install.md [2ms]
2023-06-16 23:34:44.062 [info] > git check-ignore -v -z --stdin [2ms]
2023-06-16 23:34:44.656 [info] > git config --get commit.template [17ms]
2023-06-16 23:34:44.658 [info] > git for-each-ref --format=%(refname)%00%(upstream:short)%00%(objectname)%00%(upstream:track)%00%(upstream:remotename)%00%(upstream:remoteref) refs/heads/main refs/remotes/main [4ms]
2023-06-16 23:34:44.675 [info] > git status -z -uall [5ms]
2023-06-16 23:35:00.316 [info] > git show --textconv :setup/fedora.md [14ms]
2023-06-16 23:35:00.318 [info] > git ls-files --stage -- /home/seb/Dev/scripts/setup/fedora.md [3ms]
2023-06-16 23:35:00.562 [info] > git check-ignore -v -z --stdin [3ms]
2023-06-16 23:35:01.142 [info] > git config --get commit.template [12ms]
2023-06-16 23:35:01.144 [info] > git for-each-ref --format=%(refname)%00%(upstream:short)%00%(objectname)%00%(upstream:track)%00%(upstream:remotename)%00%(upstream:remoteref) refs/heads/main refs/remotes/main [3ms]
2023-06-16 23:35:01.154 [info] > git status -z -uall [3ms]
2023-06-16 23:36:03.331 [info] > git config --get commit.template [5ms]
2023-06-16 23:36:03.332 [info] > git for-each-ref --format=%(refname)%00%(upstream:short)%00%(objectname)%00%(upstream:track)%00%(upstream:remotename)%00%(upstream:remoteref) refs/heads/main refs/remotes/main [2ms]
2023-06-16 23:36:03.337 [info] > git status -z -uall [1ms]
2023-06-16 23:36:03.456 [info] > git ls-files --stage -- /home/seb/Dev/scripts/pnpm.sh [15ms]
2023-06-16 23:36:03.468 [info] > git ls-files --stage -- /home/seb/Dev/scripts/init.sh [41ms]
2023-06-16 23:36:03.486 [info] > git cat-file -s 7d8731a2f95883faf96b0d6daf8ce6991caf00eb [10ms]
2023-06-16 23:36:03.487 [info] > git cat-file -s a69adda74cfe92180cbdbba31272529ff18fdf7f [20ms]
2023-06-16 23:36:03.487 [info] > git ls-files --stage -- /home/seb/Dev/scripts/setup/fedora.sh [34ms]
2023-06-16 23:36:03.492 [info] > git ls-files --stage -- /home/seb/Dev/scripts/setup/fedora.md [9ms]
2023-06-16 23:36:03.506 [info] > git show --textconv :init.sh [5ms]
2023-06-16 23:36:03.507 [info] > git cat-file -s d67bfd2d1937a55c8c7cdef8cdaac921a8c62ea1 [11ms]
2023-06-16 23:36:03.508 [info] > git cat-file -s 4b08e5b6637fc60550e47135f1f0d3faec25d999 [16ms]
2023-06-16 23:36:03.509 [info] > git show --textconv :pnpm.sh [3ms]
2023-06-16 23:36:03.521 [info] > git show --textconv :setup/fedora.md [6ms]
2023-06-16 23:36:03.522 [info] > git show --textconv :setup/fedora.sh [2ms]
2023-06-16 23:36:05.495 [info] > git ls-files --stage -- /home/seb/Dev/scripts/setup/fedora.sh [7ms]
2023-06-16 23:36:05.499 [info] > git ls-files --stage -- /home/seb/Dev/scripts/pnpm.sh [15ms]
2023-06-16 23:36:05.503 [info] > git ls-files --stage -- /home/seb/Dev/scripts/init.sh [24ms]
2023-06-16 23:36:05.508 [info] > git cat-file -s a69adda74cfe92180cbdbba31272529ff18fdf7f [5ms]
2023-06-16 23:36:05.508 [info] > git cat-file -s 4b08e5b6637fc60550e47135f1f0d3faec25d999 [9ms]
2023-06-16 23:36:05.509 [info] > git ls-files --stage -- /home/seb/Dev/scripts/setup/fedora.md [15ms]
2023-06-16 23:36:05.514 [info] > git cat-file -s 7d8731a2f95883faf96b0d6daf8ce6991caf00eb [7ms]
2023-06-16 23:36:05.525 [info] > git show --textconv :pnpm.sh [5ms]
2023-06-16 23:36:05.526 [info] > git cat-file -s d67bfd2d1937a55c8c7cdef8cdaac921a8c62ea1 [12ms]
2023-06-16 23:36:05.531 [info] > git show --textconv :setup/fedora.sh [7ms]
2023-06-16 23:36:05.537 [info] > git show --textconv :init.sh [7ms]
2023-06-16 23:36:05.538 [info] > git show --textconv :setup/fedora.md [2ms]
2023-06-16 23:36:07.175 [info] > git ls-files --stage -- /home/seb/Dev/scripts/setup/fedora.sh [7ms]
2023-06-16 23:36:07.179 [info] > git ls-files --stage -- /home/seb/Dev/scripts/pnpm.sh [15ms]
2023-06-16 23:36:07.183 [info] > git ls-files --stage -- /home/seb/Dev/scripts/init.sh [24ms]
2023-06-16 23:36:07.187 [info] > git cat-file -s a69adda74cfe92180cbdbba31272529ff18fdf7f [4ms]
2023-06-16 23:36:07.188 [info] > git cat-file -s 4b08e5b6637fc60550e47135f1f0d3faec25d999 [9ms]
2023-06-16 23:36:07.188 [info] > git ls-files --stage -- /home/seb/Dev/scripts/setup/fedora.md [15ms]
2023-06-16 23:36:07.193 [info] > git cat-file -s 7d8731a2f95883faf96b0d6daf8ce6991caf00eb [7ms]
2023-06-16 23:36:07.204 [info] > git show --textconv :pnpm.sh [6ms]
2023-06-16 23:36:07.205 [info] > git cat-file -s d67bfd2d1937a55c8c7cdef8cdaac921a8c62ea1 [13ms]
2023-06-16 23:36:07.210 [info] > git show --textconv :setup/fedora.sh [7ms]
2023-06-16 23:36:07.216 [info] > git show --textconv :init.sh [6ms]
2023-06-16 23:36:07.217 [info] > git show --textconv :setup/fedora.md [1ms]
2023-06-16 23:36:08.354 [info] > git config --get commit.template [5ms]
2023-06-16 23:36:08.355 [info] > git for-each-ref --format=%(refname)%00%(upstream:short)%00%(objectname)%00%(upstream:track)%00%(upstream:remotename)%00%(upstream:remoteref) refs/heads/main refs/remotes/main [2ms]
2023-06-16 23:36:08.361 [info] > git status -z -uall [2ms]
2023-06-16 23:37:40.394 [info] > git config --get commit.template [4ms]
2023-06-16 23:37:40.394 [info] > git for-each-ref --format=%(refname)%00%(upstream:short)%00%(objectname)%00%(upstream:track)%00%(upstream:remotename)%00%(upstream:remoteref) refs/heads/main refs/remotes/main [1ms]
2023-06-16 23:37:40.400 [info] > git status -z -uall [2ms]
2023-06-16 23:38:16.838 [info] Log level: Info
2023-06-16 23:38:16.838 [info] Validating found git in: "git"
2023-06-16 23:38:16.838 [info] Using git "2.40.1" from "git"
2023-06-16 23:38:16.838 [info] > git rev-parse --show-toplevel [4ms]
2023-06-16 23:38:16.838 [info] > git rev-parse --git-dir --git-common-dir [2ms]
2023-06-16 23:38:16.838 [info] Open repository: /home/seb/Dev/dotfiles
2023-06-16 23:38:16.838 [info] > git rev-parse --show-toplevel [7ms]
2023-06-16 23:38:16.838 [info] > git rev-parse --git-dir --git-common-dir [3ms]
2023-06-16 23:38:16.838 [info] Open repository: /home/seb/Dev/dotfiles/.scripts
2023-06-16 23:38:16.838 [info] > git config --get commit.template [16ms]
2023-06-16 23:38:16.838 [info] > git rev-parse --show-toplevel [14ms]
2023-06-16 23:38:16.838 [info] > git rev-parse --show-toplevel [17ms]
2023-06-16 23:38:16.838 [info] > git config --get commit.template [29ms]
2023-06-16 23:38:16.838 [info] > git for-each-ref --format=%(refname)%00%(upstream:short)%00%(objectname)%00%(upstream:track)%00%(upstream:remotename)%00%(upstream:remoteref) refs/heads/main refs/remotes/main [34ms]
2023-06-16 23:38:16.838 [info] > git rev-parse --git-dir --git-common-dir [15ms]
2023-06-16 23:38:16.838 [info] Open repository: /home/seb/Dev/dotfiles/.slimzsh
2023-06-16 23:38:16.838 [info] > git status -z -uall [36ms]
2023-06-16 23:38:16.844 [info] > git config --get commit.template [16ms]
2023-06-16 23:38:16.844 [info] > git for-each-ref --format %(refname) %(objectname) %(*objectname) refs/tags [21ms]
2023-06-16 23:38:16.855 [info] > git status -z -uall [5ms]
2023-06-16 23:38:16.861 [info] > git config --get commit.template [18ms]
2023-06-16 23:38:16.883 [info] > git config --get commit.template [10ms]
2023-06-16 23:38:16.883 [info] > git for-each-ref --format %(refname) %(objectname) %(*objectname) refs/tags [15ms]
2023-06-16 23:38:16.890 [info] > git for-each-ref --format=%(refname)%00%(upstream:short)%00%(objectname)%00%(upstream:track)%00%(upstream:remotename)%00%(upstream:remoteref) refs/heads/main refs/remotes/main [8ms]
2023-06-16 23:38:16.901 [info] > git status -z -uall [13ms]
2023-06-16 23:38:16.914 [info] > git status -z -uall [19ms]
2023-06-16 23:38:16.914 [info] > git for-each-ref --format %(refname) %(objectname) %(*objectname) refs/tags [14ms]
2023-06-16 23:38:16.920 [info] > git config --get commit.template [7ms]
2023-06-16 23:38:16.923 [info] > git status -z -uall [5ms]
2023-06-16 23:38:16.931 [info] > git for-each-ref --format %(refname) %(objectname) %(*objectname) refs/tags [2ms]
2023-06-16 23:38:16.943 [info] > git status -z -uall [8ms]
2023-06-16 23:38:17.388 [info] > git show --textconv :pnpm.sh [22ms]
2023-06-16 23:38:17.388 [info] > git check-ignore -v -z --stdin [12ms]
2023-06-16 23:38:17.389 [info] > git check-ignore -v -z --stdin [8ms]
2023-06-16 23:38:17.390 [info] > git check-ignore -v -z --stdin [3ms]
2023-06-16 23:38:17.390 [info] > git ls-files --stage -- /home/seb/Dev/dotfiles/.scripts/pnpm.sh [19ms]
2023-06-16 23:38:17.397 [info] > git cat-file -s a69adda74cfe92180cbdbba31272529ff18fdf7f [2ms]
2023-06-16 23:38:17.459 [info] > git rev-parse --show-toplevel [4ms]
2023-06-16 23:38:17.471 [info] > git rev-parse --git-dir --git-common-dir [3ms]
2023-06-16 23:38:17.478 [info] Open repository: /home/seb/Dev/dotfiles/.slimzsh/pure
2023-06-16 23:38:17.494 [info] > git config --get commit.template [1ms]
2023-06-16 23:38:17.494 [info] > git rev-parse --show-toplevel [8ms]
2023-06-16 23:38:17.501 [info] > git rev-parse --git-dir --git-common-dir [3ms]
2023-06-16 23:38:17.504 [info] Open repository: /home/seb/Dev/dotfiles/.slimzsh/fast-syntax-highlighting
2023-06-16 23:38:17.518 [info] > git for-each-ref --format %(refname) %(objectname) %(*objectname) refs/tags [7ms]
2023-06-16 23:38:17.527 [info] > git config --get commit.template [11ms]
2023-06-16 23:38:17.539 [info] > git status -z -uall [13ms]
2023-06-16 23:38:17.548 [info] > git for-each-ref --format %(refname) %(objectname) %(*objectname) refs/tags [14ms]
2023-06-16 23:38:17.554 [info] > git config --get commit.template [7ms]
2023-06-16 23:38:17.559 [info] > git status -z -uall [6ms]
2023-06-16 23:38:17.569 [info] > git for-each-ref --format %(refname) %(objectname) %(*objectname) refs/tags [11ms]
2023-06-16 23:38:17.575 [info] > git config --get commit.template [7ms]
2023-06-16 23:38:17.575 [info] > git status -z -uall [2ms]
2023-06-16 23:38:17.584 [info] > git for-each-ref --format %(refname) %(objectname) %(*objectname) refs/tags [2ms]
2023-06-16 23:38:17.590 [info] > git status -z -uall [2ms]
2023-06-16 23:38:18.038 [info] > git check-ignore -v -z --stdin [27ms]
2023-06-16 23:38:18.038 [info] > git check-ignore -v -z --stdin [14ms]
2023-06-16 23:38:18.039 [info] > git check-ignore -v -z --stdin [4ms]
2023-06-16 23:38:22.333 [info] > git config --get commit.template [13ms]
2023-06-16 23:38:22.352 [info] > git config --get commit.template [22ms]
2023-06-16 23:38:22.353 [info] > git for-each-ref --format=%(refname)%00%(upstream:short)%00%(objectname)%00%(upstream:track)%00%(upstream:remotename)%00%(upstream:remoteref) refs/heads/main refs/remotes/main [11ms]
2023-06-16 23:38:22.357 [info] > git for-each-ref --format %(refname) %(objectname) %(*objectname) refs/tags [5ms]
2023-06-16 23:38:22.363 [info] > git status -z -uall [2ms]
2023-06-16 23:38:22.368 [info] > git status -z -uall [11ms]
2023-06-16 23:38:22.422 [info] > git ls-files --stage -- /home/seb/Dev/dotfiles/.scripts/pnpm.sh [3ms]
2023-06-16 23:38:22.435 [info] > git cat-file -s a69adda74cfe92180cbdbba31272529ff18fdf7f [3ms]
2023-06-16 23:38:22.452 [info] > git show --textconv :pnpm.sh [3ms]
2023-06-16 23:38:24.410 [info] > git ls-files --stage -- /home/seb/Dev/dotfiles/.scripts/pnpm.sh [1ms]
2023-06-16 23:38:24.415 [info] > git cat-file -s a69adda74cfe92180cbdbba31272529ff18fdf7f [1ms]
2023-06-16 23:38:24.422 [info] > git show --textconv :pnpm.sh [1ms]
2023-06-16 23:38:27.385 [info] > git config --get commit.template [6ms]
2023-06-16 23:38:27.422 [info] > git config --get commit.template [26ms]
2023-06-16 23:38:27.423 [info] > git for-each-ref --format %(refname) %(objectname) %(*objectname) refs/tags [15ms]
2023-06-16 23:38:27.438 [info] > git for-each-ref --format=%(refname)%00%(upstream:short)%00%(objectname)%00%(upstream:track)%00%(upstream:remotename)%00%(upstream:remoteref) refs/heads/main refs/remotes/main [17ms]
2023-06-16 23:38:27.448 [info] > git status -z -uall [11ms]
2023-06-16 23:38:27.463 [info] > git status -z -uall [16ms]
2023-06-16 23:38:29.208 [info] > git show --textconv :README.md [14ms]
2023-06-16 23:38:29.208 [info] > git ls-files --stage -- /home/seb/Dev/dotfiles/README.md [8ms]
2023-06-16 23:38:29.214 [info] > git cat-file -s 445962c79c8c9539acf6afcfa276ad1876e93ebe [2ms]
2023-06-16 23:41:05.841 [info] > git config --get commit.template [17ms]
2023-06-16 23:41:05.843 [info] > git for-each-ref --format=%(refname)%00%(upstream:short)%00%(objectname)%00%(upstream:track)%00%(upstream:remotename)%00%(upstream:remoteref) refs/heads/main refs/remotes/main [4ms]
2023-06-16 23:41:05.888 [info] > git status -z -uall [34ms]
2023-06-16 23:41:26.939 [info] > git show --textconv :install.sh [17ms]
2023-06-16 23:41:26.942 [info] > git ls-files --stage -- /home/seb/Dev/dotfiles/install.sh [5ms]
2023-06-16 23:41:27.184 [info] > git check-ignore -v -z --stdin [3ms]
2023-06-16 23:41:27.758 [info] > git config --get commit.template [17ms]
2023-06-16 23:41:27.760 [info] > git for-each-ref --format=%(refname)%00%(upstream:short)%00%(objectname)%00%(upstream:track)%00%(upstream:remotename)%00%(upstream:remoteref) refs/heads/main refs/remotes/main [4ms]
2023-06-16 23:41:27.801 [info] > git status -z -uall [27ms]
2023-06-16 23:41:34.734 [info] > git config --get commit.template [5ms]
2023-06-16 23:41:34.735 [info] > git for-each-ref --format=%(refname)%00%(upstream:short)%00%(objectname)%00%(upstream:track)%00%(upstream:remotename)%00%(upstream:remoteref) refs/heads/main refs/remotes/main [1ms]
2023-06-16 23:41:34.753 [info] > git status -z -uall [14ms]
2023-06-16 23:41:38.742 [info] > git show --textconv :install.sh [11ms]
2023-06-16 23:41:38.744 [info] > git ls-files --stage -- /home/seb/Dev/dotfiles/install.sh [4ms]
2023-06-16 23:41:48.197 [info] > git show --textconv :.gitmodules [24ms]
2023-06-16 23:41:48.200 [info] > git ls-files --stage -- /home/seb/Dev/dotfiles/.gitmodules [12ms]
2023-06-16 23:41:48.217 [info] > git cat-file -s 39450a78719f8be68dc0807be134c9d0fc0a404f [4ms]
2023-06-16 23:41:52.129 [info] > git check-ignore -v -z --stdin [3ms]
2023-06-16 23:43:11.037 [info] > git config --get commit.template [5ms]
2023-06-16 23:43:11.038 [info] > git for-each-ref --format %(refname) %(objectname) %(*objectname) refs/tags [1ms]
2023-06-16 23:43:11.044 [info] > git status -z -uall [2ms]
2023-06-16 23:43:11.142 [info] > git ls-files --stage -- /home/seb/Dev/dotfiles/.scripts/pnpm.sh [3ms]
2023-06-16 23:43:11.156 [info] > git cat-file -s a69adda74cfe92180cbdbba31272529ff18fdf7f [4ms]
2023-06-16 23:43:11.176 [info] > git show --textconv :pnpm.sh [6ms]
2023-06-16 23:43:12.760 [info] > git ls-files --stage -- /home/seb/Dev/dotfiles/.scripts/pnpm.sh [3ms]
2023-06-16 23:43:12.774 [info] > git cat-file -s a69adda74cfe92180cbdbba31272529ff18fdf7f [3ms]
2023-06-16 23:43:12.794 [info] > git show --textconv :pnpm.sh [4ms]
2023-06-16 23:43:15.052 [info] > git check-ignore -v -z --stdin [10ms]
2023-06-16 23:43:15.053 [info] > git check-ignore -v -z --stdin [6ms]
2023-06-16 23:43:15.053 [info] > git check-ignore -v -z --stdin [2ms]
2023-06-16 23:43:16.080 [info] > git config --get commit.template [17ms]
2023-06-16 23:43:16.081 [info] > git for-each-ref --format %(refname) %(objectname) %(*objectname) refs/tags [3ms]
2023-06-16 23:43:16.097 [info] > git status -z -uall [5ms]
2023-06-16 23:43:24.967 [info] > git config --get commit.template [5ms]
2023-06-16 23:43:24.968 [info] > git for-each-ref --format %(refname) %(objectname) %(*objectname) refs/tags [2ms]
2023-06-16 23:43:24.974 [info] > git status -z -uall [2ms]
2023-06-16 23:43:25.073 [info] > git ls-files --stage -- /home/seb/Dev/dotfiles/.scripts/pnpm.sh [4ms]
2023-06-16 23:43:25.088 [info] > git cat-file -s a69adda74cfe92180cbdbba31272529ff18fdf7f [4ms]
2023-06-16 23:43:25.112 [info] > git show --textconv :pnpm.sh [10ms]
2023-06-16 23:43:26.654 [info] > git ls-files --stage -- /home/seb/Dev/dotfiles/.scripts/pnpm.sh [1ms]
2023-06-16 23:43:26.659 [info] > git cat-file -s a69adda74cfe92180cbdbba31272529ff18fdf7f [1ms]
2023-06-16 23:43:26.667 [info] > git show --textconv :pnpm.sh [2ms]
2023-06-16 23:43:29.991 [info] > git config --get commit.template [4ms]
2023-06-16 23:43:29.992 [info] > git for-each-ref --format %(refname) %(objectname) %(*objectname) refs/tags [1ms]
2023-06-16 23:43:29.998 [info] > git status -z -uall [2ms]
2023-06-16 23:44:01.299 [info] > git check-ignore -v -z --stdin [1ms]
2023-06-16 23:44:41.521 [info] > git config --get commit.template [5ms]
2023-06-16 23:44:41.521 [info] > git for-each-ref --format %(refname) %(objectname) %(*objectname) refs/tags [1ms]
2023-06-16 23:44:41.527 [info] > git status -z -uall [2ms]
2023-06-16 23:44:41.625 [info] > git ls-files --stage -- /home/seb/Dev/dotfiles/.scripts/pnpm.sh [3ms]
2023-06-16 23:44:41.640 [info] > git cat-file -s a69adda74cfe92180cbdbba31272529ff18fdf7f [3ms]
2023-06-16 23:44:41.658 [info] > git show --textconv :pnpm.sh [3ms]
2023-06-16 23:44:43.273 [info] > git ls-files --stage -- /home/seb/Dev/dotfiles/.scripts/pnpm.sh [3ms]
2023-06-16 23:44:43.288 [info] > git cat-file -s a69adda74cfe92180cbdbba31272529ff18fdf7f [4ms]
2023-06-16 23:44:43.306 [info] > git show --textconv :pnpm.sh [3ms]
2023-06-16 23:44:46.551 [info] > git config --get commit.template [9ms]
2023-06-16 23:44:46.552 [info] > git for-each-ref --format %(refname) %(objectname) %(*objectname) refs/tags [3ms]
2023-06-16 23:44:46.565 [info] > git status -z -uall [4ms]
2023-06-16 23:44:51.686 [info] > git config --get commit.template [13ms]
2023-06-16 23:44:51.688 [info] > git for-each-ref --format=%(refname)%00%(upstream:short)%00%(objectname)%00%(upstream:track)%00%(upstream:remotename)%00%(upstream:remoteref) refs/heads/main refs/remotes/main [4ms]
2023-06-16 23:44:51.729 [info] > git status -z -uall [31ms]
2023-06-16 23:44:56.751 [info] > git config --get commit.template [5ms]
2023-06-16 23:44:56.752 [info] > git for-each-ref --format=%(refname)%00%(upstream:short)%00%(objectname)%00%(upstream:track)%00%(upstream:remotename)%00%(upstream:remoteref) refs/heads/main refs/remotes/main [1ms]
2023-06-16 23:44:56.767 [info] > git status -z -uall [11ms]
2023-06-16 23:45:13.784 [info] > git config --get commit.template [5ms]
2023-06-16 23:45:13.784 [info] > git for-each-ref --format=%(refname)%00%(upstream:short)%00%(objectname)%00%(upstream:track)%00%(upstream:remotename)%00%(upstream:remoteref) refs/heads/main refs/remotes/main [1ms]
2023-06-16 23:45:13.800 [info] > git status -z -uall [12ms]
2023-06-16 23:45:13.913 [info] > git ls-files --stage -- /home/seb/Dev/dotfiles/install.sh [4ms]
2023-06-16 23:45:13.915 [info] > git ls-files --stage -- /home/seb/Dev/dotfiles/README.md [19ms]
2023-06-16 23:45:13.927 [info] > git ls-files --stage -- /home/seb/Dev/dotfiles/.scripts/pnpm.sh [45ms]
2023-06-16 23:45:13.954 [info] > git cat-file -s a69adda74cfe92180cbdbba31272529ff18fdf7f [14ms]
2023-06-16 23:45:13.955 [info] > git cat-file -s 445962c79c8c9539acf6afcfa276ad1876e93ebe [29ms]
2023-06-16 23:45:13.969 [info] > git ls-files --stage -- /home/seb/Dev/dotfiles/.gitmodules [18ms]
2023-06-16 23:45:14.001 [info] > git show --textconv :install.sh [33ms]
2023-06-16 23:45:14.001 [info] > git show --textconv :pnpm.sh [11ms]
2023-06-16 23:45:14.002 [info] > git cat-file -s 39450a78719f8be68dc0807be134c9d0fc0a404f [23ms]
2023-06-16 23:45:14.003 [info] > git show --textconv :README.md [4ms]
2023-06-16 23:45:14.011 [info] > git show --textconv :.gitmodules [1ms]
2023-06-16 23:45:15.503 [info] > git ls-files --stage -- /home/seb/Dev/dotfiles/README.md [5ms]
2023-06-16 23:45:15.507 [info] > git ls-files --stage -- /home/seb/Dev/dotfiles/.scripts/pnpm.sh [14ms]
2023-06-16 23:45:15.517 [info] > git cat-file -s a69adda74cfe92180cbdbba31272529ff18fdf7f [6ms]
2023-06-16 23:45:15.517 [info] > git cat-file -s 445962c79c8c9539acf6afcfa276ad1876e93ebe [10ms]
2023-06-16 23:45:15.518 [info] > git ls-files --stage -- /home/seb/Dev/dotfiles/install.sh [16ms]
2023-06-16 23:45:15.518 [info] > git ls-files --stage -- /home/seb/Dev/dotfiles/.gitmodules [2ms]
2023-06-16 23:45:15.529 [info] > git cat-file -s 39450a78719f8be68dc0807be134c9d0fc0a404f [6ms]
2023-06-16 23:45:15.541 [info] > git show --textconv :pnpm.sh [12ms]
2023-06-16 23:45:15.541 [info] > git show --textconv :README.md [6ms]
2023-06-16 23:45:15.541 [info] > git show --textconv :install.sh [1ms]
2023-06-16 23:45:15.548 [info] > git show --textconv :.gitmodules [1ms]
2023-06-16 23:45:17.188 [info] > git config --get commit.template [5ms]
2023-06-16 23:45:17.189 [info] > git for-each-ref --format %(refname) %(objectname) %(*objectname) refs/tags [1ms]
2023-06-16 23:45:17.195 [info] > git status -z -uall [2ms]
2023-06-16 23:45:17.291 [info] > git ls-files --stage -- /home/seb/Dev/dotfiles/.scripts/pnpm.sh [1ms]
2023-06-16 23:45:17.297 [info] > git cat-file -s a69adda74cfe92180cbdbba31272529ff18fdf7f [2ms]
2023-06-16 23:45:17.304 [info] > git show --textconv :pnpm.sh [1ms]
2023-06-16 23:45:18.823 [info] > git config --get commit.template [6ms]
2023-06-16 23:45:18.824 [info] > git for-each-ref --format=%(refname)%00%(upstream:short)%00%(objectname)%00%(upstream:track)%00%(upstream:remotename)%00%(upstream:remoteref) refs/heads/main refs/remotes/main [2ms]
2023-06-16 23:45:18.840 [info] > git status -z -uall [12ms]
2023-06-16 23:45:19.471 [info] > git config --get commit.template [6ms]
2023-06-16 23:45:19.471 [info] > git for-each-ref --format %(refname) %(objectname) %(*objectname) refs/tags [1ms]
2023-06-16 23:45:19.488 [info] > git status -z -uall [11ms]
2023-06-16 23:45:19.587 [info] > git ls-files --stage -- /home/seb/Dev/dotfiles/README.md [6ms]
2023-06-16 23:45:19.591 [info] > git ls-files --stage -- /home/seb/Dev/dotfiles/.scripts/pnpm.sh [14ms]
2023-06-16 23:45:19.601 [info] > git cat-file -s a69adda74cfe92180cbdbba31272529ff18fdf7f [6ms]
2023-06-16 23:45:19.601 [info] > git cat-file -s 445962c79c8c9539acf6afcfa276ad1876e93ebe [10ms]
2023-06-16 23:45:19.602 [info] > git ls-files --stage -- /home/seb/Dev/dotfiles/install.sh [14ms]
2023-06-16 23:45:19.602 [info] > git ls-files --stage -- /home/seb/Dev/dotfiles/.gitmodules [2ms]
2023-06-16 23:45:19.611 [info] > git cat-file -s 39450a78719f8be68dc0807be134c9d0fc0a404f [5ms]
2023-06-16 23:45:19.622 [info] > git show --textconv :pnpm.sh [11ms]
2023-06-16 23:45:19.622 [info] > git show --textconv :README.md [6ms]
2023-06-16 23:45:19.629 [info] > git show --textconv :install.sh [7ms]
2023-06-16 23:45:19.629 [info] > git show --textconv :.gitmodules [1ms]
2023-06-16 23:45:21.224 [info] > git ls-files --stage -- /home/seb/Dev/dotfiles/README.md [6ms]
2023-06-16 23:45:21.228 [info] > git ls-files --stage -- /home/seb/Dev/dotfiles/.scripts/pnpm.sh [15ms]
2023-06-16 23:45:21.237 [info] > git cat-file -s a69adda74cfe92180cbdbba31272529ff18fdf7f [5ms]
2023-06-16 23:45:21.238 [info] > git cat-file -s 445962c79c8c9539acf6afcfa276ad1876e93ebe [10ms]
2023-06-16 23:45:21.238 [info] > git ls-files --stage -- /home/seb/Dev/dotfiles/install.sh [16ms]
2023-06-16 23:45:21.243 [info] > git ls-files --stage -- /home/seb/Dev/dotfiles/.gitmodules [6ms]
2023-06-16 23:45:21.248 [info] > git show --textconv :pnpm.sh [5ms]
2023-06-16 23:45:21.259 [info] > git show --textconv :README.md [6ms]
2023-06-16 23:45:21.259 [info] > git cat-file -s 39450a78719f8be68dc0807be134c9d0fc0a404f [12ms]
2023-06-16 23:45:21.260 [info] > git show --textconv :install.sh [2ms]
2023-06-16 23:45:21.267 [info] > git show --textconv :.gitmodules [2ms]
2023-06-16 23:45:22.221 [info] > git config --get commit.template [11ms]
2023-06-16 23:45:22.222 [info] > git for-each-ref --format %(refname) %(objectname) %(*objectname) refs/tags [2ms]
2023-06-16 23:45:22.231 [info] > git status -z -uall [2ms]
2023-06-16 23:45:23.856 [info] > git config --get commit.template [5ms]
2023-06-16 23:45:23.856 [info] > git for-each-ref --format=%(refname)%00%(upstream:short)%00%(objectname)%00%(upstream:track)%00%(upstream:remotename)%00%(upstream:remoteref) refs/heads/main refs/remotes/main [1ms]
2023-06-16 23:45:23.873 [info] > git status -z -uall [13ms]
2023-06-16 23:45:29.471 [info] > git check-ignore -v -z --stdin [6ms]
2023-06-16 23:45:43.823 [info] > git config --get commit.template [7ms]
2023-06-16 23:45:43.823 [info] > git for-each-ref --format %(refname) %(objectname) %(*objectname) refs/tags [1ms]
2023-06-16 23:45:43.830 [info] > git status -z -uall [2ms]
2023-06-16 23:45:43.924 [info] > git ls-files --stage -- /home/seb/Dev/dotfiles/.scripts/pnpm.sh [3ms]
2023-06-16 23:45:43.938 [info] > git cat-file -s a69adda74cfe92180cbdbba31272529ff18fdf7f [4ms]
2023-06-16 23:45:43.956 [info] > git show --textconv :pnpm.sh [4ms]
2023-06-16 23:45:45.704 [info] > git ls-files --stage -- /home/seb/Dev/dotfiles/.scripts/pnpm.sh [1ms]
2023-06-16 23:45:45.709 [info] > git cat-file -s a69adda74cfe92180cbdbba31272529ff18fdf7f [1ms]
2023-06-16 23:45:45.716 [info] > git show --textconv :pnpm.sh [1ms]
2023-06-16 23:45:47.266 [info] > git ls-files --stage -- /home/seb/Dev/dotfiles/.scripts/pnpm.sh [2ms]
2023-06-16 23:45:47.279 [info] > git cat-file -s a69adda74cfe92180cbdbba31272529ff18fdf7f [3ms]
2023-06-16 23:45:47.292 [info] > git show --textconv :pnpm.sh [2ms]
2023-06-16 23:45:48.855 [info] > git config --get commit.template [12ms]
2023-06-16 23:45:48.857 [info] > git for-each-ref --format %(refname) %(objectname) %(*objectname) refs/tags [4ms]
2023-06-16 23:45:48.870 [info] > git status -z -uall [4ms]
2023-06-16 23:46:10.050 [info] > git config --get commit.template [1ms]
2023-06-16 23:46:10.056 [info] > git for-each-ref --format %(refname) %(objectname) %(*objectname) refs/tags [1ms]
2023-06-16 23:46:10.062 [info] > git status -z -uall [2ms]
2023-06-16 23:46:10.157 [info] > git ls-files --stage -- /home/seb/Dev/dotfiles/.scripts/pnpm.sh [1ms]
2023-06-16 23:46:10.162 [info] > git cat-file -s a69adda74cfe92180cbdbba31272529ff18fdf7f [1ms]
2023-06-16 23:46:10.168 [info] > git show --textconv :pnpm.sh [1ms]
2023-06-16 23:46:11.753 [info] > git ls-files --stage -- /home/seb/Dev/dotfiles/.scripts/pnpm.sh [1ms]
2023-06-16 23:46:11.758 [info] > git cat-file -s a69adda74cfe92180cbdbba31272529ff18fdf7f [1ms]
2023-06-16 23:46:11.765 [info] > git show --textconv :pnpm.sh [1ms]
2023-06-16 23:46:15.078 [info] > git config --get commit.template [4ms]
2023-06-16 23:46:15.078 [info] > git for-each-ref --format %(refname) %(objectname) %(*objectname) refs/tags [1ms]
2023-06-16 23:46:15.084 [info] > git status -z -uall [2ms]
2023-06-16 23:46:34.527 [info] > git config --get commit.template [5ms]
2023-06-16 23:46:34.528 [info] > git for-each-ref --format %(refname) %(objectname) %(*objectname) refs/tags [1ms]
2023-06-16 23:46:34.534 [info] > git status -z -uall [2ms]
2023-06-16 23:46:34.630 [info] > git ls-files --stage -- /home/seb/Dev/dotfiles/.scripts/pnpm.sh [3ms]
2023-06-16 23:46:34.644 [info] > git cat-file -s a69adda74cfe92180cbdbba31272529ff18fdf7f [3ms]
2023-06-16 23:46:34.662 [info] > git show --textconv :pnpm.sh [3ms]
2023-06-16 23:46:36.174 [info] > git ls-files --stage -- /home/seb/Dev/dotfiles/.scripts/pnpm.sh [1ms]
2023-06-16 23:46:36.180 [info] > git cat-file -s a69adda74cfe92180cbdbba31272529ff18fdf7f [1ms]
2023-06-16 23:46:36.187 [info] > git show --textconv :pnpm.sh [1ms]
2023-06-16 23:46:37.604 [info] > git config --get commit.template [5ms]
2023-06-16 23:46:37.605 [info] > git for-each-ref --format=%(refname)%00%(upstream:short)%00%(objectname)%00%(upstream:track)%00%(upstream:remotename)%00%(upstream:remoteref) refs/heads/main refs/remotes/main [2ms]
2023-06-16 23:46:37.624 [info] > git status -z -uall [15ms]
2023-06-16 23:46:37.732 [info] > git ls-files --stage -- /home/seb/Dev/dotfiles/install.sh [4ms]
2023-06-16 23:46:37.734 [info] > git ls-files --stage -- /home/seb/Dev/dotfiles/README.md [17ms]
2023-06-16 23:46:37.746 [info] > git ls-files --stage -- /home/seb/Dev/dotfiles/.scripts/pnpm.sh [42ms]
2023-06-16 23:46:37.767 [info] > git cat-file -s a69adda74cfe92180cbdbba31272529ff18fdf7f [11ms]
2023-06-16 23:46:37.768 [info] > git cat-file -s 445962c79c8c9539acf6afcfa276ad1876e93ebe [23ms]
2023-06-16 23:46:37.776 [info] > git ls-files --stage -- /home/seb/Dev/dotfiles/.gitmodules [12ms]
2023-06-16 23:46:37.792 [info] > git show --textconv :install.sh [17ms]
2023-06-16 23:46:37.792 [info] > git show --textconv :pnpm.sh [5ms]
2023-06-16 23:46:37.793 [info] > git cat-file -s 39450a78719f8be68dc0807be134c9d0fc0a404f [12ms]
2023-06-16 23:46:37.794 [info] > git show --textconv :README.md [2ms]
2023-06-16 23:46:37.802 [info] > git show --textconv :.gitmodules [1ms]
2023-06-16 23:46:39.450 [info] > git ls-files --stage -- /home/seb/Dev/dotfiles/install.sh [6ms]
2023-06-16 23:46:39.455 [info] > git ls-files --stage -- /home/seb/Dev/dotfiles/README.md [15ms]
2023-06-16 23:46:39.459 [info] > git ls-files --stage -- /home/seb/Dev/dotfiles/.scripts/pnpm.sh [24ms]
2023-06-16 23:46:39.464 [info] > git cat-file -s 718f4ccfb4a18f94b3a4f0ea2d45ad29ea8916ce [6ms]
2023-06-16 23:46:39.464 [info] > git cat-file -s 1c9eb2e09eabc2b624880cb5d16d7ae57bdf727a [10ms]
2023-06-16 23:46:39.464 [info] > git ls-files --stage -- /home/seb/Dev/dotfiles/.gitmodules [15ms]
2023-06-16 23:46:39.469 [info] > git cat-file -s a69adda74cfe92180cbdbba31272529ff18fdf7f [6ms]
2023-06-16 23:46:39.480 [info] > git show --textconv :README.md [6ms]
2023-06-16 23:46:39.480 [info] > git cat-file -s 39450a78719f8be68dc0807be134c9d0fc0a404f [11ms]
2023-06-16 23:46:39.486 [info] > git show --textconv :install.sh [7ms]
2023-06-16 23:46:39.492 [info] > git show --textconv :pnpm.sh [6ms]
2023-06-16 23:46:39.493 [info] > git show --textconv :.gitmodules [1ms]
2023-06-16 23:46:39.559 [info] > git config --get commit.template [13ms]
2023-06-16 23:46:39.560 [info] > git for-each-ref --format %(refname) %(objectname) %(*objectname) refs/tags [2ms]
2023-06-16 23:46:39.575 [info] > git status -z -uall [4ms]
2023-06-16 23:46:41.624 [info] > git ls-files --stage -- /home/seb/Dev/dotfiles/README.md [8ms]
2023-06-16 23:46:41.629 [info] > git ls-files --stage -- /home/seb/Dev/dotfiles/.scripts/pnpm.sh [28ms]
2023-06-16 23:46:41.640 [info] > git cat-file -s a69adda74cfe92180cbdbba31272529ff18fdf7f [7ms]
2023-06-16 23:46:41.640 [info] > git cat-file -s 718f4ccfb4a18f94b3a4f0ea2d45ad29ea8916ce [12ms]
2023-06-16 23:46:41.641 [info] > git ls-files --stage -- /home/seb/Dev/dotfiles/install.sh [18ms]
2023-06-16 23:46:41.646 [info] > git ls-files --stage -- /home/seb/Dev/dotfiles/.gitmodules [7ms]
2023-06-16 23:46:41.661 [info] > git show --textconv :pnpm.sh [6ms]
2023-06-16 23:46:41.661 [info] > git cat-file -s 39450a78719f8be68dc0807be134c9d0fc0a404f [11ms]
2023-06-16 23:46:41.662 [info] > git cat-file -s 1c9eb2e09eabc2b624880cb5d16d7ae57bdf727a [17ms]
2023-06-16 23:46:41.662 [info] > git show --textconv :README.md [2ms]
2023-06-16 23:46:41.674 [info] > git show --textconv :.gitmodules [6ms]
2023-06-16 23:46:41.674 [info] > git show --textconv :install.sh [1ms]
2023-06-16 23:46:42.651 [info] > git config --get commit.template [11ms]
2023-06-16 23:46:42.652 [info] > git for-each-ref --format=%(refname)%00%(upstream:short)%00%(objectname)%00%(upstream:track)%00%(upstream:remotename)%00%(upstream:remoteref) refs/heads/main refs/remotes/main [3ms]
2023-06-16 23:46:42.686 [info] > git status -z -uall [25ms]
2023-06-16 23:46:43.155 [info] > git ls-files --stage -- /home/seb/Dev/dotfiles/install.sh [12ms]
2023-06-16 23:46:43.161 [info] > git ls-files --stage -- /home/seb/Dev/dotfiles/README.md [34ms]
2023-06-16 23:46:43.166 [info] > git ls-files --stage -- /home/seb/Dev/dotfiles/.scripts/pnpm.sh [56ms]
2023-06-16 23:46:43.173 [info] > git cat-file -s 718f4ccfb4a18f94b3a4f0ea2d45ad29ea8916ce [7ms]
2023-06-16 23:46:43.174 [info] > git cat-file -s 1c9eb2e09eabc2b624880cb5d16d7ae57bdf727a [13ms]
2023-06-16 23:46:43.174 [info] > git ls-files --stage -- /home/seb/Dev/dotfiles/.gitmodules [21ms]
2023-06-16 23:46:43.180 [info] > git cat-file -s a69adda74cfe92180cbdbba31272529ff18fdf7f [7ms]
2023-06-16 23:46:43.191 [info] > git show --textconv :README.md [6ms]
2023-06-16 23:46:43.192 [info] > git cat-file -s 39450a78719f8be68dc0807be134c9d0fc0a404f [13ms]
2023-06-16 23:46:43.199 [info] > git show --textconv :install.sh [8ms]
2023-06-16 23:46:43.206 [info] > git show --textconv :pnpm.sh [8ms]
2023-06-16 23:46:43.207 [info] > git show --textconv :.gitmodules [2ms]
2023-06-16 23:47:07.878 [info] > git config --get commit.template [10ms]
2023-06-16 23:47:07.879 [info] > git for-each-ref --format=%(refname)%00%(upstream:short)%00%(objectname)%00%(upstream:track)%00%(upstream:remotename)%00%(upstream:remoteref) refs/heads/main refs/remotes/main [2ms]
2023-06-16 23:47:07.897 [info] > git status -z -uall [13ms]
2023-06-16 23:48:22.965 [info] > git show --textconv :.zshrc [7ms]
2023-06-16 23:48:22.966 [info] > git ls-files --stage -- /home/seb/Dev/dotfiles/.zshrc [1ms]
2023-06-16 23:48:22.973 [info] > git cat-file -s 892a17090b21d80ccdcf322acec7c432a7e47bcc [2ms]
2023-06-16 23:48:29.307 [info] > git show --textconv :.config/alacritty/alacritty.yml [9ms]
2023-06-16 23:48:29.308 [info] > git ls-files --stage -- /home/seb/Dev/dotfiles/.config/alacritty/alacritty.yml [2ms]
2023-06-16 23:48:29.320 [info] > git cat-file -s 4868da74abc6ee46d1cafc4f323be2a2a3915b4f [3ms]
2023-06-16 23:53:57.615 [info] > git show --textconv :.gitignore [6ms]
2023-06-16 23:53:57.616 [info] > git ls-files --stage -- /home/seb/Dev/dotfiles/.gitignore [1ms]
2023-06-16 23:53:57.897 [info] > git check-ignore -v -z --stdin [1ms]
2023-06-16 23:53:58.431 [info] > git config --get commit.template [5ms]
2023-06-16 23:53:58.432 [info] > git for-each-ref --format=%(refname)%00%(upstream:short)%00%(objectname)%00%(upstream:track)%00%(upstream:remotename)%00%(upstream:remoteref) refs/heads/main refs/remotes/main [1ms]
2023-06-16 23:53:58.449 [info] > git status -z -uall [13ms]
2023-06-16 23:56:02.556 [info] > git check-ignore -v -z --stdin [20ms]
2023-06-16 23:56:02.557 [info] > git check-ignore -v -z --stdin [16ms]
2023-06-16 23:56:02.557 [info] > git check-ignore -v -z --stdin [12ms]
2023-06-16 23:56:02.557 [info] > git check-ignore -v -z --stdin [7ms]
2023-06-16 23:56:02.558 [info] > git check-ignore -v -z --stdin [3ms]
2023-06-16 23:56:02.982 [info] > git config --get commit.template [5ms]
2023-06-16 23:56:02.983 [info] > git for-each-ref --format=%(refname)%00%(upstream:short)%00%(objectname)%00%(upstream:track)%00%(upstream:remotename)%00%(upstream:remoteref) refs/heads/main refs/remotes/main [1ms]
2023-06-16 23:56:02.998 [info] > git status -z -uall [11ms]
2023-06-16 23:56:17.862 [info] > git check-ignore -v -z --stdin [34ms]
2023-06-16 23:56:17.862 [info] > git check-ignore -v -z --stdin [24ms]
2023-06-16 23:56:17.863 [info] > git check-ignore -v -z --stdin [16ms]
2023-06-16 23:56:17.863 [info] > git check-ignore -v -z --stdin [10ms]
2023-06-16 23:56:17.864 [info] > git check-ignore -v -z --stdin [3ms]
2023-06-16 23:56:18.288 [info] > git config --get commit.template [16ms]
2023-06-16 23:56:18.290 [info] > git for-each-ref --format=%(refname)%00%(upstream:short)%00%(objectname)%00%(upstream:track)%00%(upstream:remotename)%00%(upstream:remoteref) refs/heads/main refs/remotes/main [3ms]
2023-06-16 23:56:18.316 [info] > git status -z -uall [17ms]
2023-06-16 23:56:29.329 [info] > git check-ignore -v -z --stdin [22ms]
2023-06-16 23:56:29.329 [info] > git check-ignore -v -z --stdin [18ms]
2023-06-16 23:56:29.329 [info] > git check-ignore -v -z --stdin [13ms]
2023-06-16 23:56:29.330 [info] > git check-ignore -v -z --stdin [8ms]
2023-06-16 23:56:29.330 [info] > git check-ignore -v -z --stdin [2ms]
2023-06-16 23:56:29.715 [info] > git config --get commit.template [13ms]
2023-06-16 23:56:29.717 [info] > git for-each-ref --format=%(refname)%00%(upstream:short)%00%(objectname)%00%(upstream:track)%00%(upstream:remotename)%00%(upstream:remoteref) refs/heads/main refs/remotes/main [3ms]
2023-06-16 23:56:29.758 [info] > git status -z -uall [30ms]
2023-06-16 23:56:49.041 [info] > git check-ignore -v -z --stdin [3ms]
2023-06-16 23:57:00.921 [info] > git check-ignore -v -z --stdin [51ms]
2023-06-16 23:57:00.922 [info] > git check-ignore -v -z --stdin [36ms]
2023-06-16 23:57:00.923 [info] > git check-ignore -v -z --stdin [22ms]
2023-06-16 23:57:00.923 [info] > git check-ignore -v -z --stdin [12ms]
2023-06-16 23:57:00.923 [info] > git check-ignore -v -z --stdin [3ms]
2023-06-16 23:57:01.753 [info] > git config --get commit.template [5ms]
2023-06-16 23:57:01.754 [info] > git for-each-ref --format=%(refname)%00%(upstream:short)%00%(objectname)%00%(upstream:track)%00%(upstream:remotename)%00%(upstream:remoteref) refs/heads/main refs/remotes/main [1ms]
2023-06-16 23:57:01.770 [info] > git status -z -uall [12ms]
2023-06-16 23:57:11.211 [info] > git config --get commit.template [5ms]
2023-06-16 23:57:11.212 [info] > git for-each-ref --format=%(refname)%00%(upstream:short)%00%(objectname)%00%(upstream:track)%00%(upstream:remotename)%00%(upstream:remoteref) refs/heads/main refs/remotes/main [2ms]
2023-06-16 23:57:11.229 [info] > git status -z -uall [13ms]
2023-06-16 23:57:11.356 [info] > git ls-files --stage -- /home/seb/Dev/dotfiles/install.sh [15ms]
2023-06-16 23:57:11.369 [info] > git ls-files --stage -- /home/seb/Dev/dotfiles/README.md [41ms]
2023-06-16 23:57:11.381 [info] > git ls-files --stage -- /home/seb/Dev/dotfiles/.scripts/pnpm.sh [66ms]
2023-06-16 23:57:11.402 [info] > git cat-file -s a69adda74cfe92180cbdbba31272529ff18fdf7f [12ms]
2023-06-16 23:57:11.403 [info] > git cat-file -s 718f4ccfb4a18f94b3a4f0ea2d45ad29ea8916ce [23ms]
2023-06-16 23:57:11.403 [info] > git cat-file -s 1c9eb2e09eabc2b624880cb5d16d7ae57bdf727a [34ms]
2023-06-16 23:57:11.404 [info] > git ls-files --stage -- /home/seb/Dev/dotfiles/.gitmodules [51ms]
2023-06-16 23:57:11.410 [info] > git ls-files --stage -- /home/seb/Dev/dotfiles/.gitignore [10ms]
2023-06-16 23:57:11.429 [info] > git show --textconv :pnpm.sh [6ms]
2023-06-16 23:57:11.430 [info] > git cat-file -s 32df783d4f461e9754ab46e6159dfc4596434f12 [13ms]
2023-06-16 23:57:11.430 [info] > git cat-file -s 39450a78719f8be68dc0807be134c9d0fc0a404f [21ms]
2023-06-16 23:57:11.436 [info] > git show --textconv :README.md [8ms]
2023-06-16 23:57:11.447 [info] > git show --textconv :install.sh [12ms]
2023-06-16 23:57:11.448 [info] > git show --textconv :.gitignore [7ms]
2023-06-16 23:57:11.449 [info] > git show --textconv :.gitmodules [2ms]
2023-06-16 23:57:13.527 [info] > git ls-files --stage -- /home/seb/Dev/dotfiles/install.sh [6ms]
2023-06-16 23:57:13.531 [info] > git ls-files --stage -- /home/seb/Dev/dotfiles/README.md [14ms]
2023-06-16 23:57:13.535 [info] > git ls-files --stage -- /home/seb/Dev/dotfiles/.scripts/pnpm.sh [23ms]
2023-06-16 23:57:13.544 [info] > git cat-file -s a69adda74cfe92180cbdbba31272529ff18fdf7f [5ms]
2023-06-16 23:57:13.545 [info] > git cat-file -s 718f4ccfb4a18f94b3a4f0ea2d45ad29ea8916ce [10ms]
2023-06-16 23:57:13.545 [info] > git cat-file -s 1c9eb2e09eabc2b624880cb5d16d7ae57bdf727a [14ms]
2023-06-16 23:57:13.545 [info] > git ls-files --stage -- /home/seb/Dev/dotfiles/.gitmodules [19ms]
2023-06-16 23:57:13.550 [info] > git ls-files --stage -- /home/seb/Dev/dotfiles/.gitignore [7ms]
2023-06-16 23:57:13.569 [info] > git show --textconv :pnpm.sh [10ms]
2023-06-16 23:57:13.569 [info] > git show --textconv :README.md [5ms]
2023-06-16 23:57:13.570 [info] > git cat-file -s 32df783d4f461e9754ab46e6159dfc4596434f12 [16ms]
2023-06-16 23:57:13.570 [info] > git cat-file -s 39450a78719f8be68dc0807be134c9d0fc0a404f [20ms]
2023-06-16 23:57:13.571 [info] > git show --textconv :install.sh [2ms]
2023-06-16 23:57:13.583 [info] > git show --textconv :.gitignore [6ms]
2023-06-16 23:57:13.583 [info] > git show --textconv :.gitmodules [1ms]
2023-06-16 23:57:14.971 [info] > git ls-files --stage -- /home/seb/Dev/dotfiles/.gitmodules [8ms]
2023-06-16 23:57:14.977 [info] > git ls-files --stage -- /home/seb/Dev/dotfiles/install.sh [21ms]
2023-06-16 23:57:14.982 [info] > git ls-files --stage -- /home/seb/Dev/dotfiles/README.md [32ms]
2023-06-16 23:57:14.987 [info] > git ls-files --stage -- /home/seb/Dev/dotfiles/.scripts/pnpm.sh [43ms]
2023-06-16 23:57:14.994 [info] > git cat-file -s 718f4ccfb4a18f94b3a4f0ea2d45ad29ea8916ce [7ms]
2023-06-16 23:57:14.995 [info] > git cat-file -s 1c9eb2e09eabc2b624880cb5d16d7ae57bdf727a [13ms]
2023-06-16 23:57:14.995 [info] > git cat-file -s 39450a78719f8be68dc0807be134c9d0fc0a404f [18ms]
2023-06-16 23:57:14.995 [info] > git ls-files --stage -- /home/seb/Dev/dotfiles/.gitignore [25ms]
2023-06-16 23:57:15.001 [info] > git cat-file -s a69adda74cfe92180cbdbba31272529ff18fdf7f [8ms]
2023-06-16 23:57:15.022 [info] > git show --textconv :README.md [15ms]
2023-06-16 23:57:15.022 [info] > git show --textconv :install.sh [8ms]
2023-06-16 23:57:15.022 [info] > git show --textconv :.gitmodules [1ms]
2023-06-16 23:57:15.023 [info] > git cat-file -s 32df783d4f461e9754ab46e6159dfc4596434f12 [23ms]
2023-06-16 23:57:15.040 [info] > git show --textconv :pnpm.sh [9ms]
2023-06-16 23:57:15.042 [info] > git show --textconv :.gitignore [3ms]
2023-06-17 00:07:10.005 [info] > git config --get commit.template [8ms]
2023-06-17 00:07:10.006 [info] > git for-each-ref --format=%(refname)%00%(upstream:short)%00%(objectname)%00%(upstream:track)%00%(upstream:remotename)%00%(upstream:remoteref) refs/heads/main refs/remotes/main [2ms]
2023-06-17 00:07:10.024 [info] > git status -z -uall [13ms]
