2023-06-17 00:10:30.635 [info] Log level: Info
2023-06-17 00:10:30.635 [info] Validating found git in: "git"
2023-06-17 00:10:30.635 [info] Using git "2.40.1" from "git"
2023-06-17 00:10:30.635 [info] > git rev-parse --show-toplevel [3ms]
2023-06-17 00:10:30.635 [info] > git rev-parse --git-dir --git-common-dir [6ms]
2023-06-17 00:10:30.635 [info] Open repository: /home/seb/Dev/dotfiles
2023-06-17 00:10:30.635 [info] > git rev-parse --show-toplevel [10ms]
2023-06-17 00:10:30.635 [info] > git config --get commit.template [11ms]
2023-06-17 00:10:30.635 [info] > git rev-parse --show-toplevel [5ms]
2023-06-17 00:10:30.635 [info] > git for-each-ref --format=%(refname)%00%(upstream:short)%00%(objectname)%00%(upstream:track)%00%(upstream:remotename)%00%(upstream:remoteref) refs/heads/main refs/remotes/main [4ms]
2023-06-17 00:10:30.635 [info] > git rev-parse --git-dir --git-common-dir [21ms]
2023-06-17 00:10:30.635 [info] Open repository: /home/seb/Dev/dotfiles/.scripts
2023-06-17 00:10:30.635 [info] > git status -z -uall [24ms]
2023-06-17 00:10:30.635 [info] > git config --get commit.template [21ms]
2023-06-17 00:10:30.635 [info] > git rev-parse --show-toplevel [28ms]
2023-06-17 00:10:30.635 [info] > git rev-parse --git-dir --git-common-dir [4ms]
2023-06-17 00:10:30.635 [info] Open repository: /home/seb/Dev/dotfiles/.slimzsh
2023-06-17 00:10:30.635 [info] > git config --get commit.template [17ms]
2023-06-17 00:10:30.636 [info] > git config --get commit.template [15ms]
2023-06-17 00:10:30.636 [info] > git for-each-ref --format %(refname) %(objectname) %(*objectname) refs/tags [22ms]
2023-06-17 00:10:30.654 [info] > git status -z -uall [12ms]
2023-06-17 00:10:30.659 [info] > git for-each-ref --format=%(refname)%00%(upstream:short)%00%(objectname)%00%(upstream:track)%00%(upstream:remotename)%00%(upstream:remoteref) refs/heads/main refs/remotes/main [24ms]
2023-06-17 00:10:30.684 [info] > git status -z -uall [20ms]
2023-06-17 00:10:30.684 [info] > git config --get commit.template [3ms]
2023-06-17 00:10:30.684 [info] > git for-each-ref --format %(refname) %(objectname) %(*objectname) refs/tags [10ms]
2023-06-17 00:10:30.701 [info] > git status -z -uall [10ms]
2023-06-17 00:10:30.711 [info] > git for-each-ref --format %(refname) %(objectname) %(*objectname) refs/tags [11ms]
2023-06-17 00:10:30.725 [info] > git status -z -uall [10ms]
2023-06-17 00:10:30.727 [info] > git config --get commit.template [17ms]
2023-06-17 00:10:30.737 [info] > git for-each-ref --format %(refname) %(objectname) %(*objectname) refs/tags [3ms]
2023-06-17 00:10:30.752 [info] > git status -z -uall [9ms]
2023-06-17 00:10:31.172 [info] > git check-ignore -v -z --stdin [14ms]
2023-06-17 00:10:31.181 [info] > git check-ignore -v -z --stdin [17ms]
2023-06-17 00:10:31.182 [info] > git check-ignore -v -z --stdin [11ms]
2023-06-17 00:10:31.259 [info] > git rev-parse --show-toplevel [1ms]
2023-06-17 00:10:31.265 [info] > git rev-parse --git-dir --git-common-dir [1ms]
2023-06-17 00:10:31.270 [info] Open repository: /home/seb/Dev/dotfiles/.slimzsh/pure
2023-06-17 00:10:31.282 [info] > git rev-parse --show-toplevel [6ms]
2023-06-17 00:10:31.288 [info] > git config --get commit.template [7ms]
2023-06-17 00:10:31.293 [info] > git rev-parse --git-dir --git-common-dir [6ms]
2023-06-17 00:10:31.296 [info] Open repository: /home/seb/Dev/dotfiles/.slimzsh/fast-syntax-highlighting
2023-06-17 00:10:31.302 [info] > git for-each-ref --format %(refname) %(objectname) %(*objectname) refs/tags [10ms]
2023-06-17 00:10:31.309 [info] > git config --get commit.template [7ms]
2023-06-17 00:10:31.318 [info] > git status -z -uall [10ms]
2023-06-17 00:10:31.318 [info] > git for-each-ref --format %(refname) %(objectname) %(*objectname) refs/tags [4ms]
2023-06-17 00:10:31.335 [info] > git status -z -uall [11ms]
2023-06-17 00:10:31.345 [info] > git config --get commit.template [11ms]
2023-06-17 00:10:31.346 [info] > git config --get commit.template [2ms]
2023-06-17 00:10:31.360 [info] > git for-each-ref --format %(refname) %(objectname) %(*objectname) refs/tags [8ms]
2023-06-17 00:10:31.368 [info] > git for-each-ref --format %(refname) %(objectname) %(*objectname) refs/tags [10ms]
2023-06-17 00:10:31.375 [info] > git status -z -uall [9ms]
2023-06-17 00:10:31.377 [info] > git status -z -uall [4ms]
2023-06-17 00:10:31.920 [info] > git check-ignore -v -z --stdin [32ms]
2023-06-17 00:10:31.922 [info] > git check-ignore -v -z --stdin [19ms]
2023-06-17 00:10:31.923 [info] > git check-ignore -v -z --stdin [7ms]
2023-06-17 00:10:36.921 [info] > git config --get commit.template [7ms]
2023-06-17 00:10:36.922 [info] > git for-each-ref --format=%(refname)%00%(upstream:short)%00%(objectname)%00%(upstream:track)%00%(upstream:remotename)%00%(upstream:remoteref) refs/heads/main refs/remotes/main [2ms]
2023-06-17 00:10:36.941 [info] > git status -z -uall [14ms]
2023-06-17 00:10:41.975 [info] > git config --get commit.template [15ms]
2023-06-17 00:10:41.976 [info] > git for-each-ref --format=%(refname)%00%(upstream:short)%00%(objectname)%00%(upstream:track)%00%(upstream:remotename)%00%(upstream:remoteref) refs/heads/main refs/remotes/main [4ms]
2023-06-17 00:10:42.017 [info] > git status -z -uall [30ms]
