2023-06-17 00:10:30.007 [info] Extension host with pid 29917 started
2023-06-17 00:10:30.007 [info] Skipping acquiring lock for /home/seb/.config/Code/User/workspaceStorage/4e81ddb0803f59bdf81b13609911e307.
2023-06-17 00:10:30.214 [info] ExtensionService#_doActivateExtension vscode.emmet, startup: false, activationEvent: 'onLanguage'
2023-06-17 00:10:30.224 [info] ExtensionService#_doActivateExtension vscode.github-authentication, startup: false, activationEvent: 'onAuthenticationRequest:github'
2023-06-17 00:10:30.269 [info] ExtensionService#_doActivateExtension vscode.git-base, startup: true, activationEvent: '*', root cause: vscode.git
2023-06-17 00:10:30.270 [info] ExtensionService#_doActivateExtension christian-kohler.path-intellisense, startup: true, activationEvent: '*'
2023-06-17 00:10:30.282 [info] ExtensionService#_doActivateExtension formulahendry.auto-close-tag, startup: true, activationEvent: '*'
2023-06-17 00:10:30.286 [info] ExtensionService#_doActivateExtension formulahendry.auto-rename-tag, startup: true, activationEvent: '*'
2023-06-17 00:10:30.343 [info] ExtensionService#_doActivateExtension vscode.microsoft-authentication, startup: false, activationEvent: 'onAuthenticationRequest:microsoft'
2023-06-17 00:10:30.357 [info] ExtensionService#_doActivateExtension vscode.git, startup: true, activationEvent: '*'
2023-06-17 00:10:30.384 [info] ExtensionService#_doActivateExtension vscode.github, startup: true, activationEvent: '*'
2023-06-17 00:10:30.562 [info] Eager extensions activated
2023-06-17 00:10:30.597 [info] ExtensionService#_doActivateExtension vscode.debug-auto-launch, startup: false, activationEvent: 'onStartupFinished'
2023-06-17 00:10:30.599 [info] ExtensionService#_doActivateExtension vscode.merge-conflict, startup: false, activationEvent: 'onStartupFinished'
2023-06-17 00:10:31.173 [error] {"message":"Git error","stdout":"","stderr":"fatal: Pathspec '/home/seb/Dev/dotfiles/.scripts/pnpm.sh' is in submodule '.scripts'\n","exitCode":128,"gitErrorCode":"IsInSubmodule"}
2023-06-17 00:10:31.173 [error] {"message":"Git error","stdout":"","stderr":"fatal: Pathspec '/home/seb/Dev/dotfiles/.scripts/pnpm.sh' is in submodule '.scripts'\n","exitCode":128,"gitErrorCode":"IsInSubmodule"}
2023-06-17 00:10:31.173 [error] {"message":"Git error","stdout":"","stderr":"fatal: Pathspec '/home/seb/Dev/dotfiles/.scripts/pnpm.sh' is in submodule '.scripts'\n","exitCode":128,"gitErrorCode":"IsInSubmodule"}
2023-06-17 00:10:31.173 [error] {"message":"Git error","stdout":"","stderr":"fatal: Pathspec '/home/seb/Dev/dotfiles/.scripts/pnpm.sh' is in submodule '.scripts'\n","exitCode":128,"gitErrorCode":"IsInSubmodule"}
2023-06-17 00:10:31.173 [error] {"message":"Git error","stdout":"","stderr":"fatal: Pathspec '/home/seb/Dev/dotfiles/.scripts/pnpm.sh' is in submodule '.scripts'\n","exitCode":128,"gitErrorCode":"IsInSubmodule"}
2023-06-17 00:10:31.173 [error] {"message":"Git error","stdout":"","stderr":"fatal: Pathspec '/home/seb/Dev/dotfiles/.scripts/pnpm.sh' is in submodule '.scripts'\n","exitCode":128,"gitErrorCode":"IsInSubmodule"}
2023-06-17 00:10:31.173 [error] {"message":"Git error","stdout":"","stderr":"fatal: Pathspec '/home/seb/Dev/dotfiles/.scripts/pnpm.sh' is in submodule '.scripts'\n","exitCode":128,"gitErrorCode":"IsInSubmodule"}
2023-06-17 00:10:31.173 [error] {"message":"Git error","stdout":"","stderr":"fatal: Pathspec '/home/seb/Dev/dotfiles/.scripts/pnpm.sh' is in submodule '.scripts'\n","exitCode":128,"gitErrorCode":"IsInSubmodule"}
2023-06-17 00:10:31.173 [error] {"message":"Git error","stdout":"","stderr":"fatal: Pathspec '/home/seb/Dev/dotfiles/.scripts/pnpm.sh' is in submodule '.scripts'\n","exitCode":128,"gitErrorCode":"IsInSubmodule"}
2023-06-17 00:10:31.173 [error] {"message":"Git error","stdout":"","stderr":"fatal: Pathspec '/home/seb/Dev/dotfiles/.scripts/pnpm.sh' is in submodule '.scripts'\n","exitCode":128,"gitErrorCode":"IsInSubmodule"}
2023-06-17 00:10:31.173 [error] {"message":"Git error","stdout":"","stderr":"fatal: Pathspec '/home/seb/Dev/dotfiles/.scripts/pnpm.sh' is in submodule '.scripts'\n","exitCode":128,"gitErrorCode":"IsInSubmodule"}
2023-06-17 00:10:31.173 [error] {"message":"Git error","stdout":"","stderr":"fatal: Pathspec '/home/seb/Dev/dotfiles/.scripts/pnpm.sh' is in submodule '.scripts'\n","exitCode":128,"gitErrorCode":"IsInSubmodule"}
2023-06-17 00:10:31.173 [error] {"message":"Git error","stdout":"","stderr":"fatal: Pathspec '/home/seb/Dev/dotfiles/.scripts/pnpm.sh' is in submodule '.scripts'\n","exitCode":128,"gitErrorCode":"IsInSubmodule"}
2023-06-17 00:10:31.173 [error] {"message":"Git error","stdout":"","stderr":"fatal: Pathspec '/home/seb/Dev/dotfiles/.scripts/pnpm.sh' is in submodule '.scripts'\n","exitCode":128,"gitErrorCode":"IsInSubmodule"}
2023-06-17 00:10:31.173 [error] {"message":"Git error","stdout":"","stderr":"fatal: Pathspec '/home/seb/Dev/dotfiles/.scripts/pnpm.sh' is in submodule '.scripts'\n","exitCode":128,"gitErrorCode":"IsInSubmodule"}
2023-06-17 00:10:31.174 [error] {"message":"Git error","stdout":"","stderr":"fatal: Pathspec '/home/seb/Dev/dotfiles/.scripts/pnpm.sh' is in submodule '.scripts'\n","exitCode":128,"gitErrorCode":"IsInSubmodule"}
2023-06-17 00:10:31.174 [error] {"message":"Git error","stdout":"","stderr":"fatal: Pathspec '/home/seb/Dev/dotfiles/.scripts/pnpm.sh' is in submodule '.scripts'\n","exitCode":128,"gitErrorCode":"IsInSubmodule"}
2023-06-17 00:10:31.174 [error] {"message":"Git error","stdout":"","stderr":"fatal: Pathspec '/home/seb/Dev/dotfiles/.scripts/pnpm.sh' is in submodule '.scripts'\n","exitCode":128,"gitErrorCode":"IsInSubmodule"}
2023-06-17 00:10:31.174 [error] {"message":"Git error","stdout":"","stderr":"fatal: Pathspec '/home/seb/Dev/dotfiles/.scripts/pnpm.sh' is in submodule '.scripts'\n","exitCode":128,"gitErrorCode":"IsInSubmodule"}
2023-06-17 00:10:31.174 [error] {"message":"Git error","stdout":"","stderr":"fatal: Pathspec '/home/seb/Dev/dotfiles/.scripts/pnpm.sh' is in submodule '.scripts'\n","exitCode":128,"gitErrorCode":"IsInSubmodule"}
2023-06-17 00:10:31.174 [error] {"message":"Git error","stdout":"","stderr":"fatal: Pathspec '/home/seb/Dev/dotfiles/.scripts/pnpm.sh' is in submodule '.scripts'\n","exitCode":128,"gitErrorCode":"IsInSubmodule"}
2023-06-17 00:10:31.174 [error] {"message":"Git error","stdout":"","stderr":"fatal: Pathspec '/home/seb/Dev/dotfiles/.scripts/pnpm.sh' is in submodule '.scripts'\n","exitCode":128,"gitErrorCode":"IsInSubmodule"}
2023-06-17 00:10:31.174 [error] {"message":"Git error","stdout":"","stderr":"fatal: Pathspec '/home/seb/Dev/dotfiles/.scripts/pnpm.sh' is in submodule '.scripts'\n","exitCode":128,"gitErrorCode":"IsInSubmodule"}
2023-06-17 00:10:31.174 [error] {"message":"Git error","stdout":"","stderr":"fatal: Pathspec '/home/seb/Dev/dotfiles/.scripts/pnpm.sh' is in submodule '.scripts'\n","exitCode":128,"gitErrorCode":"IsInSubmodule"}
2023-06-17 00:10:31.174 [error] {"message":"Git error","stdout":"","stderr":"fatal: Pathspec '/home/seb/Dev/dotfiles/.scripts/pnpm.sh' is in submodule '.scripts'\n","exitCode":128,"gitErrorCode":"IsInSubmodule"}
2023-06-17 00:10:31.174 [error] {"message":"Git error","stdout":"","stderr":"fatal: Pathspec '/home/seb/Dev/dotfiles/.scripts/pnpm.sh' is in submodule '.scripts'\n","exitCode":128,"gitErrorCode":"IsInSubmodule"}
2023-06-17 00:10:31.174 [error] {"message":"Git error","stdout":"","stderr":"fatal: Pathspec '/home/seb/Dev/dotfiles/.scripts/pnpm.sh' is in submodule '.scripts'\n","exitCode":128,"gitErrorCode":"IsInSubmodule"}
2023-06-17 00:10:31.174 [error] {"message":"Git error","stdout":"","stderr":"fatal: Pathspec '/home/seb/Dev/dotfiles/.scripts/pnpm.sh' is in submodule '.scripts'\n","exitCode":128,"gitErrorCode":"IsInSubmodule"}
2023-06-17 00:10:31.174 [error] {"message":"Git error","stdout":"","stderr":"fatal: Pathspec '/home/seb/Dev/dotfiles/.scripts/pnpm.sh' is in submodule '.scripts'\n","exitCode":128,"gitErrorCode":"IsInSubmodule"}
2023-06-17 00:10:31.174 [error] {"message":"Git error","stdout":"","stderr":"fatal: Pathspec '/home/seb/Dev/dotfiles/.scripts/pnpm.sh' is in submodule '.scripts'\n","exitCode":128,"gitErrorCode":"IsInSubmodule"}
2023-06-17 00:10:32.175 [error] {"message":"Git error","stdout":"","stderr":"fatal: Pathspec '/home/seb/Dev/dotfiles/.scripts/pnpm.sh' is in submodule '.scripts'\n","exitCode":128,"gitErrorCode":"IsInSubmodule"}
2023-06-17 00:10:32.175 [error] {"message":"Git error","stdout":"","stderr":"fatal: Pathspec '/home/seb/Dev/dotfiles/.scripts/pnpm.sh' is in submodule '.scripts'\n","exitCode":128,"gitErrorCode":"IsInSubmodule"}
2023-06-17 00:10:32.176 [error] {"message":"Git error","stdout":"","stderr":"fatal: Pathspec '/home/seb/Dev/dotfiles/.scripts/pnpm.sh' is in submodule '.scripts'\n","exitCode":128,"gitErrorCode":"IsInSubmodule"}
2023-06-17 00:10:32.176 [error] {"message":"Git error","stdout":"","stderr":"fatal: Pathspec '/home/seb/Dev/dotfiles/.scripts/pnpm.sh' is in submodule '.scripts'\n","exitCode":128,"gitErrorCode":"IsInSubmodule"}
2023-06-17 00:10:32.176 [error] {"message":"Git error","stdout":"","stderr":"fatal: Pathspec '/home/seb/Dev/dotfiles/.scripts/pnpm.sh' is in submodule '.scripts'\n","exitCode":128,"gitErrorCode":"IsInSubmodule"}
2023-06-17 00:10:32.176 [error] {"message":"Git error","stdout":"","stderr":"fatal: Pathspec '/home/seb/Dev/dotfiles/.scripts/pnpm.sh' is in submodule '.scripts'\n","exitCode":128,"gitErrorCode":"IsInSubmodule"}
2023-06-17 00:10:32.177 [error] {"message":"Git error","stdout":"","stderr":"fatal: Pathspec '/home/seb/Dev/dotfiles/.scripts/pnpm.sh' is in submodule '.scripts'\n","exitCode":128,"gitErrorCode":"IsInSubmodule"}
2023-06-17 00:10:32.177 [error] {"message":"Git error","stdout":"","stderr":"fatal: Pathspec '/home/seb/Dev/dotfiles/.scripts/pnpm.sh' is in submodule '.scripts'\n","exitCode":128,"gitErrorCode":"IsInSubmodule"}
2023-06-17 00:10:32.177 [error] {"message":"Git error","stdout":"","stderr":"fatal: Pathspec '/home/seb/Dev/dotfiles/.scripts/pnpm.sh' is in submodule '.scripts'\n","exitCode":128,"gitErrorCode":"IsInSubmodule"}
2023-06-17 00:10:45.962 [info] ExtensionService#_doActivateExtension vscode.json-language-features, startup: false, activationEvent: 'onLanguage:jsonc'
2023-06-17 00:10:45.991 [info] ExtensionService#_doActivateExtension vscode.typescript-language-features, startup: false, activationEvent: 'onLanguage:jsonc'
2023-06-17 00:10:47.303 [info] Extension host terminating: renderer closed the MessagePort
2023-06-17 00:10:47.325 [error] Canceled: Canceled
    at new l (/usr/share/code/resources/app/out/vs/workbench/api/node/extensionHostProcess.js:99:105905)
    at s.O (/usr/share/code/resources/app/out/vs/workbench/api/node/extensionHostProcess.js:111:11754)
    at Proxy.$.<computed>.j.charCodeAt.$.<computed> (/usr/share/code/resources/app/out/vs/workbench/api/node/extensionHostProcess.js:111:9029)
    at e.ExtHostCommands.g (/usr/share/code/resources/app/out/vs/workbench/api/node/extensionHostProcess.js:99:130078)
    at e.ExtHostCommands.executeCommand (/usr/share/code/resources/app/out/vs/workbench/api/node/extensionHostProcess.js:99:129454)
    at k.registerCommand.description (/usr/share/code/resources/app/out/vs/workbench/api/node/extensionHostProcess.js:99:128747)
    at e.ExtHostCommands.h (/usr/share/code/resources/app/out/vs/workbench/api/node/extensionHostProcess.js:99:130664)
    at e.ExtHostCommands.g (/usr/share/code/resources/app/out/vs/workbench/api/node/extensionHostProcess.js:99:129554)
    at e.ExtHostCommands.executeCommand (/usr/share/code/resources/app/out/vs/workbench/api/node/extensionHostProcess.js:99:129454)
    at Object.executeCommand (/usr/share/code/resources/app/out/vs/workbench/api/node/extensionHostProcess.js:117:24230)
    at D (/usr/share/code/resources/app/extensions/git/dist/main.js:2:1261288)
    at b.invoke (/usr/share/code/resources/app/out/vs/workbench/api/node/extensionHostProcess.js:63:145)
    at deliver (/usr/share/code/resources/app/out/vs/workbench/api/node/extensionHostProcess.js:63:2121)
    at n.fire (/usr/share/code/resources/app/out/vs/workbench/api/node/extensionHostProcess.js:63:1729)
    at Object.m [as dispose] (/usr/share/code/resources/app/extensions/git/dist/main.js:2:1276121)
    at /usr/share/code/resources/app/extensions/git/dist/main.js:2:1280622
    at Array.forEach (<anonymous>)
    at g.dispose (/usr/share/code/resources/app/extensions/git/dist/main.js:2:1280608)
    at r.<anonymous> (/usr/share/code/resources/app/out/vs/workbench/api/node/extensionHostProcess.js:97:12552)
    at r.dispose (/usr/share/code/resources/app/out/vs/workbench/api/node/extensionHostProcess.js:97:12687)
    at r.<anonymous> (/usr/share/code/resources/app/extensions/git/dist/main.js:2:1263418)
    at r.dispose (/usr/share/code/resources/app/out/vs/workbench/api/node/extensionHostProcess.js:97:12687)
    at I (/usr/share/code/resources/app/out/vs/workbench/api/node/extensionHostProcess.js:10:12083)
    at n.Z (/usr/share/code/resources/app/out/vs/workbench/api/node/extensionHostProcess.js:113:11285)
    at /usr/share/code/resources/app/out/vs/workbench/api/node/extensionHostProcess.js:113:9187
    at Array.map (<anonymous>)
    at n.S (/usr/share/code/resources/app/out/vs/workbench/api/node/extensionHostProcess.js:113:9175)
    at n.terminate (/usr/share/code/resources/app/out/vs/workbench/api/node/extensionHostProcess.js:113:9445)
    at h.terminate (/usr/share/code/resources/app/out/vs/workbench/api/node/extensionHostProcess.js:117:1544)
    at p (/usr/share/code/resources/app/out/vs/workbench/api/node/extensionHostProcess.js:127:34497)
    at MessagePortMain.<anonymous> (/usr/share/code/resources/app/out/vs/workbench/api/node/extensionHostProcess.js:127:30636)
    at MessagePortMain.emit (node:events:513:28)
    at Object.MessagePortMain._internalPort.emit (node:electron/js2c/utility_init:2:367) setContext undefined
2023-06-17 00:10:47.326 [error] Canceled: Canceled
    at new l (/usr/share/code/resources/app/out/vs/workbench/api/node/extensionHostProcess.js:99:105905)
    at s.O (/usr/share/code/resources/app/out/vs/workbench/api/node/extensionHostProcess.js:111:11754)
    at Proxy.$.<computed>.j.charCodeAt.$.<computed> (/usr/share/code/resources/app/out/vs/workbench/api/node/extensionHostProcess.js:111:9029)
    at e.ExtHostCommands.g (/usr/share/code/resources/app/out/vs/workbench/api/node/extensionHostProcess.js:99:130078)
    at e.ExtHostCommands.executeCommand (/usr/share/code/resources/app/out/vs/workbench/api/node/extensionHostProcess.js:99:129454)
    at k.registerCommand.description (/usr/share/code/resources/app/out/vs/workbench/api/node/extensionHostProcess.js:99:128747)
    at e.ExtHostCommands.h (/usr/share/code/resources/app/out/vs/workbench/api/node/extensionHostProcess.js:99:130664)
    at e.ExtHostCommands.g (/usr/share/code/resources/app/out/vs/workbench/api/node/extensionHostProcess.js:99:129554)
    at e.ExtHostCommands.executeCommand (/usr/share/code/resources/app/out/vs/workbench/api/node/extensionHostProcess.js:99:129454)
    at Object.executeCommand (/usr/share/code/resources/app/out/vs/workbench/api/node/extensionHostProcess.js:117:24230)
    at D (/usr/share/code/resources/app/extensions/git/dist/main.js:2:1261288)
    at b.invoke (/usr/share/code/resources/app/out/vs/workbench/api/node/extensionHostProcess.js:63:145)
    at deliver (/usr/share/code/resources/app/out/vs/workbench/api/node/extensionHostProcess.js:63:2121)
    at n.fire (/usr/share/code/resources/app/out/vs/workbench/api/node/extensionHostProcess.js:63:1729)
    at Object.m [as dispose] (/usr/share/code/resources/app/extensions/git/dist/main.js:2:1276121)
    at /usr/share/code/resources/app/extensions/git/dist/main.js:2:1280622
    at Array.forEach (<anonymous>)
    at g.dispose (/usr/share/code/resources/app/extensions/git/dist/main.js:2:1280608)
    at r.<anonymous> (/usr/share/code/resources/app/out/vs/workbench/api/node/extensionHostProcess.js:97:12552)
    at r.dispose (/usr/share/code/resources/app/out/vs/workbench/api/node/extensionHostProcess.js:97:12687)
    at r.<anonymous> (/usr/share/code/resources/app/extensions/git/dist/main.js:2:1263418)
    at r.dispose (/usr/share/code/resources/app/out/vs/workbench/api/node/extensionHostProcess.js:97:12687)
    at I (/usr/share/code/resources/app/out/vs/workbench/api/node/extensionHostProcess.js:10:12083)
    at n.Z (/usr/share/code/resources/app/out/vs/workbench/api/node/extensionHostProcess.js:113:11285)
    at /usr/share/code/resources/app/out/vs/workbench/api/node/extensionHostProcess.js:113:9187
    at Array.map (<anonymous>)
    at n.S (/usr/share/code/resources/app/out/vs/workbench/api/node/extensionHostProcess.js:113:9175)
    at n.terminate (/usr/share/code/resources/app/out/vs/workbench/api/node/extensionHostProcess.js:113:9445)
    at h.terminate (/usr/share/code/resources/app/out/vs/workbench/api/node/extensionHostProcess.js:117:1544)
    at p (/usr/share/code/resources/app/out/vs/workbench/api/node/extensionHostProcess.js:127:34497)
    at MessagePortMain.<anonymous> (/usr/share/code/resources/app/out/vs/workbench/api/node/extensionHostProcess.js:127:30636)
    at MessagePortMain.emit (node:events:513:28)
    at Object.MessagePortMain._internalPort.emit (node:electron/js2c/utility_init:2:367) setContext undefined
2023-06-17 00:10:47.327 [error] Canceled: Canceled
    at new l (/usr/share/code/resources/app/out/vs/workbench/api/node/extensionHostProcess.js:99:105905)
    at s.O (/usr/share/code/resources/app/out/vs/workbench/api/node/extensionHostProcess.js:111:11754)
    at Proxy.$.<computed>.j.charCodeAt.$.<computed> (/usr/share/code/resources/app/out/vs/workbench/api/node/extensionHostProcess.js:111:9029)
    at e.ExtHostCommands.g (/usr/share/code/resources/app/out/vs/workbench/api/node/extensionHostProcess.js:99:130078)
    at e.ExtHostCommands.executeCommand (/usr/share/code/resources/app/out/vs/workbench/api/node/extensionHostProcess.js:99:129454)
    at k.registerCommand.description (/usr/share/code/resources/app/out/vs/workbench/api/node/extensionHostProcess.js:99:128747)
    at e.ExtHostCommands.h (/usr/share/code/resources/app/out/vs/workbench/api/node/extensionHostProcess.js:99:130664)
    at e.ExtHostCommands.g (/usr/share/code/resources/app/out/vs/workbench/api/node/extensionHostProcess.js:99:129554)
    at e.ExtHostCommands.executeCommand (/usr/share/code/resources/app/out/vs/workbench/api/node/extensionHostProcess.js:99:129454)
    at Object.executeCommand (/usr/share/code/resources/app/out/vs/workbench/api/node/extensionHostProcess.js:117:24230)
    at D (/usr/share/code/resources/app/extensions/git/dist/main.js:2:1261288)
    at b.invoke (/usr/share/code/resources/app/out/vs/workbench/api/node/extensionHostProcess.js:63:145)
    at deliver (/usr/share/code/resources/app/out/vs/workbench/api/node/extensionHostProcess.js:63:2121)
    at n.fire (/usr/share/code/resources/app/out/vs/workbench/api/node/extensionHostProcess.js:63:1729)
    at Object.m [as dispose] (/usr/share/code/resources/app/extensions/git/dist/main.js:2:1276121)
    at /usr/share/code/resources/app/extensions/git/dist/main.js:2:1280622
    at Array.forEach (<anonymous>)
    at g.dispose (/usr/share/code/resources/app/extensions/git/dist/main.js:2:1280608)
    at r.<anonymous> (/usr/share/code/resources/app/out/vs/workbench/api/node/extensionHostProcess.js:97:12552)
    at r.dispose (/usr/share/code/resources/app/out/vs/workbench/api/node/extensionHostProcess.js:97:12687)
    at r.<anonymous> (/usr/share/code/resources/app/extensions/git/dist/main.js:2:1263418)
    at r.dispose (/usr/share/code/resources/app/out/vs/workbench/api/node/extensionHostProcess.js:97:12687)
    at I (/usr/share/code/resources/app/out/vs/workbench/api/node/extensionHostProcess.js:10:12083)
    at n.Z (/usr/share/code/resources/app/out/vs/workbench/api/node/extensionHostProcess.js:113:11285)
    at /usr/share/code/resources/app/out/vs/workbench/api/node/extensionHostProcess.js:113:9187
    at Array.map (<anonymous>)
    at n.S (/usr/share/code/resources/app/out/vs/workbench/api/node/extensionHostProcess.js:113:9175)
    at n.terminate (/usr/share/code/resources/app/out/vs/workbench/api/node/extensionHostProcess.js:113:9445)
    at h.terminate (/usr/share/code/resources/app/out/vs/workbench/api/node/extensionHostProcess.js:117:1544)
    at p (/usr/share/code/resources/app/out/vs/workbench/api/node/extensionHostProcess.js:127:34497)
    at MessagePortMain.<anonymous> (/usr/share/code/resources/app/out/vs/workbench/api/node/extensionHostProcess.js:127:30636)
    at MessagePortMain.emit (node:events:513:28)
    at Object.MessagePortMain._internalPort.emit (node:electron/js2c/utility_init:2:367) setContext undefined
2023-06-17 00:10:47.328 [error] Canceled: Canceled
    at new l (/usr/share/code/resources/app/out/vs/workbench/api/node/extensionHostProcess.js:99:105905)
    at s.O (/usr/share/code/resources/app/out/vs/workbench/api/node/extensionHostProcess.js:111:11754)
    at Proxy.$.<computed>.j.charCodeAt.$.<computed> (/usr/share/code/resources/app/out/vs/workbench/api/node/extensionHostProcess.js:111:9029)
    at e.ExtHostCommands.g (/usr/share/code/resources/app/out/vs/workbench/api/node/extensionHostProcess.js:99:130078)
    at e.ExtHostCommands.executeCommand (/usr/share/code/resources/app/out/vs/workbench/api/node/extensionHostProcess.js:99:129454)
    at k.registerCommand.description (/usr/share/code/resources/app/out/vs/workbench/api/node/extensionHostProcess.js:99:128747)
    at e.ExtHostCommands.h (/usr/share/code/resources/app/out/vs/workbench/api/node/extensionHostProcess.js:99:130664)
    at e.ExtHostCommands.g (/usr/share/code/resources/app/out/vs/workbench/api/node/extensionHostProcess.js:99:129554)
    at e.ExtHostCommands.executeCommand (/usr/share/code/resources/app/out/vs/workbench/api/node/extensionHostProcess.js:99:129454)
    at Object.executeCommand (/usr/share/code/resources/app/out/vs/workbench/api/node/extensionHostProcess.js:117:24230)
    at D (/usr/share/code/resources/app/extensions/git/dist/main.js:2:1261288)
    at b.invoke (/usr/share/code/resources/app/out/vs/workbench/api/node/extensionHostProcess.js:63:145)
    at deliver (/usr/share/code/resources/app/out/vs/workbench/api/node/extensionHostProcess.js:63:2121)
    at n.fire (/usr/share/code/resources/app/out/vs/workbench/api/node/extensionHostProcess.js:63:1729)
    at Object.m [as dispose] (/usr/share/code/resources/app/extensions/git/dist/main.js:2:1276121)
    at /usr/share/code/resources/app/extensions/git/dist/main.js:2:1280622
    at Array.forEach (<anonymous>)
    at g.dispose (/usr/share/code/resources/app/extensions/git/dist/main.js:2:1280608)
    at r.<anonymous> (/usr/share/code/resources/app/out/vs/workbench/api/node/extensionHostProcess.js:97:12552)
    at r.dispose (/usr/share/code/resources/app/out/vs/workbench/api/node/extensionHostProcess.js:97:12687)
    at r.<anonymous> (/usr/share/code/resources/app/extensions/git/dist/main.js:2:1263418)
    at r.dispose (/usr/share/code/resources/app/out/vs/workbench/api/node/extensionHostProcess.js:97:12687)
    at I (/usr/share/code/resources/app/out/vs/workbench/api/node/extensionHostProcess.js:10:12083)
    at n.Z (/usr/share/code/resources/app/out/vs/workbench/api/node/extensionHostProcess.js:113:11285)
    at /usr/share/code/resources/app/out/vs/workbench/api/node/extensionHostProcess.js:113:9187
    at Array.map (<anonymous>)
    at n.S (/usr/share/code/resources/app/out/vs/workbench/api/node/extensionHostProcess.js:113:9175)
    at n.terminate (/usr/share/code/resources/app/out/vs/workbench/api/node/extensionHostProcess.js:113:9445)
    at h.terminate (/usr/share/code/resources/app/out/vs/workbench/api/node/extensionHostProcess.js:117:1544)
    at p (/usr/share/code/resources/app/out/vs/workbench/api/node/extensionHostProcess.js:127:34497)
    at MessagePortMain.<anonymous> (/usr/share/code/resources/app/out/vs/workbench/api/node/extensionHostProcess.js:127:30636)
    at MessagePortMain.emit (node:events:513:28)
    at Object.MessagePortMain._internalPort.emit (node:electron/js2c/utility_init:2:367) setContext undefined
2023-06-17 00:10:47.329 [error] Canceled: Canceled
    at new l (/usr/share/code/resources/app/out/vs/workbench/api/node/extensionHostProcess.js:99:105905)
    at s.O (/usr/share/code/resources/app/out/vs/workbench/api/node/extensionHostProcess.js:111:11754)
    at Proxy.$.<computed>.j.charCodeAt.$.<computed> (/usr/share/code/resources/app/out/vs/workbench/api/node/extensionHostProcess.js:111:9029)
    at e.ExtHostCommands.g (/usr/share/code/resources/app/out/vs/workbench/api/node/extensionHostProcess.js:99:130078)
    at e.ExtHostCommands.executeCommand (/usr/share/code/resources/app/out/vs/workbench/api/node/extensionHostProcess.js:99:129454)
    at k.registerCommand.description (/usr/share/code/resources/app/out/vs/workbench/api/node/extensionHostProcess.js:99:128747)
    at e.ExtHostCommands.h (/usr/share/code/resources/app/out/vs/workbench/api/node/extensionHostProcess.js:99:130664)
    at e.ExtHostCommands.g (/usr/share/code/resources/app/out/vs/workbench/api/node/extensionHostProcess.js:99:129554)
    at e.ExtHostCommands.executeCommand (/usr/share/code/resources/app/out/vs/workbench/api/node/extensionHostProcess.js:99:129454)
    at Object.executeCommand (/usr/share/code/resources/app/out/vs/workbench/api/node/extensionHostProcess.js:117:24230)
    at D (/usr/share/code/resources/app/extensions/git/dist/main.js:2:1261288)
    at b.invoke (/usr/share/code/resources/app/out/vs/workbench/api/node/extensionHostProcess.js:63:145)
    at deliver (/usr/share/code/resources/app/out/vs/workbench/api/node/extensionHostProcess.js:63:2121)
    at n.fire (/usr/share/code/resources/app/out/vs/workbench/api/node/extensionHostProcess.js:63:1729)
    at Object.m [as dispose] (/usr/share/code/resources/app/extensions/git/dist/main.js:2:1276121)
    at /usr/share/code/resources/app/extensions/git/dist/main.js:2:1280622
    at Array.forEach (<anonymous>)
    at g.dispose (/usr/share/code/resources/app/extensions/git/dist/main.js:2:1280608)
    at r.<anonymous> (/usr/share/code/resources/app/out/vs/workbench/api/node/extensionHostProcess.js:97:12552)
    at r.dispose (/usr/share/code/resources/app/out/vs/workbench/api/node/extensionHostProcess.js:97:12687)
    at r.<anonymous> (/usr/share/code/resources/app/extensions/git/dist/main.js:2:1263418)
    at r.dispose (/usr/share/code/resources/app/out/vs/workbench/api/node/extensionHostProcess.js:97:12687)
    at I (/usr/share/code/resources/app/out/vs/workbench/api/node/extensionHostProcess.js:10:12083)
    at n.Z (/usr/share/code/resources/app/out/vs/workbench/api/node/extensionHostProcess.js:113:11285)
    at /usr/share/code/resources/app/out/vs/workbench/api/node/extensionHostProcess.js:113:9187
    at Array.map (<anonymous>)
    at n.S (/usr/share/code/resources/app/out/vs/workbench/api/node/extensionHostProcess.js:113:9175)
    at n.terminate (/usr/share/code/resources/app/out/vs/workbench/api/node/extensionHostProcess.js:113:9445)
    at h.terminate (/usr/share/code/resources/app/out/vs/workbench/api/node/extensionHostProcess.js:117:1544)
    at p (/usr/share/code/resources/app/out/vs/workbench/api/node/extensionHostProcess.js:127:34497)
    at MessagePortMain.<anonymous> (/usr/share/code/resources/app/out/vs/workbench/api/node/extensionHostProcess.js:127:30636)
    at MessagePortMain.emit (node:events:513:28)
    at Object.MessagePortMain._internalPort.emit (node:electron/js2c/utility_init:2:367) setContext undefined
2023-06-17 00:10:47.333 [error] Canceled: Canceled
    at new l (/usr/share/code/resources/app/out/vs/workbench/api/node/extensionHostProcess.js:99:105905)
    at s.O (/usr/share/code/resources/app/out/vs/workbench/api/node/extensionHostProcess.js:111:11754)
    at Proxy.$.<computed>.j.charCodeAt.$.<computed> (/usr/share/code/resources/app/out/vs/workbench/api/node/extensionHostProcess.js:111:9029)
    at e.ExtHostCommands.g (/usr/share/code/resources/app/out/vs/workbench/api/node/extensionHostProcess.js:99:130078)
    at e.ExtHostCommands.executeCommand (/usr/share/code/resources/app/out/vs/workbench/api/node/extensionHostProcess.js:99:129454)
    at k.registerCommand.description (/usr/share/code/resources/app/out/vs/workbench/api/node/extensionHostProcess.js:99:128747)
    at e.ExtHostCommands.h (/usr/share/code/resources/app/out/vs/workbench/api/node/extensionHostProcess.js:99:130664)
    at e.ExtHostCommands.g (/usr/share/code/resources/app/out/vs/workbench/api/node/extensionHostProcess.js:99:129554)
    at e.ExtHostCommands.executeCommand (/usr/share/code/resources/app/out/vs/workbench/api/node/extensionHostProcess.js:99:129454)
    at Object.executeCommand (/usr/share/code/resources/app/out/vs/workbench/api/node/extensionHostProcess.js:117:24230)
    at p.VscodeDevShareProvider.set b [as b] (/usr/share/code/resources/app/extensions/github/dist/extension.js:2:152873)
    at /usr/share/code/resources/app/extensions/github/dist/extension.js:2:153583
    at /usr/share/code/resources/app/extensions/git/dist/main.js:2:1348881
    at b.invoke (/usr/share/code/resources/app/out/vs/workbench/api/node/extensionHostProcess.js:63:145)
    at deliver (/usr/share/code/resources/app/out/vs/workbench/api/node/extensionHostProcess.js:63:2121)
    at n.fire (/usr/share/code/resources/app/out/vs/workbench/api/node/extensionHostProcess.js:63:1729)
    at Object.m [as dispose] (/usr/share/code/resources/app/extensions/git/dist/main.js:2:1276121)
    at /usr/share/code/resources/app/extensions/git/dist/main.js:2:1280622
    at Array.forEach (<anonymous>)
    at g.dispose (/usr/share/code/resources/app/extensions/git/dist/main.js:2:1280608)
    at r.<anonymous> (/usr/share/code/resources/app/out/vs/workbench/api/node/extensionHostProcess.js:97:12552)
    at r.dispose (/usr/share/code/resources/app/out/vs/workbench/api/node/extensionHostProcess.js:97:12687)
    at r.<anonymous> (/usr/share/code/resources/app/extensions/git/dist/main.js:2:1263418)
    at r.dispose (/usr/share/code/resources/app/out/vs/workbench/api/node/extensionHostProcess.js:97:12687)
    at I (/usr/share/code/resources/app/out/vs/workbench/api/node/extensionHostProcess.js:10:12083)
    at n.Z (/usr/share/code/resources/app/out/vs/workbench/api/node/extensionHostProcess.js:113:11285)
    at /usr/share/code/resources/app/out/vs/workbench/api/node/extensionHostProcess.js:113:9187
    at Array.map (<anonymous>)
    at n.S (/usr/share/code/resources/app/out/vs/workbench/api/node/extensionHostProcess.js:113:9175)
    at n.terminate (/usr/share/code/resources/app/out/vs/workbench/api/node/extensionHostProcess.js:113:9445)
    at h.terminate (/usr/share/code/resources/app/out/vs/workbench/api/node/extensionHostProcess.js:117:1544)
    at p (/usr/share/code/resources/app/out/vs/workbench/api/node/extensionHostProcess.js:127:34497)
    at MessagePortMain.<anonymous> (/usr/share/code/resources/app/out/vs/workbench/api/node/extensionHostProcess.js:127:30636)
    at MessagePortMain.emit (node:events:513:28)
    at Object.MessagePortMain._internalPort.emit (node:electron/js2c/utility_init:2:367) setContext undefined
2023-06-17 00:10:47.341 [info] Extension host with pid 29917 exiting with code 0
