2023-06-17 00:10:50.552 [info] Log level: Info
2023-06-17 00:10:50.552 [info] Validating found git in: "git"
2023-06-17 00:10:50.552 [info] Using git "2.40.1" from "git"
2023-06-17 00:10:50.552 [info] > git rev-parse --show-toplevel [5ms]
2023-06-17 00:10:50.553 [info] > git rev-parse --git-dir --git-common-dir [1ms]
2023-06-17 00:10:50.563 [info] Open repository: /home/seb/Dev/dotfiles
2023-06-17 00:10:50.586 [info] > git config --get commit.template [5ms]
2023-06-17 00:10:50.586 [info] > git rev-parse --show-toplevel [13ms]
2023-06-17 00:10:50.594 [info] > git rev-parse --show-toplevel [3ms]
2023-06-17 00:10:50.608 [info] > git rev-parse --git-dir --git-common-dir [8ms]
2023-06-17 00:10:50.612 [info] Open repository: /home/seb/Dev/dotfiles/.scripts
2023-06-17 00:10:50.629 [info] > git for-each-ref --format=%(refname)%00%(upstream:short)%00%(objectname)%00%(upstream:track)%00%(upstream:remotename)%00%(upstream:remoteref) refs/heads/main refs/remotes/main [22ms]
2023-06-17 00:10:50.639 [info] > git config --get commit.template [14ms]
2023-06-17 00:10:50.640 [info] > git rev-parse --show-toplevel [21ms]
2023-06-17 00:10:50.647 [info] > git rev-parse --git-dir --git-common-dir [2ms]
2023-06-17 00:10:50.653 [info] Open repository: /home/seb/Dev/dotfiles/.slimzsh
2023-06-17 00:10:50.670 [info] > git status -z -uall [34ms]
2023-06-17 00:10:50.687 [info] > git config --get commit.template [18ms]
2023-06-17 00:10:50.687 [info] > git for-each-ref --format %(refname) %(objectname) %(*objectname) refs/tags [25ms]
2023-06-17 00:10:50.694 [info] > git config --get commit.template [8ms]
2023-06-17 00:10:50.707 [info] > git status -z -uall [14ms]
2023-06-17 00:10:50.726 [info] > git for-each-ref --format=%(refname)%00%(upstream:short)%00%(objectname)%00%(upstream:track)%00%(upstream:remotename)%00%(upstream:remoteref) refs/heads/main refs/remotes/main [18ms]
2023-06-17 00:10:50.732 [info] > git for-each-ref --format %(refname) %(objectname) %(*objectname) refs/tags [31ms]
2023-06-17 00:10:50.740 [info] > git config --get commit.template [20ms]
2023-06-17 00:10:50.746 [info] > git status -z -uall [15ms]
2023-06-17 00:10:50.746 [info] > git status -z -uall [7ms]
2023-06-17 00:10:50.749 [info] > git for-each-ref --format %(refname) %(objectname) %(*objectname) refs/tags [4ms]
2023-06-17 00:10:50.763 [info] > git status -z -uall [9ms]
2023-06-17 00:10:50.765 [info] > git config --get commit.template [2ms]
2023-06-17 00:10:50.772 [info] > git for-each-ref --format %(refname) %(objectname) %(*objectname) refs/tags [1ms]
2023-06-17 00:10:50.784 [info] > git status -z -uall [8ms]
2023-06-17 00:10:51.291 [info] > git rev-parse --show-toplevel [1ms]
2023-06-17 00:10:51.297 [info] > git rev-parse --git-dir --git-common-dir [1ms]
2023-06-17 00:10:51.300 [info] Open repository: /home/seb/Dev/dotfiles/.slimzsh/pure
2023-06-17 00:10:51.312 [info] > git rev-parse --show-toplevel [6ms]
2023-06-17 00:10:51.317 [info] > git config --get commit.template [6ms]
2023-06-17 00:10:51.322 [info] > git rev-parse --git-dir --git-common-dir [6ms]
2023-06-17 00:10:51.325 [info] Open repository: /home/seb/Dev/dotfiles/.slimzsh/fast-syntax-highlighting
2023-06-17 00:10:51.332 [info] > git for-each-ref --format %(refname) %(objectname) %(*objectname) refs/tags [10ms]
2023-06-17 00:10:51.338 [info] > git config --get commit.template [8ms]
2023-06-17 00:10:51.344 [info] > git status -z -uall [7ms]
2023-06-17 00:10:51.359 [info] > git for-each-ref --format %(refname) %(objectname) %(*objectname) refs/tags [16ms]
2023-06-17 00:10:51.364 [info] > git config --get commit.template [10ms]
2023-06-17 00:10:51.370 [info] > git status -z -uall [5ms]
2023-06-17 00:10:51.379 [info] > git for-each-ref --format %(refname) %(objectname) %(*objectname) refs/tags [10ms]
2023-06-17 00:10:51.384 [info] > git config --get commit.template [6ms]
2023-06-17 00:10:51.391 [info] > git status -z -uall [7ms]
2023-06-17 00:10:51.394 [info] > git for-each-ref --format %(refname) %(objectname) %(*objectname) refs/tags [4ms]
2023-06-17 00:10:51.404 [info] > git status -z -uall [3ms]
2023-06-17 00:10:51.461 [info] > git check-ignore -v -z --stdin [12ms]
2023-06-17 00:10:51.469 [info] > git check-ignore -v -z --stdin [14ms]
2023-06-17 00:10:51.470 [info] > git check-ignore -v -z --stdin [10ms]
2023-06-17 00:10:53.560 [info] > git show --textconv :README.md [10ms]
2023-06-17 00:10:53.587 [info] > git ls-files --stage -- /home/seb/Dev/dotfiles/README.md [27ms]
2023-06-17 00:10:53.594 [info] > git cat-file -s 718f4ccfb4a18f94b3a4f0ea2d45ad29ea8916ce [2ms]
2023-06-17 00:11:38.674 [info] > git config --get commit.template [1ms]
2023-06-17 00:11:38.687 [info] > git ls-files --stage -- /home/seb/Dev/dotfiles/README.md [6ms]
2023-06-17 00:11:38.692 [info] > git for-each-ref --format=%(refname)%00%(upstream:short)%00%(objectname)%00%(upstream:track)%00%(upstream:remotename)%00%(upstream:remoteref) refs/heads/main refs/remotes/main [6ms]
2023-06-17 00:11:38.698 [info] > git cat-file -s 718f4ccfb4a18f94b3a4f0ea2d45ad29ea8916ce [7ms]
2023-06-17 00:11:38.706 [info] > git show --textconv :README.md [1ms]
2023-06-17 00:11:38.710 [info] > git status -z -uall [13ms]
2023-06-17 00:11:40.546 [info] > git show --textconv :.gitmodules [18ms]
2023-06-17 00:11:40.549 [info] > git ls-files --stage -- /home/seb/Dev/dotfiles/.gitmodules [5ms]
2023-06-17 00:11:40.559 [info] > git cat-file -s 39450a78719f8be68dc0807be134c9d0fc0a404f [3ms]
2023-06-17 00:11:43.732 [info] > git config --get commit.template [10ms]
2023-06-17 00:11:43.733 [info] > git for-each-ref --format=%(refname)%00%(upstream:short)%00%(objectname)%00%(upstream:track)%00%(upstream:remotename)%00%(upstream:remoteref) refs/heads/main refs/remotes/main [3ms]
2023-06-17 00:11:43.752 [info] > git status -z -uall [12ms]
2023-06-17 00:11:43.942 [info] > git show --textconv :.gitignore [15ms]
2023-06-17 00:11:43.944 [info] > git ls-files --stage -- /home/seb/Dev/dotfiles/.gitignore [3ms]
2023-06-17 00:11:43.956 [info] > git cat-file -s 32df783d4f461e9754ab46e6159dfc4596434f12 [3ms]
2023-06-17 00:11:56.272 [info] > git check-ignore -v -z --stdin [10ms]
2023-06-17 00:11:56.273 [info] > git check-ignore -v -z --stdin [6ms]
2023-06-17 00:11:56.273 [info] > git check-ignore -v -z --stdin [2ms]
2023-06-17 00:11:56.699 [info] > git config --get commit.template [6ms]
2023-06-17 00:11:56.700 [info] > git for-each-ref --format=%(refname)%00%(upstream:short)%00%(objectname)%00%(upstream:track)%00%(upstream:remotename)%00%(upstream:remoteref) refs/heads/main refs/remotes/main [1ms]
2023-06-17 00:11:56.720 [info] > git status -z -uall [14ms]
2023-06-17 00:12:07.988 [info] > git config --get commit.template [9ms]
2023-06-17 00:12:07.989 [info] > git for-each-ref --format=%(refname)%00%(upstream:short)%00%(objectname)%00%(upstream:track)%00%(upstream:remotename)%00%(upstream:remoteref) refs/heads/main refs/remotes/main [2ms]
2023-06-17 00:12:08.020 [info] > git status -z -uall [23ms]
2023-06-17 00:12:08.122 [info] > git ls-files --stage -- /home/seb/Dev/dotfiles/.gitmodules [18ms]
2023-06-17 00:12:08.131 [info] > git ls-files --stage -- /home/seb/Dev/dotfiles/README.md [42ms]
2023-06-17 00:12:08.155 [info] > git cat-file -s 718f4ccfb4a18f94b3a4f0ea2d45ad29ea8916ce [16ms]
2023-06-17 00:12:08.155 [info] > git cat-file -s 39450a78719f8be68dc0807be134c9d0fc0a404f [25ms]
2023-06-17 00:12:08.156 [info] > git ls-files --stage -- /home/seb/Dev/dotfiles/.gitignore [40ms]
2023-06-17 00:12:08.171 [info] > git show --textconv :README.md [6ms]
2023-06-17 00:12:08.172 [info] > git cat-file -s 32df783d4f461e9754ab46e6159dfc4596434f12 [12ms]
2023-06-17 00:12:08.173 [info] > git show --textconv :.gitmodules [2ms]
2023-06-17 00:12:08.181 [info] > git show --textconv :.gitignore [1ms]
2023-06-17 00:12:09.751 [info] > git ls-files --stage -- /home/seb/Dev/dotfiles/.gitmodules [6ms]
2023-06-17 00:12:09.755 [info] > git ls-files --stage -- /home/seb/Dev/dotfiles/README.md [18ms]
2023-06-17 00:12:09.759 [info] > git cat-file -s 39450a78719f8be68dc0807be134c9d0fc0a404f [5ms]
2023-06-17 00:12:09.760 [info] > git ls-files --stage -- /home/seb/Dev/dotfiles/.gitignore [11ms]
2023-06-17 00:12:09.765 [info] > git cat-file -s 718f4ccfb4a18f94b3a4f0ea2d45ad29ea8916ce [7ms]
2023-06-17 00:12:09.770 [info] > git cat-file -s 32df783d4f461e9754ab46e6159dfc4596434f12 [6ms]
2023-06-17 00:12:09.771 [info] > git show --textconv :.gitmodules [1ms]
2023-06-17 00:12:09.782 [info] > git show --textconv :README.md [6ms]
2023-06-17 00:12:09.783 [info] > git show --textconv :.gitignore [2ms]
2023-06-17 00:12:13.055 [info] > git config --get commit.template [15ms]
2023-06-17 00:12:13.057 [info] > git for-each-ref --format=%(refname)%00%(upstream:short)%00%(objectname)%00%(upstream:track)%00%(upstream:remotename)%00%(upstream:remoteref) refs/heads/main refs/remotes/main [3ms]
2023-06-17 00:12:13.097 [info] > git status -z -uall [29ms]
2023-06-17 00:12:22.728 [info] > git config --get commit.template [5ms]
2023-06-17 00:12:22.729 [info] > git for-each-ref --format=%(refname)%00%(upstream:short)%00%(objectname)%00%(upstream:track)%00%(upstream:remotename)%00%(upstream:remoteref) refs/heads/main refs/remotes/main [2ms]
2023-06-17 00:12:22.746 [info] > git status -z -uall [13ms]
2023-06-17 00:12:22.861 [info] > git ls-files --stage -- /home/seb/Dev/dotfiles/.gitmodules [22ms]
2023-06-17 00:12:22.872 [info] > git ls-files --stage -- /home/seb/Dev/dotfiles/README.md [46ms]
2023-06-17 00:12:22.881 [info] > git cat-file -s 39450a78719f8be68dc0807be134c9d0fc0a404f [10ms]
2023-06-17 00:12:22.882 [info] > git ls-files --stage -- /home/seb/Dev/dotfiles/.gitignore [30ms]
2023-06-17 00:12:22.889 [info] > git cat-file -s 718f4ccfb4a18f94b3a4f0ea2d45ad29ea8916ce [9ms]
2023-06-17 00:12:22.895 [info] > git cat-file -s bd8cc66b5e155dce11a014c0a05b816f8b7a96be [7ms]
2023-06-17 00:12:22.903 [info] > git show --textconv :.gitmodules [8ms]
2023-06-17 00:12:22.911 [info] > git show --textconv :README.md [9ms]
2023-06-17 00:12:22.912 [info] > git show --textconv :.gitignore [2ms]
2023-06-17 00:12:25.048 [info] > git ls-files --stage -- /home/seb/Dev/dotfiles/.gitmodules [8ms]
2023-06-17 00:12:25.053 [info] > git ls-files --stage -- /home/seb/Dev/dotfiles/README.md [17ms]
2023-06-17 00:12:25.058 [info] > git cat-file -s 39450a78719f8be68dc0807be134c9d0fc0a404f [6ms]
2023-06-17 00:12:25.058 [info] > git ls-files --stage -- /home/seb/Dev/dotfiles/.gitignore [13ms]
2023-06-17 00:12:25.064 [info] > git cat-file -s 718f4ccfb4a18f94b3a4f0ea2d45ad29ea8916ce [7ms]
2023-06-17 00:12:25.070 [info] > git cat-file -s bd8cc66b5e155dce11a014c0a05b816f8b7a96be [7ms]
2023-06-17 00:12:25.078 [info] > git show --textconv :.gitmodules [7ms]
2023-06-17 00:12:25.085 [info] > git show --textconv :README.md [8ms]
2023-06-17 00:12:25.086 [info] > git show --textconv :.gitignore [2ms]
2023-06-17 00:12:26.541 [info] > git ls-files --stage -- /home/seb/Dev/dotfiles/.gitmodules [7ms]
2023-06-17 00:12:26.547 [info] > git ls-files --stage -- /home/seb/Dev/dotfiles/README.md [22ms]
2023-06-17 00:12:26.557 [info] > git cat-file -s 39450a78719f8be68dc0807be134c9d0fc0a404f [10ms]
2023-06-17 00:12:26.558 [info] > git ls-files --stage -- /home/seb/Dev/dotfiles/.gitignore [18ms]
2023-06-17 00:12:26.565 [info] > git cat-file -s 718f4ccfb4a18f94b3a4f0ea2d45ad29ea8916ce [10ms]
2023-06-17 00:12:26.573 [info] > git cat-file -s bd8cc66b5e155dce11a014c0a05b816f8b7a96be [9ms]
2023-06-17 00:12:26.574 [info] > git show --textconv :.gitmodules [2ms]
2023-06-17 00:12:26.590 [info] > git show --textconv :README.md [9ms]
2023-06-17 00:12:26.591 [info] > git show --textconv :.gitignore [2ms]
2023-06-17 00:13:29.039 [info] > git config --get commit.template [1ms]
2023-06-17 00:13:29.047 [info] > git for-each-ref --format=%(refname)%00%(upstream:short)%00%(objectname)%00%(upstream:track)%00%(upstream:remotename)%00%(upstream:remoteref) refs/heads/main refs/remotes/main [2ms]
2023-06-17 00:13:29.066 [info] > git status -z -uall [12ms]
2023-06-17 00:13:54.601 [info] > git check-ignore -v -z --stdin [31ms]
2023-06-17 00:13:54.603 [info] > git check-ignore -v -z --stdin [18ms]
2023-06-17 00:13:54.603 [info] > git check-ignore -v -z --stdin [5ms]
2023-06-17 00:13:55.032 [info] > git config --get commit.template [11ms]
2023-06-17 00:13:55.033 [info] > git for-each-ref --format=%(refname)%00%(upstream:short)%00%(objectname)%00%(upstream:track)%00%(upstream:remotename)%00%(upstream:remoteref) refs/heads/main refs/remotes/main [3ms]
2023-06-17 00:13:55.063 [info] > git status -z -uall [21ms]
2023-06-17 00:14:06.226 [info] > git config --get commit.template [5ms]
2023-06-17 00:14:06.227 [info] > git for-each-ref --format=%(refname)%00%(upstream:short)%00%(objectname)%00%(upstream:track)%00%(upstream:remotename)%00%(upstream:remoteref) refs/heads/main refs/remotes/main [1ms]
2023-06-17 00:14:06.249 [info] > git status -z -uall [17ms]
2023-06-17 00:14:06.358 [info] > git ls-files --stage -- /home/seb/Dev/dotfiles/.gitmodules [15ms]
2023-06-17 00:14:06.370 [info] > git ls-files --stage -- /home/seb/Dev/dotfiles/README.md [39ms]
2023-06-17 00:14:06.380 [info] > git cat-file -s 39450a78719f8be68dc0807be134c9d0fc0a404f [11ms]
2023-06-17 00:14:06.381 [info] > git ls-files --stage -- /home/seb/Dev/dotfiles/.gitignore [26ms]
2023-06-17 00:14:06.388 [info] > git cat-file -s 718f4ccfb4a18f94b3a4f0ea2d45ad29ea8916ce [10ms]
2023-06-17 00:14:06.394 [info] > git cat-file -s 378c3b1b0dca7853ff4d3c097de7d3551b2ac19f [7ms]
2023-06-17 00:14:06.395 [info] > git show --textconv :.gitmodules [2ms]
2023-06-17 00:14:06.406 [info] > git show --textconv :README.md [6ms]
2023-06-17 00:14:06.407 [info] > git show --textconv :.gitignore [2ms]
