2023-06-17 00:10:50.065 [info] Extension host with pid 31268 started
2023-06-17 00:10:50.065 [info] Skipping acquiring lock for /home/seb/.config/Code/User/workspaceStorage/4e81ddb0803f59bdf81b13609911e307.
2023-06-17 00:10:50.292 [info] ExtensionService#_doActivateExtension vscode.emmet, startup: false, activationEvent: 'onLanguage'
2023-06-17 00:10:50.300 [info] ExtensionService#_doActivateExtension vscode.github-authentication, startup: false, activationEvent: 'onAuthenticationRequest:github'
2023-06-17 00:10:50.345 [info] ExtensionService#_doActivateExtension vscode.git-base, startup: true, activationEvent: '*', root cause: vscode.git
2023-06-17 00:10:50.347 [info] ExtensionService#_doActivateExtension christian-kohler.path-intellisense, startup: true, activationEvent: '*'
2023-06-17 00:10:50.358 [info] ExtensionService#_doActivateExtension formulahendry.auto-close-tag, startup: true, activationEvent: '*'
2023-06-17 00:10:50.360 [info] ExtensionService#_doActivateExtension formulahendry.auto-rename-tag, startup: true, activationEvent: '*'
2023-06-17 00:10:50.412 [info] ExtensionService#_doActivateExtension vscode.git, startup: true, activationEvent: '*'
2023-06-17 00:10:50.440 [info] ExtensionService#_doActivateExtension vscode.github, startup: true, activationEvent: '*'
2023-06-17 00:10:50.445 [info] ExtensionService#_doActivateExtension vscode.microsoft-authentication, startup: false, activationEvent: 'onAuthenticationRequest:microsoft'
2023-06-17 00:10:50.628 [info] Eager extensions activated
2023-06-17 00:10:50.944 [info] ExtensionService#_doActivateExtension vscode.debug-auto-launch, startup: false, activationEvent: 'onStartupFinished'
2023-06-17 00:10:50.945 [info] ExtensionService#_doActivateExtension vscode.merge-conflict, startup: false, activationEvent: 'onStartupFinished'
2023-06-17 00:10:51.462 [error] {"message":"Git error","stdout":"","stderr":"fatal: Pathspec '/home/seb/Dev/dotfiles/.scripts/pnpm.sh' is in submodule '.scripts'\n","exitCode":128,"gitErrorCode":"IsInSubmodule"}
2023-06-17 00:10:51.462 [error] {"message":"Git error","stdout":"","stderr":"fatal: Pathspec '/home/seb/Dev/dotfiles/.scripts/pnpm.sh' is in submodule '.scripts'\n","exitCode":128,"gitErrorCode":"IsInSubmodule"}
2023-06-17 00:10:51.462 [error] {"message":"Git error","stdout":"","stderr":"fatal: Pathspec '/home/seb/Dev/dotfiles/.scripts/pnpm.sh' is in submodule '.scripts'\n","exitCode":128,"gitErrorCode":"IsInSubmodule"}
2023-06-17 00:10:51.462 [error] {"message":"Git error","stdout":"","stderr":"fatal: Pathspec '/home/seb/Dev/dotfiles/.scripts/pnpm.sh' is in submodule '.scripts'\n","exitCode":128,"gitErrorCode":"IsInSubmodule"}
2023-06-17 00:10:51.462 [error] {"message":"Git error","stdout":"","stderr":"fatal: Pathspec '/home/seb/Dev/dotfiles/.scripts/pnpm.sh' is in submodule '.scripts'\n","exitCode":128,"gitErrorCode":"IsInSubmodule"}
2023-06-17 00:10:51.462 [error] {"message":"Git error","stdout":"","stderr":"fatal: Pathspec '/home/seb/Dev/dotfiles/.scripts/pnpm.sh' is in submodule '.scripts'\n","exitCode":128,"gitErrorCode":"IsInSubmodule"}
2023-06-17 00:10:51.462 [error] {"message":"Git error","stdout":"","stderr":"fatal: Pathspec '/home/seb/Dev/dotfiles/.scripts/pnpm.sh' is in submodule '.scripts'\n","exitCode":128,"gitErrorCode":"IsInSubmodule"}
2023-06-17 00:10:51.462 [error] {"message":"Git error","stdout":"","stderr":"fatal: Pathspec '/home/seb/Dev/dotfiles/.scripts/pnpm.sh' is in submodule '.scripts'\n","exitCode":128,"gitErrorCode":"IsInSubmodule"}
2023-06-17 00:10:51.462 [error] {"message":"Git error","stdout":"","stderr":"fatal: Pathspec '/home/seb/Dev/dotfiles/.scripts/pnpm.sh' is in submodule '.scripts'\n","exitCode":128,"gitErrorCode":"IsInSubmodule"}
2023-06-17 00:10:51.462 [error] {"message":"Git error","stdout":"","stderr":"fatal: Pathspec '/home/seb/Dev/dotfiles/.scripts/pnpm.sh' is in submodule '.scripts'\n","exitCode":128,"gitErrorCode":"IsInSubmodule"}
2023-06-17 00:10:51.463 [error] {"message":"Git error","stdout":"","stderr":"fatal: Pathspec '/home/seb/Dev/dotfiles/.scripts/pnpm.sh' is in submodule '.scripts'\n","exitCode":128,"gitErrorCode":"IsInSubmodule"}
2023-06-17 00:10:51.463 [error] {"message":"Git error","stdout":"","stderr":"fatal: Pathspec '/home/seb/Dev/dotfiles/.scripts/pnpm.sh' is in submodule '.scripts'\n","exitCode":128,"gitErrorCode":"IsInSubmodule"}
2023-06-17 00:10:51.463 [error] {"message":"Git error","stdout":"","stderr":"fatal: Pathspec '/home/seb/Dev/dotfiles/.scripts/pnpm.sh' is in submodule '.scripts'\n","exitCode":128,"gitErrorCode":"IsInSubmodule"}
2023-06-17 00:10:51.463 [error] {"message":"Git error","stdout":"","stderr":"fatal: Pathspec '/home/seb/Dev/dotfiles/.scripts/pnpm.sh' is in submodule '.scripts'\n","exitCode":128,"gitErrorCode":"IsInSubmodule"}
2023-06-17 00:10:51.463 [error] {"message":"Git error","stdout":"","stderr":"fatal: Pathspec '/home/seb/Dev/dotfiles/.scripts/pnpm.sh' is in submodule '.scripts'\n","exitCode":128,"gitErrorCode":"IsInSubmodule"}
2023-06-17 00:10:51.463 [error] {"message":"Git error","stdout":"","stderr":"fatal: Pathspec '/home/seb/Dev/dotfiles/.scripts/pnpm.sh' is in submodule '.scripts'\n","exitCode":128,"gitErrorCode":"IsInSubmodule"}
2023-06-17 00:10:51.463 [error] {"message":"Git error","stdout":"","stderr":"fatal: Pathspec '/home/seb/Dev/dotfiles/.scripts/pnpm.sh' is in submodule '.scripts'\n","exitCode":128,"gitErrorCode":"IsInSubmodule"}
2023-06-17 00:10:51.463 [error] {"message":"Git error","stdout":"","stderr":"fatal: Pathspec '/home/seb/Dev/dotfiles/.scripts/pnpm.sh' is in submodule '.scripts'\n","exitCode":128,"gitErrorCode":"IsInSubmodule"}
2023-06-17 00:10:51.463 [error] {"message":"Git error","stdout":"","stderr":"fatal: Pathspec '/home/seb/Dev/dotfiles/.scripts/pnpm.sh' is in submodule '.scripts'\n","exitCode":128,"gitErrorCode":"IsInSubmodule"}
2023-06-17 00:10:51.463 [error] {"message":"Git error","stdout":"","stderr":"fatal: Pathspec '/home/seb/Dev/dotfiles/.scripts/pnpm.sh' is in submodule '.scripts'\n","exitCode":128,"gitErrorCode":"IsInSubmodule"}
2023-06-17 00:10:51.463 [error] {"message":"Git error","stdout":"","stderr":"fatal: Pathspec '/home/seb/Dev/dotfiles/.scripts/pnpm.sh' is in submodule '.scripts'\n","exitCode":128,"gitErrorCode":"IsInSubmodule"}
2023-06-17 00:10:51.463 [error] {"message":"Git error","stdout":"","stderr":"fatal: Pathspec '/home/seb/Dev/dotfiles/.scripts/pnpm.sh' is in submodule '.scripts'\n","exitCode":128,"gitErrorCode":"IsInSubmodule"}
2023-06-17 00:10:51.463 [error] {"message":"Git error","stdout":"","stderr":"fatal: Pathspec '/home/seb/Dev/dotfiles/.scripts/pnpm.sh' is in submodule '.scripts'\n","exitCode":128,"gitErrorCode":"IsInSubmodule"}
2023-06-17 00:10:51.463 [error] {"message":"Git error","stdout":"","stderr":"fatal: Pathspec '/home/seb/Dev/dotfiles/.scripts/pnpm.sh' is in submodule '.scripts'\n","exitCode":128,"gitErrorCode":"IsInSubmodule"}
2023-06-17 00:10:51.463 [error] {"message":"Git error","stdout":"","stderr":"fatal: Pathspec '/home/seb/Dev/dotfiles/.scripts/pnpm.sh' is in submodule '.scripts'\n","exitCode":128,"gitErrorCode":"IsInSubmodule"}
2023-06-17 00:10:51.463 [error] {"message":"Git error","stdout":"","stderr":"fatal: Pathspec '/home/seb/Dev/dotfiles/.scripts/pnpm.sh' is in submodule '.scripts'\n","exitCode":128,"gitErrorCode":"IsInSubmodule"}
2023-06-17 00:10:51.463 [error] {"message":"Git error","stdout":"","stderr":"fatal: Pathspec '/home/seb/Dev/dotfiles/.scripts/pnpm.sh' is in submodule '.scripts'\n","exitCode":128,"gitErrorCode":"IsInSubmodule"}
2023-06-17 00:10:51.463 [error] {"message":"Git error","stdout":"","stderr":"fatal: Pathspec '/home/seb/Dev/dotfiles/.scripts/pnpm.sh' is in submodule '.scripts'\n","exitCode":128,"gitErrorCode":"IsInSubmodule"}
2023-06-17 00:10:51.463 [error] {"message":"Git error","stdout":"","stderr":"fatal: Pathspec '/home/seb/Dev/dotfiles/.scripts/pnpm.sh' is in submodule '.scripts'\n","exitCode":128,"gitErrorCode":"IsInSubmodule"}
2023-06-17 00:10:51.463 [error] {"message":"Git error","stdout":"","stderr":"fatal: Pathspec '/home/seb/Dev/dotfiles/.scripts/pnpm.sh' is in submodule '.scripts'\n","exitCode":128,"gitErrorCode":"IsInSubmodule"}
2023-06-17 00:10:51.463 [error] {"message":"Git error","stdout":"","stderr":"fatal: Pathspec '/home/seb/Dev/dotfiles/.scripts/pnpm.sh' is in submodule '.scripts'\n","exitCode":128,"gitErrorCode":"IsInSubmodule"}
2023-06-17 00:10:51.463 [error] {"message":"Git error","stdout":"","stderr":"fatal: Pathspec '/home/seb/Dev/dotfiles/.scripts/pnpm.sh' is in submodule '.scripts'\n","exitCode":128,"gitErrorCode":"IsInSubmodule"}
2023-06-17 00:10:51.463 [error] {"message":"Git error","stdout":"","stderr":"fatal: Pathspec '/home/seb/Dev/dotfiles/.scripts/pnpm.sh' is in submodule '.scripts'\n","exitCode":128,"gitErrorCode":"IsInSubmodule"}
2023-06-17 00:10:51.463 [error] {"message":"Git error","stdout":"","stderr":"fatal: Pathspec '/home/seb/Dev/dotfiles/.scripts/pnpm.sh' is in submodule '.scripts'\n","exitCode":128,"gitErrorCode":"IsInSubmodule"}
2023-06-17 00:10:51.463 [error] {"message":"Git error","stdout":"","stderr":"fatal: Pathspec '/home/seb/Dev/dotfiles/.scripts/pnpm.sh' is in submodule '.scripts'\n","exitCode":128,"gitErrorCode":"IsInSubmodule"}
2023-06-17 00:10:51.463 [error] {"message":"Git error","stdout":"","stderr":"fatal: Pathspec '/home/seb/Dev/dotfiles/.scripts/pnpm.sh' is in submodule '.scripts'\n","exitCode":128,"gitErrorCode":"IsInSubmodule"}
2023-06-17 00:10:51.463 [error] {"message":"Git error","stdout":"","stderr":"fatal: Pathspec '/home/seb/Dev/dotfiles/.scripts/pnpm.sh' is in submodule '.scripts'\n","exitCode":128,"gitErrorCode":"IsInSubmodule"}
2023-06-17 00:10:51.463 [error] {"message":"Git error","stdout":"","stderr":"fatal: Pathspec '/home/seb/Dev/dotfiles/.scripts/pnpm.sh' is in submodule '.scripts'\n","exitCode":128,"gitErrorCode":"IsInSubmodule"}
2023-06-17 00:10:51.463 [error] {"message":"Git error","stdout":"","stderr":"fatal: Pathspec '/home/seb/Dev/dotfiles/.scripts/pnpm.sh' is in submodule '.scripts'\n","exitCode":128,"gitErrorCode":"IsInSubmodule"}
2023-06-17 00:10:52.465 [error] {"message":"Git error","stdout":"","stderr":"fatal: Pathspec '/home/seb/Dev/dotfiles/.scripts/pnpm.sh' is in submodule '.scripts'\n","exitCode":128,"gitErrorCode":"IsInSubmodule"}
2023-06-17 00:10:52.465 [error] {"message":"Git error","stdout":"","stderr":"fatal: Pathspec '/home/seb/Dev/dotfiles/.scripts/pnpm.sh' is in submodule '.scripts'\n","exitCode":128,"gitErrorCode":"IsInSubmodule"}
2023-06-17 00:10:52.466 [error] {"message":"Git error","stdout":"","stderr":"fatal: Pathspec '/home/seb/Dev/dotfiles/.scripts/pnpm.sh' is in submodule '.scripts'\n","exitCode":128,"gitErrorCode":"IsInSubmodule"}
2023-06-17 00:10:52.466 [error] {"message":"Git error","stdout":"","stderr":"fatal: Pathspec '/home/seb/Dev/dotfiles/.scripts/pnpm.sh' is in submodule '.scripts'\n","exitCode":128,"gitErrorCode":"IsInSubmodule"}
2023-06-17 00:10:52.466 [error] {"message":"Git error","stdout":"","stderr":"fatal: Pathspec '/home/seb/Dev/dotfiles/.scripts/pnpm.sh' is in submodule '.scripts'\n","exitCode":128,"gitErrorCode":"IsInSubmodule"}
2023-06-17 00:10:52.467 [error] {"message":"Git error","stdout":"","stderr":"fatal: Pathspec '/home/seb/Dev/dotfiles/.scripts/pnpm.sh' is in submodule '.scripts'\n","exitCode":128,"gitErrorCode":"IsInSubmodule"}
2023-06-17 00:10:52.467 [error] {"message":"Git error","stdout":"","stderr":"fatal: Pathspec '/home/seb/Dev/dotfiles/.scripts/pnpm.sh' is in submodule '.scripts'\n","exitCode":128,"gitErrorCode":"IsInSubmodule"}
2023-06-17 00:10:52.468 [error] {"message":"Git error","stdout":"","stderr":"fatal: Pathspec '/home/seb/Dev/dotfiles/.scripts/pnpm.sh' is in submodule '.scripts'\n","exitCode":128,"gitErrorCode":"IsInSubmodule"}
2023-06-17 00:10:52.468 [error] {"message":"Git error","stdout":"","stderr":"fatal: Pathspec '/home/seb/Dev/dotfiles/.scripts/pnpm.sh' is in submodule '.scripts'\n","exitCode":128,"gitErrorCode":"IsInSubmodule"}
2023-06-17 00:10:52.897 [info] ExtensionService#_doActivateExtension vscode.extension-editing, startup: false, activationEvent: 'onLanguage:markdown'
2023-06-17 00:10:52.902 [info] ExtensionService#_doActivateExtension vscode.markdown-language-features, startup: false, activationEvent: 'onLanguage:markdown'
2023-06-17 00:10:53.640 [info] ExtensionService#_doActivateExtension vscode.markdown-math, startup: false, activationEvent: 'api', root cause: vscode.markdown-language-features
2023-06-17 00:11:40.325 [info] ExtensionService#_doActivateExtension foxundermoon.shell-format, startup: false, activationEvent: 'onLanguage:properties'
